ispLEVER Auto-Make Log File
---------------------------

Updating: JEDEC File
Start to record tcl script...
Finished recording TCL script.

Starting: 'C:\ispLEVER_Classic1_7\ispcpld\BIN\ahdl2blf.exe "step1.abl" -mod lab8_skel -ojhd compile -def _PLSI_ _LATTICE_  -err automake.err -gui'

AHDL2BLF  ABEL-HDL Processor
ispLEVER Classic 1.7 Copyright(C), 1992-2005, Lattice Semiconductor Corporation. All rights reserved
Portions Copyright(c), 1992-1999, Vantis Corporation
Portions Copyright(C), 1993-1998, Data I/O Corporation
Portions Copyright(C), 1997-1998, MINC Washington Corporation
Portions Copyright(C), Alan Phillips, Lancaster University Computer Centre 1992-1998
Module: 'lab8_skel'

  Processing equations...

  Module parsing complete. Building logic network...

  Creating Open-ABEL 2 (BLIF) file lab8_skel.bl0...



Module 'lab8_skel' processing complete.

AHDL2BLF complete - 0 errors, 0 warnings. Time: 1 seconds

Done: completed successfully.

Starting: 'C:\ispLEVER_Classic1_7\ispcpld\BIN\iblifopt.exe "lab8_skel.bl0" -red bypin choose -collapse -pterms 8 -family -err automake.err -gui'

BLIFOPT  Open-ABEL Optimizer 
ispLEVER Classic 1.7 Copyright(C), 1992-2005, Lattice Semiconductor Corporation. All rights reserved
Portions Copyright(c), 1992-1999, Vantis Corporation
Portions Copyright(C), 1993-1998, Data I/O Corporation
Portions Copyright(C), 1997-1998, MINC Washington Corporation
Portions Copyright(C), Alan Phillips, Lancaster University Computer Centre 1992-1998
U.C. Berkeley, SIS Ver. 1.0, supported by Lattice Semiconductor Corp.
Reading Open-ABEL 2 file lab8_skel.bl0...
Performing 'bypin choose' optimization...
Writing Open-ABEL 2 (BLIF) file lab8_skel.bl1...

BLIFOPT complete - 0 errors, 0 warnings. Time: 1 seconds

Done: completed successfully.

Starting: 'C:\ispLEVER_Classic1_7\ispcpld\BIN\iblflink.exe "lab8_skel.bl1" -o "lab8.bl2" -omod lab8_skel -family -err automake.err -gui'

BLIFLINK  Top-Down Design Linker
ispLEVER Classic 1.7 Copyright(C), 1992-2005, Lattice Semiconductor Corporation. All rights reserved
Portions Copyright(c), 1992-1999, Vantis Corporation
Portions Copyright(C), 1993-1998, Data I/O Corporation
Portions Copyright(C), 1997-1998, MINC Washington Corporation
Portions Copyright(C), Alan Phillips, Lancaster University Computer Centre 1992-1998

Top-level file: 'lab8_skel.bl1'

Hierarchical BLIF: 'lab8.bl2'

BLIFLINK complete.  Time: 1 second 

Done: completed successfully.

Starting: 'C:\ispLEVER_Classic1_7\ispcpld\BIN\iblifopt.exe lab8.bl2 -red bypin choose -sweep -collapse all -pterms 8 -err automake.err -gui'

BLIFOPT  Open-ABEL Optimizer 
ispLEVER Classic 1.7 Copyright(C), 1992-2005, Lattice Semiconductor Corporation. All rights reserved
Portions Copyright(c), 1992-1999, Vantis Corporation
Portions Copyright(C), 1993-1998, Data I/O Corporation
Portions Copyright(C), 1997-1998, MINC Washington Corporation
Portions Copyright(C), Alan Phillips, Lancaster University Computer Centre 1992-1998
U.C. Berkeley, SIS Ver. 1.0, supported by Lattice Semiconductor Corp.
Reading Open-ABEL 2 file lab8.bl2...
Performing 'bypin choose' optimization...
Writing Open-ABEL 2 (BLIF) file lab8.bl3...

BLIFOPT complete - 0 errors, 0 warnings. Time: 1 seconds

Done: completed successfully.

Starting: 'C:\ispLEVER_Classic1_7\ispcpld\BIN\idiofft.exe lab8.bl3 -pla -o lab8.tt2 -dev p22v10g -define N -err automake.err -gui'

DIOFFT  Flip-Flop Transformation program
ispLEVER Classic 1.7 Copyright(C), 1992-2005, Lattice Semiconductor Corporation. All rights reserved
Portions Copyright(c), 1992-1999, Vantis Corporation
Portions Copyright(C), 1993-1998, Data I/O Corporation
Portions Copyright(C), 1997-1998, MINC Washington Corporation
Portions Copyright(C), Alan Phillips, Lancaster University Computer Centre 1992-1998
Input file: lab8.bl3.
Output file: lab8.tt2.
Cross reference file: lab8.xrf.

...
Shortening signal names...
Writing signal name cross reference file lab8.xrf... 

DIOFFT complete. - Time 0 seconds

Done: completed successfully.

Starting: 'C:\ispLEVER_Classic1_7\ispcpld\BIN\fit.exe lab8.tt2 -dev p22v10g -str -err automake.err -gui'

FIT  Generic Device Fitter
ispLEVER Classic 1.7 Copyright(C), 1992-2005, Lattice Semiconductor Corporation. All rights reserved
Portions Copyright(c), 1992-1999, Vantis Corporation
Portions Copyright(C), 1993-1998, Data I/O Corporation
Portions Copyright(C), 1997-1998, MINC Washington Corporation
Portions Copyright(C), Alan Phillips, Lancaster University Computer Centre 1992-1998
Input file: 'lab8.tt2'
Device 'p22v10g'
Design FITS
Pin-assigned pla: 'lab8.tt3'

FIT complete.  Time: 1 second.

Done: completed successfully.

Starting: 'C:\ispLEVER_Classic1_7\ispcpld\BIN\fuseasm.exe lab8.tt3 -dev p22v10g -o lab8.jed -ivec NoInput.tmv -rep lab8.rpt -doc brief -con ptblown -for brief -err automake.err -gui'

FUSEASM  Fusemap Assembler
ispLEVER Classic 1.7 Copyright(C), 1992-2005, Lattice Semiconductor Corporation. All rights reserved
Portions Copyright(c), 1992-1999, Vantis Corporation
Portions Copyright(C), 1993-1998, Data I/O Corporation
Portions Copyright(C), 1997-1998, MINC Washington Corporation
Portions Copyright(C), Alan Phillips, Lancaster University Computer Centre 1992-1998
Note 5144: Could not open vector file NoInput.tmv

Input file: 'lab8.tt3'
Device: 'P22V10G'
Building model...
Choosing best polarities...
Mapping equations...
.
17 of 132 terms used; 0 vectors loaded
Programmer load file: 'lab8.jed'
Generating report...
Report file: 'lab8.rpt'

FUSEASM complete.  Time: 1 second 

Done: completed successfully.
