|--------------------------------------------------------------|
|- ispLEVER Classic 1.7.00.05.28.13 Fitter Report File        -|
|- Copyright(C), 1992-2012, Lattice Semiconductor Corporation -|
|- All Rights Reserved.                                       -|
|--------------------------------------------------------------|




The Basic/Detailed Report Format can be selected in the dialog box
Tools->Fitter Report File Format...

Project_Summary
~~~~~~~~~~~~~~~
Project Name         :  island
Project Path         :  U:\ECE 270\lab practice\island
Project Fitted on    :  Tue Apr 25 20:15:30 2017

Device               :  M4256_96
Package              :  144
GLB Input Mux Size   :  33
Available Blocks     :  16
Speed                :  -5.8
Part Number          :  LC4256ZE-5TN144C
Source Format        :  ABEL_Schematic


// Project 'island' Fit Successfully! //


Compilation_Times
~~~~~~~~~~~~~~~~~
Prefit Time                     0 secs
Load Design Time                0.05 secs
Partition Time                  0.03 secs
Place Time                      0.02 secs
Route Time                      0.00 secs
Total Fit Time                  00:00:01


Design_Summary
~~~~~~~~~~~~~~
Total Input Pins                38
Total Logic Functions           58
  Total Output Pins             32
  Total Bidir I/O Pins          0
  Total Buried Nodes            26
Total Flip-Flops                46
  Total D Flip-Flops            46
  Total T Flip-Flops            0
  Total Latches                 0
Total Product Terms             388

Total Reserved Pins             0
Total Locked Pins               70
Total Locked Nodes              2

Total Unique Output Enables     0
Total Unique Clocks             6
Total Unique Clock Enables      0
Total Unique Resets             3
Total Unique Presets            4

Fmax Logic Levels               -


Device_Resource_Summary
~~~~~~~~~~~~~~~~~~~~~~~
                                 Device
                                 Total    Used   Not Used   Utilization
-----------------------------------------------------------------------
Dedicated Pins
  Clock/Input Pins                  4        0      4    -->     0
  Input-Only Pins                  10        0     10    -->     0
  I/O / Enable Pins                 2        2      0    -->   100
I/O Pins                           94       68     26    -->    72
Logic Functions                   256       57    199    -->    22
  Input Registers                  96        0     96    -->     0

GLB Inputs                        576      120    456    -->    20
Logical Product Terms            1280      309    971    -->    24
Occupied GLBs                      16       14      2    -->    87
Macrocells                        256       56    200    -->    21

Control Product Terms:
  GLB Clock/Clock Enables          16       10      6    -->    62
  GLB Reset/Presets                16        0     16    -->     0
  Macrocell Clocks                256        7    249    -->     2
  Macrocell Clock Enables         256        0    256    -->     0
  Macrocell Enables               256        0    256    -->     0
  Macrocell Resets                256        2    254    -->     0
  Macrocell Presets               256        2    254    -->     0

Global Routing Pool               356       38    318    -->    10
  GRP from IFB                     ..       12     ..    -->    ..
    (from input signals)           ..       12     ..    -->    ..
    (from output signals)          ..        0     ..    -->    ..
    (from bidir signals)           ..        0     ..    -->    ..
  GRP from MFB                     ..       26     ..    -->    ..
----------------------------------------------------------------------

<Note> 1 : The available PT is the product term that has not been used.
<Note> 2 : IFB is I/O feedback.
<Note> 3 : MFB is macrocell feedback.



GLB_Resource_Summary
~~~~~~~~~~~~~~~~~~~~
                                                                                     # of PT
               ---  Fanin  ---    I/O    Input  Macrocells       Macrocells   Logic  clusters
             Unique Shared Total  Pins    Regs Used Inaccessible  available    PTs   used
-------------------------------------------------------------------------------------------
Maximum
  GLB                      36      *(1)     8   --     --             16       80       16
-------------------------------------------------------------------------------------------
  GLB    A      2    10    12      5/6      0    6      0             10       19        6
  GLB    B      1     4     5      6/6      0    2      0             14        3        2
  GLB    C      0     0     0      0/6      0    1      0             15        0        1
  GLB    D      0     0     0      0/6      0    0      0             16        0        0
-------------------------------------------------------------------------------------------
  GLB    E      0     0     0      4/6      0    0      0             16        0        0
  GLB    F      3    11    14      6/6      0    5      0             11        9        5
  GLB    G     11     0    11      3/6      0    2     10              4       66       14
  GLB    H      0     0     0      6/6      0    0      0             16        0        0
-------------------------------------------------------------------------------------------
  GLB    I      1    12    13      6/6      0    5      9              2       65       15
  GLB    J      0     0     0      0/6      0    0      0             16        0        0
  GLB    K      0     9     9      6/6      0    4      0             12       13        5
  GLB    L      1    10    11      6/6      0    8      0              8       17        8
-------------------------------------------------------------------------------------------
  GLB    M      8     6    14      6/6      0   11      0              5       17       11
  GLB    N      8     0     8      6/6      0    1     11              4       75       15
  GLB    O      1     8     9      3/6      0    3      0             13       10        4
  GLB    P      6     8    14      5/6      0    8      0              8       15        8
-------------------------------------------------------------------------------------------
TOTALS:        42    78   120     68/96     0   56     30            170      309       94

<Note> 1 : For ispMACH 4000 devices, the number of IOs depends on the GLB.
<Note> 2 : Four rightmost columns above reflect last status of the placement process.



GLB_Control_Summary
~~~~~~~~~~~~~~~~~~~
           Shared Shared | Mcell  Mcell  Mcell  Mcell  Mcell 
           Clk/CE Rst/Pr | Clock  CE     Enable Reset  Preset
------------------------------------------------------------------------------
Maximum
  GLB        1      1        16     16     16     16     16  
==============================================================================
  GLB    A   1      0         4      0      0      0      0
  GLB    B   1      0         0      0      0      0      0
  GLB    C   0      0         0      0      0      0      0
  GLB    D   0      0         0      0      0      0      0
------------------------------------------------------------------------------
  GLB    E   0      0         0      0      0      0      0
  GLB    F   1      0         0      0      0      0      0
  GLB    G   1      0         0      0      0      0      0
  GLB    H   0      0         0      0      0      0      0
------------------------------------------------------------------------------
  GLB    I   1      0         3      0      0      2      2
  GLB    J   0      0         0      0      0      0      0
  GLB    K   1      0         0      0      0      0      0
  GLB    L   1      0         0      0      0      0      0
------------------------------------------------------------------------------
  GLB    M   1      0         0      0      0      0      0
  GLB    N   0      0         0      0      0      0      0
  GLB    O   1      0         0      0      0      0      0
  GLB    P   1      0         0      0      0      0      0
------------------------------------------------------------------------------

<Note> 1 : For ispMACH 4000 devices, the number of output enables depends on the GLB.



Optimizer_and_Fitter_Options
~~~~~~~~~~~~~~~~~~~~~~~~~~~~
Pin Assignment :                       Yes
Group Assignment :                     No
Pin Reservation :                      No

@Ignore_Project_Constraints :
  Pin Assignments :                    No
      Keep Block Assignment            --
      Keep Segment Assignment          --
  Group Assignments :                  No
  Macrocell Assignment :               No
      Keep Block Assignment            --
      Keep Segment Assignment          --

@Backannotate_Project_Constraints
  Pin Assignments :                    No
  Pin And Block Assignments :          No
  Pin, Macrocell and Block :           No

@Timing_Constraints :                  No

@Global_Project_Optimization :
  Balanced Partitioning :              Yes
  Spread Placement :                   Yes

  Note :
    Pack Design :
       Balanced Partitioning = No
       Spread Placement      = No
    Spread Design :
       Balanced Partitioning = Yes
       Spread Placement      = Yes


@Logic_Synthesis :
  Logic Reduction :                    Yes
  Node Collapsing :                    FMAX
  Fmax_Logic_Level :                   1
  D/T Synthesis :                      Yes
  XOR Synthesis :                      Yes
  Max. P-Term for Collapsing :         16
  Max. P-Term for Splitting :          80
  Max Symbols :                        24

@Utilization_options
  Max. % of Macrocells used :          100
@User_Signature                        
@IO_Types                              Default = LVCMOS18 (2)
@Output_Slew_Rate                      Default = FAST (2)
@Power                                 Default = HIGH (2)
@Pull                                  Default = PULLUP_DOWN (2)
@Input_Registers                       Default = None (2)
@Register_Powerup                      Default = None

Device Options:
<Note> 1 : Reserved unused I/Os can be independently driven to Low or High, and does not
           follow the drive level set for the Global Configure Unused I/O Option.
<Note> 2 : For user-specified constraints on individual signals, refer to the Output,
           Bidir and Buried Signal Lists.



OSCTIMER_Summary
~~~~~~~~~~~~~~~~
OSCTIMER:                         Pin/Node
  OSCTIMER Instance Name                    I1
  Dynamic Disable Signal                    osc_dis
  Timer Reset Signal                        _dup_osc_dis
  Oscillator Output Clock         mfb C-15  osc_out
  Timer Output Clock              mfb F-15  tmr_out

  Oscillator Output Clock Frequency         5.0000 MHz
  Timer Output Clock Frequency              4.7684 Hz
  Timer Divider                             1048576


Pinout_Listing
~~~~~~~~~~~~~~
      | Pin   | Bank |GLB |Assigned|                 | Signal|            | PG
Pin No| Type  |Number|Pad |Pin     |     I/O Type    | Type  | Signal name| Enable
-----------------------------------------------------------------------------------
1     | GND   |   -  |    |        |                 |       |            |
2     | TDI   |   -  |    |        |                 |       |            |
3     |VCCIO0 |   -  |    |        |                 |       |            |
4     |  I_O  |   0  |C12 |        |                 |       |            |
5     |  I_O  |   0  |C10 |        |                 |       |            |
6     |  I_O  |   0  |C8  |        |                 |       |            |
7     |  I_O  |   0  |C6  |        |                 |       |            |
8     |  I_O  |   0  |C4  |        |                 |       |            |
9     |  I_O  |   0  |C2  |        |                 |       |            |
10    |GNDIO0 |   -  |    |        |                 |       |            |
11    |  I_O  |   0  |D14 |        |                 |       |            |
12    |  I_O  |   0  |D12 |        |                 |       |            |
13    |  I_O  |   0  |D10 |        |                 |       |            |
14    |  I_O  |   0  |D8  |        |                 |       |            |
15    |  I_O  |   0  |D6  |        |                 |       |            |
16    |  I_O  |   0  |D4  |        |                 |       |            |
17    | IN0   |   0  |    |        |                 |       |            |
18    | NC    |   -  |    |        |                 |       |            |
19    |VCCIO0 |   -  |    |        |                 |       |            |
20    | IN1   |   0  |    |        |                 |       |            |
21    |  I_O  |   0  |E2  |        |                 |       |            |
22    |  I_O  |   0  |E4  |        |                 |       |            |
23    |  I_O  |   0  |E6  |    *   |LVCMOS18         | Input |DIP4        |
24    |  I_O  |   0  |E8  |    *   |LVCMOS18         | Input |DIP5        |
25    |  I_O  |   0  |E10 |    *   |LVCMOS18         | Input |DIP6        |
26    |  I_O  |   0  |E12 |    *   |LVCMOS18         | Input |DIP7        |
27    |GNDIO0 |   -  |    |        |                 |       |            |
28    |  I_O  |   0  |F2  |    *   |LVCMOS18         | Output|LED7        |
29    |  I_O  |   0  |F4  |    *   |LVCMOS18         | Input |LED6        |
30    |  I_O  |   0  |F6  |    *   |LVCMOS18         | Input |LED5        |
31    |  I_O  |   0  |F8  |    *   |LVCMOS18         | Input |LED4        |
32    |  I_O  |   0  |F10 |    *   |LVCMOS18         | Output|LED3        |
33    |  I_O  |   0  |F12 |    *   |LVCMOS18         | Output|LED2        |
34    |VCCIO0 |   -  |    |        |                 |       |            |
35    | TCK   |   -  |    |        |                 |       |            |
36    | VCC   |   -  |    |        |                 |       |            |
37    | GND   |   -  |    |        |                 |       |            |
38    | IN2   |   0  |    |        |                 |       |            |
39    |  I_O  |   0  |G12 |    *   |LVCMOS18         | Output|LED1        |
40    |  I_O  |   0  |G10 |    *   |LVCMOS18         | Output|LED0        |
41    |  I_O  |   0  |G8  |        |                 |       |            |
42    |  I_O  |   0  |G6  |        |                 |       |            |
43    |  I_O  |   0  |G4  |        |                 |       |            |
44    |  I_O  |   0  |G2  |    *   |LVCMOS18         | Input |DIS4a       |
45    | IN3   |   0  |    |        |                 |       |            |
46    |GNDIO0 |   -  |    |        |                 |       |            |
47    |VCCIO0 |   -  |    |        |                 |       |            |
48    |  I_O  |   0  |H12 |    *   |LVCMOS18         | Input |DIS4b       |
49    |  I_O  |   0  |H10 |    *   |LVCMOS18         | Input |DIS4c       |
50    |  I_O  |   0  |H8  |    *   |LVCMOS18         | Input |DIS4d       |
51    |  I_O  |   0  |H6  |    *   |LVCMOS18         | Input |DIS4e       |
52    |  I_O  |   0  |H4  |    *   |LVCMOS18         | Input |DIS4f       |
53    |  I_O  |   0  |H2  |    *   |LVCMOS18         | Input |DIS4g       |
54    |INCLK1 |   0  |    |        |                 |       |            |
55    |GNDIO1 |   -  |    |        |                 |       |            |
56    |INCLK2 |   1  |    |        |                 |       |            |
57    | VCC   |   -  |    |        |                 |       |            |
58    |  I_O  |   1  |I2  |    *   |LVCMOS18         | Input |S1_NC       |
59    |  I_O  |   1  |I4  |    *   |LVCMOS18         | Input |S1_NO       |
60    |  I_O  |   1  |I6  |    *   |LVCMOS18         | Input |S2_NC       |
61    |  I_O  |   1  |I8  |    *   |LVCMOS18         | Input |S2_NO       |
62    |  I_O  |   1  |I10 |    *   |LVCMOS18         | Output|LED29       |
63    |  I_O  |   1  |I12 |    *   |LVCMOS18         | Output|LED28       |
64    |VCCIO1 |   -  |    |        |                 |       |            |
65    |GNDIO1 |   -  |    |        |                 |       |            |
66    |  I_O  |   1  |J2  |        |                 |       |            |
67    |  I_O  |   1  |J4  |        |                 |       |            |
68    |  I_O  |   1  |J6  |        |                 |       |            |
69    |  I_O  |   1  |J8  |        |                 |       |            |
70    |  I_O  |   1  |J10 |        |                 |       |            |
71    |  I_O  |   1  |J12 |        |                 |       |            |
72    | IN4   |   0  |    |        |                 |       |            |
73    | GND   |   -  |    |        |                 |       |            |
74    | TMS   |   -  |    |        |                 |       |            |
75    |VCCIO1 |   -  |    |        |                 |       |            |
76    |  I_O  |   1  |K12 |    *   |LVCMOS18         | Input |DIP3        |
77    |  I_O  |   1  |K10 |    *   |LVCMOS18         | Input |DIP2        |
78    |  I_O  |   1  |K8  |    *   |LVCMOS18         | Input |DIP1        |
79    |  I_O  |   1  |K6  |    *   |LVCMOS18         | Input |DIP0        |
80    |  I_O  |   1  |K4  |    *   |LVCMOS18         | Output|DIS1g       |
81    |  I_O  |   1  |K2  |    *   |LVCMOS18         | Output|DIS1f       |
82    |GNDIO1 |   -  |    |        |                 |       |            |
83    |  I_O  |   1  |L14 |    *   |LVCMOS18         | Output|DIS1e       |
84    |  I_O  |   1  |L12 |    *   |LVCMOS18         | Output|DIS1d       |
85    |  I_O  |   1  |L10 |    *   |LVCMOS18         | Output|DIS1c       |
86    |  I_O  |   1  |L8  |    *   |LVCMOS18         | Output|DIS1b       |
87    |  I_O  |   1  |L6  |    *   |LVCMOS18         | Output|DIS1a       |
88    |  I_O  |   1  |L4  |    *   |LVCMOS18         | Output|DIS2g       |
89    | IN5   |   1  |    |        |                 |       |            |
90    | NC    |   -  |    |        |                 |       |            |
91    |VCCIO1 |   -  |    |        |                 |       |            |
92    | IN6   |   1  |    |        |                 |       |            |
93    |  I_O  |   1  |M2  |    *   |LVCMOS18         | Output|DIS2f       |
94    |  I_O  |   1  |M4  |    *   |LVCMOS18         | Output|DIS2e       |
95    |  I_O  |   1  |M6  |    *   |LVCMOS18         | Output|DIS2d       |
96    |  I_O  |   1  |M8  |    *   |LVCMOS18         | Output|DIS2c       |
97    |  I_O  |   1  |M10 |    *   |LVCMOS18         | Output|DIS2b       |
98    |  I_O  |   1  |M12 |    *   |LVCMOS18         | Output|DIS2a       |
99    |GNDIO1 |   -  |    |        |                 |       |            |
100   |  I_O  |   1  |N2  |    *   |LVCMOS18         | Input |LED20       |
101   |  I_O  |   1  |N4  |    *   |LVCMOS18         | Input |LED21       |
102   |  I_O  |   1  |N6  |    *   |LVCMOS18         | Input |LED22       |
103   |  I_O  |   1  |N8  |    *   |LVCMOS18         | Input |LED23       |
104   |  I_O  |   1  |N10 |    *   |LVCMOS18         | Input |LED24       |
105   |  I_O  |   1  |N12 |    *   |LVCMOS18         | Input |LED25       |
106   |VCCIO1 |   -  |    |        |                 |       |            |
107   | TDO   |   -  |    |        |                 |       |            |
108   | VCC   |   -  |    |        |                 |       |            |
109   | GND   |   -  |    |        |                 |       |            |
110   | IN7   |   1  |    |        |                 |       |            |
111   |  I_O  |   1  |O12 |    *   |LVCMOS18         | Input |LED26       |
112   |  I_O  |   1  |O10 |    *   |LVCMOS18         | Input |LED27       |
113   |  I_O  |   1  |O8  |        |                 |       |            |
114   |  I_O  |   1  |O6  |        |                 |       |            |
115   |  I_O  |   1  |O4  |        |                 |       |            |
116   |  I_O  |   1  |O2  |    *   |LVCMOS18         | Output|DIS3g       |
117   | IN8   |   1  |    |        |                 |       |            |
118   |GNDIO1 |   -  |    |        |                 |       |            |
119   |VCCIO1 |   -  |    |        |                 |       |            |
120   |  I_O  |   1  |P12 |    *   |LVCMOS18         | Output|DIS3f       |
121   |  I_O  |   1  |P10 |    *   |LVCMOS18         | Output|DIS3e       |
122   |  I_O  |   1  |P8  |    *   |LVCMOS18         | Output|DIS3d       |
123   |  I_O  |   1  |P6  |    *   |LVCMOS18         | Output|DIS3c       |
124   |  I_O  |   1  |P4  |    *   |LVCMOS18         | Output|DIS3b       |
125   | I_O/OE|   1  |P2  |    *   |LVCMOS18         | Output|DIS3a       |
126   |INCLK3 |   1  |    |        |                 |       |            |
127   |GNDIO0 |   -  |    |        |                 |       |            |
128   |INCLK0 |   0  |    |        |                 |       |            |
129   | VCC   |   -  |    |        |                 |       |            |
130   | I_O/OE|   0  |A2  |    *   |LVCMOS18         | Output|LED15       |
131   |  I_O  |   0  |A4  |    *   |LVCMOS18         | Input |LED14       |
132   |  I_O  |   0  |A6  |    *   |LVCMOS18         | Input |LED13       |
133   |  I_O  |   0  |A8  |    *   |LVCMOS18         | Input |LED12       |
134   |  I_O  |   0  |A10 |    *   |LVCMOS18         | Input |LED11       |
135   |  I_O  |   0  |A12 |    *   |LVCMOS18         | Output|LED10       |
136   |VCCIO0 |   -  |    |        |                 |       |            |
137   |GNDIO0 |   -  |    |        |                 |       |            |
138   |  I_O  |   0  |B2  |    *   |LVCMOS18         | Output|LED9        |
139   |  I_O  |   0  |B4  |    *   |LVCMOS18         | Output|LED8        |
140   |  I_O  |   0  |B6  |    *   |LVCMOS18         | Input |LED16       |
141   |  I_O  |   0  |B8  |    *   |LVCMOS18         | Input |LED17       |
142   |  I_O  |   0  |B10 |    *   |LVCMOS18         | Input |LED18       |
143   |  I_O  |   0  |B12 |    *   |LVCMOS18         | Input |LED19       |
144   | IN9   |   0  |    |        |                 |       |            |
-----------------------------------------------------------------------------------

<Note> GLB Pad : This notation refers to the GLB I/O pad number in the device.
<Note> Assigned Pin : user or dedicated input assignment (E.g. Clock pins).
<Note> Pin Type : 
          ClkIn : Dedicated input or clock pin 
           CLK  : Dedicated clock pin
           I_O  : Input/Output pin
           INP  : Dedicated input pin
           JTAG : JTAG Control and test pin
           NC   : No connected



Input_Signal_List
~~~~~~~~~~~~~~~~~
                Input
         Pin    Fanout
 Pin GLB Type                       Pullup Signal
-------------------------------------------------
  79   K  I/O   4  -----FG-I----N--    Down DIP0
  78   K  I/O   4  -----FG-I----N--    Down DIP1
  77   K  I/O   4  -----FG-I----N--    Down DIP2
  76   K  I/O   4  -----FG-I----N--    Down DIP3
  23   E  I/O   4  -----FG-I----N--    Down DIP4
  24   E  I/O   4  -----FG-I----N--    Down DIP5
  25   E  I/O   4  -----FG-I----N--    Down DIP6
  26   E  I/O   4  -----FG-I----N--    Down DIP7
  44   G  I/O      ----------------    Down DIS4a
  48   H  I/O      ----------------    Down DIS4b
  49   H  I/O      ----------------    Down DIS4c
  50   H  I/O      ----------------    Down DIS4d
  51   H  I/O      ----------------    Down DIS4e
  52   H  I/O      ----------------    Down DIS4f
  53   H  I/O      ----------------    Down DIS4g
 134   A  I/O      ----------------    Down LED11
 133   A  I/O      ----------------    Down LED12
 132   A  I/O      ----------------    Down LED13
 131   A  I/O      ----------------    Down LED14
 140   B  I/O      ----------------    Down LED16
 141   B  I/O      ----------------    Down LED17
 142   B  I/O      ----------------    Down LED18
 143   B  I/O      ----------------    Down LED19
 100   N  I/O      ----------------    Down LED20
 101   N  I/O      ----------------    Down LED21
 102   N  I/O      ----------------    Down LED22
 103   N  I/O      ----------------    Down LED23
 104   N  I/O      ----------------    Down LED24
 105   N  I/O      ----------------    Down LED25
 111   O  I/O      ----------------    Down LED26
 112   O  I/O      ----------------    Down LED27
  31   F  I/O      ----------------    Down LED4
  30   F  I/O      ----------------    Down LED5
  29   F  I/O      ----------------    Down LED6
  58   I  I/O   1  --------I-------    Down S1_NC
  59   I  I/O   1  --------I-------    Down S1_NO
  60   I  I/O   1  --------I-------    Down S2_NC
  61   I  I/O   10 AB---FG-I-KLM-OP    Down S2_NO
-------------------------------------------------



Output_Signal_List
~~~~~~~~~~~~~~~~~~
          I         C      P R P       O Output
          N         L Mc   R E U C O F B Fanout
 Pin GLB  P LL PTs  S Type E S P E E P P                     Slew Pullup Signal
-------------------------------------------------------------------------------
  87   L  8  -   5  1 DFF  *   S            ----------------  Fast   Down DIS1a
  86   L  8  -   3  1 DFF  *   S            ----------------  Fast   Down DIS1b
  85   L  8  -   4  1 DFF  *   S            ----------------  Fast   Down DIS1c
  84   L  1  -   1  1 COM                   ----------------  Fast   Down DIS1d
  83   L  1  -   1  1 COM                   ----------------  Fast   Down DIS1e
  81   K  8  -   5  1 DFF  *   S            ----------------  Fast   Down DIS1f
  80   K  1  -   1  1 COM                   ----------------  Fast   Down DIS1g
  98   M  3  -   1  1 DFF  *   S            ----------------  Fast   Down DIS2a
  97   M  3  -   1  1 DFF  *   S            ----------------  Fast   Down DIS2b
  96   M  3  -   1  1 DFF  *   S            ----------------  Fast   Down DIS2c
  95   M  3  -   1  1 DFF  *   S            ----------------  Fast   Down DIS2d
  94   M  3  -   1  1 DFF  *   S            ----------------  Fast   Down DIS2e
  93   M  3  -   1  1 DFF  *   S            ----------------  Fast   Down DIS2f
  88   L  3  -   1  1 DFF  *   S            ----------------  Fast   Down DIS2g
 125   P  3  -   1  1 DFF  *   S            ----------------  Fast   Down DIS3a
 124   P  3  -   1  1 DFF  *   S            ----------------  Fast   Down DIS3b
 123   P  3  -   1  1 DFF  *   S            ----------------  Fast   Down DIS3c
 122   P  3  -   1  1 DFF  *   S            ----------------  Fast   Down DIS3d
 121   P  3  -   1  1 DFF  *   S            ----------------  Fast   Down DIS3e
 120   P  3  -   1  1 DFF  *   S            ----------------  Fast   Down DIS3f
 116   O  3  -   1  1 DFF  *   S            ----------------  Fast   Down DIS3g
  40   G 10  -  65 13 DFF    * R            ----------------  Fast   Down LED0
  39   G  1  -   1  1 COM                   ----------------  Fast   Down LED1
 135   A  6  -   4  1 DFF  *   S         6  A---------KLM-OP  Fast   Down LED10
 130   A  3  -   2  1 COM                   ----------------  Fast   Down LED15
  33   F  1  -   1  1 COM                   ----------------  Fast   Down LED2
  63   I  2  -   3  1 DFF  * * R            ----------------  Fast   Down LED28
  62   I  2  -   2  2 DFF  * * R            ----------------  Fast   Down LED29
  32   F 10  -   1  1 DFF  *   S            ----------------  Fast   Down LED3
  28   F  3  -   2  1 COM                   ----------------  Fast   Down LED7
 139   B  4  -   1  1 DFF  *   S         7  AB--------KLM-OP  Fast   Down LED8
 138   B  5  -   2  1 DFF  *   S         7  AB--------KLM-OP  Fast   Down LED9
-------------------------------------------------------------------------------

<Note> CLS = Number of clusters used
       INP = Number of input signals
       PTs = Number of product terms
        LL = Number of logic levels
       PRE = Has preset equation
       RES = Has reset equation
       PUP = Power-Up initial state: R=Reset, S=Set
        CE = Has clock enable equation
        OE = Has output enable equation
        FP = Fast path used
       OBP = ORP bypass used



Bidir_Signal_List
~~~~~~~~~~~~~~~~~
          I         C      P R P       O Bidir
          N         L Mc   R E U C O F B Fanout
 Pin GLB  P LL PTs  S Type E S P E E P P                     Slew Pullup Signal
-------------------------------------------------------------------------------
-------------------------------------------------------------------------------

<Note> CLS = Number of clusters used
       INP = Number of input signals
       PTs = Number of product terms
        LL = Number of logic levels
       PRE = Has preset equation
       RES = Has reset equation
       PUP = Power-Up initial state: R=Reset, S=Set
        CE = Has clock enable equation
        OE = Has output enable equation
        FP = Fast path used
       OBP = ORP bypass used



Buried_Signal_List
~~~~~~~~~~~~~~~~~~
        I         C      P R P       Node
        N         L Mc   R E U C I F Fanout
Mc GLB  P LL PTs  S Type E S P E R P                     Signal
---------------------------------------------------------------------
12   A  3  -   2  1 DFF    * R       2  AB--------------  C0
 3   M  8  -   7  2 DFF    * R       2  ----------KL----  Ch10
 5   A  8  -   5  1 DFF    * R       1  ------------M---  Ch11
 1   K  8  -   6  2 DFF    * R       2  -----------LM---  Ch12
 5   O  8  -   6  2 DFF    * R       2  -----------LM---  Ch13
12   P  8  -   4  1 DFF    * R       1  ------------M---  Ch14
10   O  8  -   3  1 DFF    * R       1  ------------M---  Ch15
 3   P  8  -   5  1 DFF    * R       1  ------------M---  Ch16
10   K  3  -   1  1 DFF    * R       1  --------------O-  Ch20
12   M  3  -   1  1 DFF    * R       1  ---------------P  Ch21
12   L  3  -   1  1 DFF    * R       1  ---------------P  Ch22
 3   L  3  -   1  1 DFF    * R       1  ---------------P  Ch23
 9   M  3  -   1  1 DFF    * R       1  ---------------P  Ch24
 7   M  3  -   1  1 DFF    * R       1  ---------------P  Ch25
 5   M  3  -   1  1 DFF    * R       1  ---------------P  Ch26
 2   I  2  -   2  1 DFF  * * R       4  A----FG-I-------  S1BC
 5   F 11  -   5  1 DFF    * R       8  A----FG---KLM-OP  SUM1
12   N  8  -  75 15 COM              1  -----F----------  SUM1_0
12   I 10  -  57 12 DFF    * R       7  A----F----KLM-OP  SUM2
13   I 10  -   1  1 DFF    * R       7  A----F----KLM-OP  SUM3
15   F  0  -   0  1 COM              1  A---------------  _dup_osc_dis
15   C  0  -   0  1 COM                 ----------------  osc_dis
 7   A  2  -   3  1 DFF      R       1  A---------------  timediv0
 9   A  2  -   3  1 DFF      R       7  AB--------KLM-OP  timediv1
15   F  0  -   0  0 COM              1  A---------------  tmr_out
---------------------------------------------------------------------

<Note> CLS = Number of clusters used
       INP = Number of input signals
       PTs = Number of product terms
        LL = Number of logic levels
       PRE = Has preset equation
       RES = Has reset equation
       PUP = Power-Up initial state: R=Reset, S=Set
        CE = Has clock enable equation
        OE = Has output enable equation
        IR = Input register
        FP = Fast path used
       OBP = ORP bypass used



PostFit_Equations
~~~~~~~~~~~~~~~~~

C0.D = !C0.Q ; (1 pterm, 1 signal)
C0.C = S1BC.Q ; (1 pterm, 1 signal)
C0.AR = !S2_NO ; (1 pterm, 1 signal)

Ch10.D.X1 = !LED8.Q & SUM3.Q
    # !LED8.Q & LED9.Q & LED10.Q
    # !LED8.Q & !LED9.Q & !LED10.Q
    # !LED8.Q & SUM2.Q & SUM1.Q
    # LED8.Q & !LED10.Q & !SUM3.Q & !SUM2.Q
    # LED8.Q & !LED10.Q & !SUM3.Q & !SUM1.Q ; (6 pterms, 6 signals)
Ch10.D.X2 = !LED9.Q ; (1 pterm, 1 signal)
Ch10.C = timediv1.Q ; (1 pterm, 1 signal)
Ch10.AR = !S2_NO ; (1 pterm, 1 signal)

Ch11.D = LED8.Q & !LED10.Q & SUM3.Q
    # LED8.Q & !LED10.Q & SUM2.Q & SUM1.Q
    # !LED8.Q & LED10.Q & SUM3.Q
    # !LED8.Q & LED10.Q & SUM2.Q & SUM1.Q
    # !LED9.Q & LED10.Q ; (5 pterms, 6 signals)
Ch11.C = timediv1.Q ; (1 pterm, 1 signal)
Ch11.AR = !S2_NO ; (1 pterm, 1 signal)

Ch12.D.X1 = LED8.Q & LED9.Q
    # LED9.Q & SUM3.Q
    # LED8.Q & !LED10.Q & SUM3.Q
    # LED9.Q & SUM2.Q & SUM1.Q
    # LED8.Q & !LED10.Q & SUM2.Q & SUM1.Q ; (5 pterms, 6 signals)
Ch12.D.X2 = LED10.Q ; (1 pterm, 1 signal)
Ch12.C = timediv1.Q ; (1 pterm, 1 signal)
Ch12.AR = !S2_NO ; (1 pterm, 1 signal)

Ch13.D = !( LED8.Q & LED9.Q & LED10.Q
    # !LED8.Q & !LED9.Q & !SUM3.Q & !SUM2.Q
    # !LED9.Q & !LED10.Q & !SUM3.Q & !SUM2.Q
    # !LED8.Q & !LED9.Q & !SUM3.Q & !SUM1.Q
    # !LED9.Q & !LED10.Q & !SUM3.Q & !SUM1.Q
    # !LED8.Q & !LED10.Q ) ; (6 pterms, 6 signals)
Ch13.C = timediv1.Q ; (1 pterm, 1 signal)
Ch13.AR = !S2_NO ; (1 pterm, 1 signal)

Ch14.D = !LED8.Q & LED10.Q & !SUM3.Q & !SUM2.Q
    # LED8.Q & LED9.Q & !LED10.Q
    # !LED8.Q & LED10.Q & !SUM3.Q & !SUM1.Q
    # !LED8.Q & LED9.Q & LED10.Q ; (4 pterms, 6 signals)
Ch14.C = timediv1.Q ; (1 pterm, 1 signal)
Ch14.AR = !S2_NO ; (1 pterm, 1 signal)

Ch15.D = !LED8.Q & LED10.Q & !SUM3.Q & !SUM2.Q
    # !LED8.Q & LED10.Q & !SUM3.Q & !SUM1.Q
    # LED8.Q & LED9.Q & !LED10.Q ; (3 pterms, 6 signals)
Ch15.C = timediv1.Q ; (1 pterm, 1 signal)
Ch15.AR = !S2_NO ; (1 pterm, 1 signal)

Ch16.D = LED8.Q & !LED9.Q & SUM3.Q
    # !LED8.Q & LED10.Q & SUM3.Q
    # LED8.Q & !LED9.Q & SUM2.Q & SUM1.Q
    # !LED8.Q & LED10.Q & SUM2.Q & SUM1.Q
    # !LED9.Q & LED10.Q ; (5 pterms, 6 signals)
Ch16.C = timediv1.Q ; (1 pterm, 1 signal)
Ch16.AR = !S2_NO ; (1 pterm, 1 signal)

Ch20.D = Ch10.Q ; (1 pterm, 1 signal)
Ch20.C = timediv1.Q ; (1 pterm, 1 signal)
Ch20.AR = !S2_NO ; (1 pterm, 1 signal)

Ch21.D = Ch11.Q ; (1 pterm, 1 signal)
Ch21.C = timediv1.Q ; (1 pterm, 1 signal)
Ch21.AR = !S2_NO ; (1 pterm, 1 signal)

Ch22.D = Ch12.Q ; (1 pterm, 1 signal)
Ch22.C = timediv1.Q ; (1 pterm, 1 signal)
Ch22.AR = !S2_NO ; (1 pterm, 1 signal)

Ch23.D = Ch13.Q ; (1 pterm, 1 signal)
Ch23.C = timediv1.Q ; (1 pterm, 1 signal)
Ch23.AR = !S2_NO ; (1 pterm, 1 signal)

Ch24.D = Ch14.Q ; (1 pterm, 1 signal)
Ch24.C = timediv1.Q ; (1 pterm, 1 signal)
Ch24.AR = !S2_NO ; (1 pterm, 1 signal)

Ch25.D = Ch15.Q ; (1 pterm, 1 signal)
Ch25.C = timediv1.Q ; (1 pterm, 1 signal)
Ch25.AR = !S2_NO ; (1 pterm, 1 signal)

Ch26.D = Ch16.Q ; (1 pterm, 1 signal)
Ch26.C = timediv1.Q ; (1 pterm, 1 signal)
Ch26.AR = !S2_NO ; (1 pterm, 1 signal)

DIS1a.D = !( LED8.Q & !LED9.Q & SUM3.Q
    # !LED8.Q & LED10.Q & SUM3.Q
    # LED8.Q & !LED9.Q & SUM2.Q & SUM1.Q
    # !LED8.Q & LED10.Q & SUM2.Q & SUM1.Q
    # !LED9.Q & LED10.Q ) ; (5 pterms, 6 signals)
DIS1a.C = timediv1.Q ; (1 pterm, 1 signal)
DIS1a.AP = !S2_NO ; (1 pterm, 1 signal)

DIS1b.D = !( !LED8.Q & LED10.Q & !SUM3.Q & !SUM2.Q
    # !LED8.Q & LED10.Q & !SUM3.Q & !SUM1.Q
    # LED8.Q & LED9.Q & !LED10.Q ) ; (3 pterms, 6 signals)
DIS1b.C = timediv1.Q ; (1 pterm, 1 signal)
DIS1b.AP = !S2_NO ; (1 pterm, 1 signal)

DIS1c.D = !( !LED8.Q & LED10.Q & !SUM3.Q & !SUM2.Q
    # LED8.Q & LED9.Q & !LED10.Q
    # !LED8.Q & LED10.Q & !SUM3.Q & !SUM1.Q
    # !LED8.Q & LED9.Q & LED10.Q ) ; (4 pterms, 6 signals)
DIS1c.C = timediv1.Q ; (1 pterm, 1 signal)
DIS1c.AP = !S2_NO ; (1 pterm, 1 signal)

DIS1d = !Ch13.Q ; (1 pterm, 1 signal)

DIS1e = !Ch12.Q ; (1 pterm, 1 signal)

DIS1f.D = !( LED8.Q & !LED10.Q & SUM3.Q
    # LED8.Q & !LED10.Q & SUM2.Q & SUM1.Q
    # !LED8.Q & LED10.Q & SUM3.Q
    # !LED8.Q & LED10.Q & SUM2.Q & SUM1.Q
    # !LED9.Q & LED10.Q ) ; (5 pterms, 6 signals)
DIS1f.C = timediv1.Q ; (1 pterm, 1 signal)
DIS1f.AP = !S2_NO ; (1 pterm, 1 signal)

DIS1g = !Ch10.Q ; (1 pterm, 1 signal)

DIS2a.D = !Ch16.Q ; (1 pterm, 1 signal)
DIS2a.C = timediv1.Q ; (1 pterm, 1 signal)
DIS2a.AP = !S2_NO ; (1 pterm, 1 signal)

DIS2b.D = !Ch15.Q ; (1 pterm, 1 signal)
DIS2b.C = timediv1.Q ; (1 pterm, 1 signal)
DIS2b.AP = !S2_NO ; (1 pterm, 1 signal)

DIS2c.D = !Ch14.Q ; (1 pterm, 1 signal)
DIS2c.C = timediv1.Q ; (1 pterm, 1 signal)
DIS2c.AP = !S2_NO ; (1 pterm, 1 signal)

DIS2d.D = !Ch13.Q ; (1 pterm, 1 signal)
DIS2d.C = timediv1.Q ; (1 pterm, 1 signal)
DIS2d.AP = !S2_NO ; (1 pterm, 1 signal)

DIS2e.D = !Ch12.Q ; (1 pterm, 1 signal)
DIS2e.C = timediv1.Q ; (1 pterm, 1 signal)
DIS2e.AP = !S2_NO ; (1 pterm, 1 signal)

DIS2f.D = !Ch11.Q ; (1 pterm, 1 signal)
DIS2f.C = timediv1.Q ; (1 pterm, 1 signal)
DIS2f.AP = !S2_NO ; (1 pterm, 1 signal)

DIS2g.D = !Ch10.Q ; (1 pterm, 1 signal)
DIS2g.C = timediv1.Q ; (1 pterm, 1 signal)
DIS2g.AP = !S2_NO ; (1 pterm, 1 signal)

DIS3a.D = !Ch26.Q ; (1 pterm, 1 signal)
DIS3a.C = timediv1.Q ; (1 pterm, 1 signal)
DIS3a.AP = !S2_NO ; (1 pterm, 1 signal)

DIS3b.D = !Ch25.Q ; (1 pterm, 1 signal)
DIS3b.C = timediv1.Q ; (1 pterm, 1 signal)
DIS3b.AP = !S2_NO ; (1 pterm, 1 signal)

DIS3c.D = !Ch24.Q ; (1 pterm, 1 signal)
DIS3c.C = timediv1.Q ; (1 pterm, 1 signal)
DIS3c.AP = !S2_NO ; (1 pterm, 1 signal)

DIS3d.D = !Ch23.Q ; (1 pterm, 1 signal)
DIS3d.C = timediv1.Q ; (1 pterm, 1 signal)
DIS3d.AP = !S2_NO ; (1 pterm, 1 signal)

DIS3e.D = !Ch22.Q ; (1 pterm, 1 signal)
DIS3e.C = timediv1.Q ; (1 pterm, 1 signal)
DIS3e.AP = !S2_NO ; (1 pterm, 1 signal)

DIS3f.D = !Ch21.Q ; (1 pterm, 1 signal)
DIS3f.C = timediv1.Q ; (1 pterm, 1 signal)
DIS3f.AP = !S2_NO ; (1 pterm, 1 signal)

DIS3g.D = !Ch20.Q ; (1 pterm, 1 signal)
DIS3g.C = timediv1.Q ; (1 pterm, 1 signal)
DIS3g.AP = !S2_NO ; (1 pterm, 1 signal)

LED0.D.X1 = DIP0 & DIP1 & DIP2 & DIP3 & DIP5 & !DIP6 & DIP7
    # !DIP0 & !DIP1 & DIP2 & DIP3 & DIP5 & !DIP6 & DIP7
    # DIP0 & !DIP1 & DIP2 & DIP3 & !DIP5 & !DIP6 & DIP7
    # DIP0 & !DIP1 & DIP2 & DIP3 & DIP5 & !DIP6 & !DIP7
    # DIP0 & !DIP1 & DIP2 & DIP3 & DIP5 & DIP6 & DIP7
    # DIP0 & !DIP1 & DIP2 & !DIP3 & DIP5 & !DIP6 & DIP7
    # DIP0 & DIP1 & DIP2 & !DIP3 & DIP5 & DIP6 & DIP7
    # !DIP0 & !DIP1 & DIP2 & !DIP3 & DIP5 & DIP6 & DIP7
    # DIP0 & !DIP1 & DIP2 & !DIP3 & !DIP5 & DIP6 & DIP7
    # DIP0 & !DIP1 & DIP2 & !DIP3 & DIP5 & DIP6 & !DIP7
    # DIP0 & DIP1 & DIP2 & !DIP3 & DIP5 & !DIP6 & !DIP7
    # !DIP0 & !DIP1 & DIP2 & !DIP3 & DIP5 & !DIP6 & !DIP7
    # DIP0 & !DIP1 & DIP2 & !DIP3 & !DIP5 & !DIP6 & !DIP7
    # DIP0 & DIP1 & DIP2 & !DIP3 & !DIP5 & !DIP6 & DIP7
    # !DIP0 & !DIP1 & DIP2 & !DIP3 & !DIP5 & !DIP6 & DIP7
    # !DIP0 & DIP1 & DIP2 & !DIP3 & DIP5 & !DIP6 & DIP7
    # !DIP0 & DIP1 & DIP2 & DIP3 & !DIP5 & !DIP6 & DIP7
    # !DIP0 & !DIP1 & DIP2 & DIP3 & !DIP5 & !DIP6 & !DIP7
    # !DIP0 & !DIP1 & DIP2 & DIP3 & !DIP5 & DIP6 & DIP7
    # !DIP0 & DIP1 & DIP2 & !DIP3 & !DIP5 & DIP6 & DIP7
    # !DIP0 & !DIP1 & DIP2 & !DIP3 & !DIP5 & DIP6 & !DIP7
    # !DIP0 & DIP1 & DIP2 & !DIP3 & !DIP5 & !DIP6 & !DIP7
    # DIP0 & DIP1 & DIP2 & DIP3 & !DIP5 & !DIP6 & !DIP7
    # DIP0 & !DIP1 & DIP2 & DIP3 & !DIP5 & DIP6 & !DIP7
    # DIP0 & DIP1 & DIP2 & !DIP3 & !DIP5 & DIP6 & !DIP7
    # DIP0 & DIP1 & DIP2 & DIP3 & !DIP5 & DIP6 & DIP7
    # DIP0 & DIP1 & DIP2 & DIP3 & DIP5 & DIP6 & !DIP7
    # !DIP0 & !DIP1 & DIP2 & DIP3 & DIP5 & DIP6 & !DIP7
    # !DIP0 & DIP1 & DIP2 & !DIP3 & DIP5 & DIP6 & !DIP7
    # !DIP0 & DIP1 & DIP2 & DIP3 & !DIP5 & DIP6 & !DIP7
    # !DIP0 & DIP1 & DIP2 & DIP3 & DIP5 & !DIP6 & !DIP7
    # !DIP0 & DIP1 & DIP2 & DIP3 & DIP5 & DIP6 & DIP7
    # !DIP0 & !DIP1 & !DIP2 & DIP3 & DIP5 & DIP6 & DIP7
    # !DIP0 & !DIP1 & !DIP2 & DIP3 & DIP5 & !DIP6 & !DIP7
    # !DIP0 & !DIP1 & !DIP2 & DIP3 & !DIP5 & DIP6 & !DIP7
    # !DIP0 & !DIP1 & !DIP2 & !DIP3 & DIP5 & DIP6 & !DIP7
    # DIP0 & !DIP1 & !DIP2 & DIP3 & DIP5 & DIP6 & !DIP7
    # DIP0 & !DIP1 & !DIP2 & DIP3 & !DIP5 & DIP6 & DIP7
    # DIP0 & !DIP1 & !DIP2 & !DIP3 & !DIP5 & DIP6 & !DIP7
    # DIP0 & !DIP1 & !DIP2 & DIP3 & !DIP5 & !DIP6 & !DIP7
    # !DIP0 & !DIP1 & !DIP2 & !DIP3 & !DIP5 & !DIP6 & !DIP7
    # !DIP0 & !DIP1 & !DIP2 & !DIP3 & !DIP5 & DIP6 & DIP7
    # !DIP0 & !DIP1 & !DIP2 & DIP3 & !DIP5 & !DIP6 & DIP7
    # !DIP0 & !DIP1 & !DIP2 & !DIP3 & DIP5 & !DIP6 & DIP7
    # DIP0 & !DIP1 & !DIP2 & !DIP3 & !DIP5 & !DIP6 & DIP7
    # DIP0 & !DIP1 & !DIP2 & !DIP3 & DIP5 & !DIP6 & !DIP7
    # DIP0 & !DIP1 & !DIP2 & !DIP3 & DIP5 & DIP6 & DIP7
    # DIP0 & !DIP1 & !DIP2 & DIP3 & DIP5 & !DIP6 & DIP7
    # DIP0 & DIP1 & !DIP2 & !DIP3 & DIP5 & !DIP6 & DIP7
    # !DIP0 & DIP1 & !DIP2 & !DIP3 & !DIP5 & !DIP6 & DIP7
    # DIP0 & DIP1 & !DIP2 & !DIP3 & !DIP5 & !DIP6 & !DIP7
    # DIP0 & DIP1 & !DIP2 & !DIP3 & !DIP5 & DIP6 & DIP7
    # DIP0 & DIP1 & !DIP2 & !DIP3 & DIP5 & DIP6 & !DIP7
    # !DIP0 & DIP1 & !DIP2 & !DIP3 & !DIP5 & DIP6 & !DIP7
    # !DIP0 & DIP1 & !DIP2 & !DIP3 & DIP5 & !DIP6 & !DIP7
    # !DIP0 & DIP1 & !DIP2 & !DIP3 & DIP5 & DIP6 & DIP7
    # !DIP0 & DIP1 & !DIP2 & DIP3 & !DIP5 & DIP6 & DIP7
    # !DIP0 & DIP1 & !DIP2 & DIP3 & !DIP5 & !DIP6 & !DIP7
    # DIP0 & DIP1 & !DIP2 & DIP3 & !DIP5 & DIP6 & !DIP7
    # DIP0 & DIP1 & !DIP2 & DIP3 & !DIP5 & !DIP6 & DIP7
    # DIP0 & DIP1 & !DIP2 & DIP3 & DIP5 & !DIP6 & !DIP7
    # !DIP0 & DIP1 & !DIP2 & DIP3 & DIP5 & DIP6 & !DIP7
    # !DIP0 & DIP1 & !DIP2 & DIP3 & DIP5 & !DIP6 & DIP7
    # DIP0 & DIP1 & !DIP2 & DIP3 & DIP5 & DIP6 & DIP7 ; (64 pterms, 7 signals)
LED0.D.X2 = DIP4 ; (1 pterm, 1 signal)
LED0.C = S1BC.Q ; (1 pterm, 1 signal)
LED0.AR = !S2_NO ; (1 pterm, 1 signal)

LED1 = !SUM1.Q ; (1 pterm, 1 signal)

LED10.D = !LED8.Q & !LED9.Q & !LED10.Q
    # LED9.Q & LED10.Q
    # LED8.Q & LED10.Q ; (3 pterms, 3 signals)
LED10.C = timediv1.Q & C0.Q ; (1 pterm, 2 signals)
LED10.AP = !S2_NO ; (1 pterm, 1 signal)

LED15 = SUM3.Q
    # SUM2.Q & SUM1.Q ; (2 pterms, 3 signals)

LED2 = !SUM2.Q ; (1 pterm, 1 signal)

LED28.D = 1 ; (1 pterm, 0 signal)
LED28.C = 0 ; (0 pterm, 0 signal)
LED28.AR = !S1_NO ; (1 pterm, 1 signal)
LED28.AP = !S1_NC ; (1 pterm, 1 signal)

LED29.D = 1 ; (1 pterm, 0 signal)
LED29.C = 0 ; (0 pterm, 0 signal)
LED29.AR = !S2_NO ; (1 pterm, 1 signal)
LED29.AP = !S2_NC ; (1 pterm, 1 signal)

LED3.D = !( DIP0 & DIP1 & DIP2 & DIP3 & DIP4 & DIP5 & DIP6 & DIP7 ) ; (1 pterm, 8 signals)
LED3.C = S1BC.Q ; (1 pterm, 1 signal)
LED3.AP = !S2_NO ; (1 pterm, 1 signal)

LED7 = !SUM3.Q & !SUM2.Q
    # !SUM3.Q & !SUM1.Q ; (2 pterms, 3 signals)

LED8.D = !LED8.Q ; (1 pterm, 1 signal)
LED8.C = timediv1.Q & C0.Q ; (1 pterm, 2 signals)
LED8.AP = !S2_NO ; (1 pterm, 1 signal)

LED9.D = LED8.Q & LED9.Q
    # !LED8.Q & !LED9.Q ; (2 pterms, 2 signals)
LED9.C = timediv1.Q & C0.Q ; (1 pterm, 2 signals)
LED9.AP = !S2_NO ; (1 pterm, 1 signal)

S1BC.D = 0 ; (0 pterm, 0 signal)
S1BC.C = 0 ; (0 pterm, 0 signal)
S1BC.AR = !S1_NC ; (1 pterm, 1 signal)
S1BC.AP = !S1_NO ; (1 pterm, 1 signal)

SUM1.D = !( SUM1_0
    # !DIP0 & !DIP2 & !DIP3 & !DIP4 & !DIP5 & !DIP6 & !DIP7
    # !DIP0 & !DIP1 & !DIP3 & !DIP4 & !DIP5 & !DIP6 & !DIP7
    # !DIP1 & !DIP2 & !DIP3 & !DIP4 & !DIP5 & !DIP6 & !DIP7
    # !DIP0 & !DIP1 & !DIP2 & !DIP4 & !DIP5 & !DIP6 & !DIP7 ) ; (5 pterms, 9 signals)
SUM1.C = S1BC.Q ; (1 pterm, 1 signal)
SUM1.AR = !S2_NO ; (1 pterm, 1 signal)

SUM1_0 = !DIP0 & !DIP1 & !DIP2 & !DIP3 & !DIP4 & !DIP6 & !DIP7
    # !DIP0 & !DIP1 & !DIP2 & !DIP3 & !DIP4 & !DIP5 & !DIP7
    # !DIP0 & !DIP1 & !DIP2 & !DIP3 & !DIP5 & !DIP6 & !DIP7
    # !DIP0 & !DIP1 & !DIP2 & !DIP3 & !DIP4 & !DIP5 & !DIP6
    # DIP1 & !DIP2 & DIP3 & !DIP4 & DIP5 & DIP6 & !DIP7
    # DIP0 & DIP2 & !DIP3 & !DIP4 & DIP5 & DIP6 & !DIP7
    # DIP0 & !DIP2 & !DIP3 & !DIP4 & DIP5 & DIP6 & DIP7
    # DIP0 & DIP2 & DIP3 & !DIP4 & !DIP5 & DIP6 & !DIP7
    # DIP0 & DIP2 & DIP3 & !DIP4 & DIP5 & !DIP6 & !DIP7
    # DIP0 & !DIP2 & DIP3 & !DIP4 & !DIP5 & DIP6 & DIP7
    # DIP0 & DIP2 & !DIP3 & !DIP4 & !DIP5 & DIP6 & DIP7
    # DIP1 & !DIP2 & DIP3 & !DIP4 & DIP5 & !DIP6 & DIP7
    # DIP1 & DIP2 & !DIP3 & !DIP4 & DIP5 & !DIP6 & DIP7
    # DIP0 & !DIP2 & !DIP3 & DIP4 & DIP5 & DIP6 & !DIP7
    # DIP1 & DIP2 & DIP3 & !DIP4 & !DIP5 & !DIP6 & DIP7
    # DIP0 & !DIP2 & DIP3 & DIP4 & !DIP5 & DIP6 & !DIP7
    # DIP0 & DIP2 & !DIP3 & DIP4 & !DIP5 & DIP6 & !DIP7
    # DIP0 & !DIP2 & DIP3 & DIP4 & DIP5 & !DIP6 & !DIP7
    # DIP0 & DIP2 & !DIP3 & DIP4 & DIP5 & !DIP6 & !DIP7
    # DIP0 & !DIP2 & !DIP3 & DIP4 & !DIP5 & DIP6 & DIP7
    # DIP1 & !DIP2 & !DIP3 & DIP4 & DIP5 & !DIP6 & DIP7
    # DIP0 & DIP1 & DIP3 & DIP4 & !DIP5 & !DIP6 & !DIP7
    # DIP1 & !DIP2 & DIP3 & DIP4 & !DIP5 & !DIP6 & DIP7
    # DIP0 & DIP1 & !DIP3 & DIP4 & !DIP5 & !DIP6 & DIP7
    # !DIP1 & DIP2 & DIP3 & !DIP4 & DIP5 & DIP6 & !DIP7
    # DIP0 & !DIP1 & DIP2 & !DIP3 & !DIP4 & DIP5 & DIP7
    # !DIP1 & !DIP2 & DIP3 & !DIP4 & DIP5 & DIP6 & DIP7
    # !DIP0 & DIP1 & DIP2 & !DIP4 & DIP5 & DIP6 & !DIP7
    # DIP0 & !DIP1 & DIP2 & DIP3 & !DIP4 & !DIP5 & DIP7
    # !DIP0 & DIP1 & !DIP2 & DIP3 & !DIP4 & DIP6 & DIP7
    # !DIP0 & DIP1 & DIP2 & !DIP3 & !DIP4 & DIP6 & DIP7
    # !DIP1 & DIP2 & DIP3 & !DIP4 & DIP5 & !DIP6 & DIP7
    # !DIP1 & !DIP2 & DIP3 & DIP4 & DIP5 & DIP6 & !DIP7
    # !DIP1 & DIP2 & !DIP3 & DIP4 & DIP5 & DIP6 & !DIP7
    # !DIP0 & DIP1 & DIP2 & DIP3 & !DIP4 & !DIP5 & DIP6
    # !DIP0 & DIP1 & DIP2 & DIP3 & !DIP4 & DIP5 & !DIP6
    # DIP0 & !DIP1 & !DIP2 & !DIP3 & DIP4 & DIP5 & DIP7
    # !DIP0 & DIP1 & !DIP2 & DIP3 & DIP4 & DIP6 & !DIP7
    # !DIP0 & DIP1 & !DIP3 & DIP4 & DIP5 & DIP6 & !DIP7
    # !DIP1 & DIP2 & DIP3 & DIP4 & !DIP5 & DIP6 & !DIP7
    # DIP0 & !DIP1 & DIP2 & DIP3 & DIP4 & !DIP6 & !DIP7
    # DIP0 & !DIP1 & !DIP2 & DIP3 & DIP4 & !DIP5 & DIP7
    # DIP0 & !DIP1 & DIP2 & !DIP3 & DIP4 & !DIP5 & DIP7
    # !DIP0 & DIP1 & !DIP2 & !DIP3 & DIP5 & DIP6 & DIP7
    # DIP0 & !DIP1 & !DIP2 & DIP3 & DIP5 & !DIP6 & DIP7
    # !DIP1 & DIP2 & !DIP3 & DIP4 & DIP5 & !DIP6 & DIP7
    # !DIP0 & DIP1 & DIP2 & DIP4 & !DIP5 & DIP6 & !DIP7
    # !DIP0 & DIP1 & DIP2 & DIP3 & DIP4 & !DIP6 & !DIP7
    # !DIP0 & DIP1 & !DIP2 & DIP3 & DIP4 & DIP5 & !DIP6
    # !DIP0 & DIP1 & DIP2 & !DIP3 & DIP4 & DIP5 & !DIP6
    # !DIP0 & !DIP2 & DIP3 & DIP4 & !DIP5 & DIP6 & DIP7
    # !DIP0 & DIP1 & !DIP3 & DIP4 & !DIP5 & DIP6 & DIP7
    # !DIP1 & DIP2 & DIP3 & DIP4 & !DIP5 & !DIP6 & DIP7
    # !DIP0 & DIP1 & DIP2 & DIP4 & !DIP5 & !DIP6 & DIP7
    # !DIP0 & !DIP1 & DIP2 & DIP3 & !DIP4 & DIP6 & DIP7
    # !DIP0 & !DIP1 & DIP2 & DIP3 & DIP4 & DIP5 & !DIP7
    # !DIP0 & !DIP1 & DIP2 & !DIP3 & DIP5 & DIP6 & DIP7
    # !DIP0 & !DIP1 & !DIP2 & DIP4 & DIP5 & DIP6 & DIP7
    # !DIP0 & !DIP1 & DIP2 & DIP4 & !DIP5 & DIP6 & DIP7
    # !DIP0 & !DIP1 & DIP3 & DIP4 & DIP5 & !DIP6 & DIP7
    # DIP0 & DIP1 & !DIP3 & !DIP4 & DIP5 & DIP6 & !DIP7
    # DIP0 & DIP1 & DIP3 & !DIP4 & !DIP5 & DIP6 & !DIP7
    # DIP0 & DIP1 & DIP2 & !DIP4 & !DIP5 & DIP6 & !DIP7
    # DIP0 & DIP1 & DIP3 & !DIP4 & DIP5 & !DIP6 & !DIP7
    # DIP0 & DIP1 & DIP2 & !DIP4 & DIP5 & !DIP6 & !DIP7
    # DIP0 & DIP1 & !DIP3 & !DIP4 & !DIP5 & DIP6 & DIP7
    # DIP0 & DIP1 & !DIP3 & !DIP4 & DIP5 & !DIP6 & DIP7
    # DIP0 & DIP1 & DIP2 & DIP3 & !DIP5 & !DIP6 & !DIP7
    # DIP0 & DIP1 & DIP3 & !DIP4 & !DIP5 & !DIP6 & DIP7
    # DIP0 & DIP1 & DIP2 & !DIP4 & !DIP5 & !DIP6 & DIP7
    # DIP0 & DIP1 & !DIP3 & DIP4 & !DIP5 & DIP6 & !DIP7
    # DIP0 & DIP1 & !DIP3 & DIP4 & DIP5 & !DIP6 & !DIP7
    # DIP0 & DIP1 & DIP2 & DIP4 & !DIP5 & !DIP6 & !DIP7
    # DIP0 & !DIP2 & DIP3 & !DIP4 & DIP5 & DIP6 & !DIP7
    # DIP0 & DIP1 & DIP2 & DIP3 & DIP4 & DIP5 & DIP6 & DIP7 ; (75 pterms, 8 signals)

SUM2.D = !( DIP0 & DIP1 & DIP2 & DIP3 & DIP4 & DIP5 & DIP6 & DIP7
    # !DIP2 & !DIP3 & !DIP4 & !DIP5 & !DIP6
    # !DIP1 & !DIP3 & !DIP4 & !DIP5 & !DIP6
    # !DIP0 & !DIP3 & !DIP4 & !DIP5 & !DIP6
    # !DIP1 & !DIP2 & !DIP4 & !DIP5 & !DIP6
    # !DIP0 & !DIP2 & !DIP4 & !DIP5 & !DIP6
    # !DIP0 & !DIP1 & !DIP4 & !DIP5 & !DIP6
    # !DIP1 & !DIP2 & !DIP3 & !DIP5 & !DIP6
    # !DIP0 & !DIP2 & !DIP3 & !DIP5 & !DIP6
    # !DIP0 & !DIP1 & !DIP3 & !DIP5 & !DIP6
    # !DIP0 & !DIP1 & !DIP2 & !DIP5 & !DIP6
    # !DIP1 & !DIP2 & !DIP3 & !DIP4 & !DIP6
    # !DIP0 & !DIP2 & !DIP3 & !DIP4 & !DIP6
    # !DIP0 & !DIP1 & !DIP3 & !DIP4 & !DIP6
    # !DIP0 & !DIP1 & !DIP2 & !DIP4 & !DIP6
    # !DIP0 & !DIP1 & !DIP2 & !DIP3 & !DIP6
    # !DIP1 & !DIP2 & !DIP3 & !DIP4 & !DIP5
    # !DIP0 & !DIP2 & !DIP3 & !DIP4 & !DIP5
    # !DIP0 & !DIP1 & !DIP3 & !DIP4 & !DIP5
    # !DIP0 & !DIP1 & !DIP2 & !DIP4 & !DIP5
    # !DIP0 & !DIP1 & !DIP2 & !DIP3 & !DIP5
    # !DIP0 & !DIP1 & !DIP2 & !DIP3 & !DIP4
    # !DIP3 & !DIP4 & !DIP5 & !DIP6 & !DIP7
    # !DIP2 & !DIP4 & !DIP5 & !DIP6 & !DIP7
    # !DIP1 & !DIP4 & !DIP5 & !DIP6 & !DIP7
    # !DIP0 & !DIP4 & !DIP5 & !DIP6 & !DIP7
    # !DIP2 & !DIP3 & !DIP5 & !DIP6 & !DIP7
    # !DIP1 & !DIP3 & !DIP5 & !DIP6 & !DIP7
    # !DIP0 & !DIP3 & !DIP5 & !DIP6 & !DIP7
    # !DIP1 & !DIP2 & !DIP5 & !DIP6 & !DIP7
    # !DIP0 & !DIP2 & !DIP5 & !DIP6 & !DIP7
    # !DIP0 & !DIP1 & !DIP5 & !DIP6 & !DIP7
    # !DIP2 & !DIP3 & !DIP4 & !DIP6 & !DIP7
    # !DIP1 & !DIP3 & !DIP4 & !DIP6 & !DIP7
    # !DIP0 & !DIP3 & !DIP4 & !DIP6 & !DIP7
    # !DIP1 & !DIP2 & !DIP4 & !DIP6 & !DIP7
    # !DIP0 & !DIP2 & !DIP4 & !DIP6 & !DIP7
    # !DIP0 & !DIP1 & !DIP4 & !DIP6 & !DIP7
    # !DIP1 & !DIP2 & !DIP3 & !DIP6 & !DIP7
    # !DIP0 & !DIP2 & !DIP3 & !DIP6 & !DIP7
    # !DIP0 & !DIP1 & !DIP3 & !DIP6 & !DIP7
    # !DIP0 & !DIP1 & !DIP2 & !DIP6 & !DIP7
    # !DIP2 & !DIP3 & !DIP4 & !DIP5 & !DIP7
    # !DIP1 & !DIP3 & !DIP4 & !DIP5 & !DIP7
    # !DIP0 & !DIP3 & !DIP4 & !DIP5 & !DIP7
    # !DIP1 & !DIP2 & !DIP4 & !DIP5 & !DIP7
    # !DIP0 & !DIP2 & !DIP4 & !DIP5 & !DIP7
    # !DIP0 & !DIP1 & !DIP4 & !DIP5 & !DIP7
    # !DIP1 & !DIP2 & !DIP3 & !DIP5 & !DIP7
    # !DIP0 & !DIP2 & !DIP3 & !DIP5 & !DIP7
    # !DIP0 & !DIP1 & !DIP3 & !DIP5 & !DIP7
    # !DIP0 & !DIP1 & !DIP2 & !DIP5 & !DIP7
    # !DIP1 & !DIP2 & !DIP3 & !DIP4 & !DIP7
    # !DIP0 & !DIP2 & !DIP3 & !DIP4 & !DIP7
    # !DIP0 & !DIP1 & !DIP3 & !DIP4 & !DIP7
    # !DIP0 & !DIP1 & !DIP2 & !DIP4 & !DIP7
    # !DIP0 & !DIP1 & !DIP2 & !DIP3 & !DIP7 ) ; (57 pterms, 8 signals)
SUM2.C = S1BC.Q ; (1 pterm, 1 signal)
SUM2.AR = !S2_NO ; (1 pterm, 1 signal)

SUM3.D = DIP0 & DIP1 & DIP2 & DIP3 & DIP4 & DIP5 & DIP6 & DIP7 ; (1 pterm, 8 signals)
SUM3.C = S1BC.Q ; (1 pterm, 1 signal)
SUM3.AR = !S2_NO ; (1 pterm, 1 signal)

_dup_osc_dis = 0 ; (0 pterm, 0 signal)

osc_dis = 0 ; (0 pterm, 0 signal)

timediv0.D = !timediv0.Q ; (1 pterm, 1 signal)
timediv0.C = tmr_out ; (1 pterm, 1 signal)

timediv1.D = !timediv1.Q ; (1 pterm, 1 signal)
timediv1.C = timediv0.Q ; (1 pterm, 1 signal)




