Timer started ...
MOD: delay(1250 1250), type(tTMRCO20), from(I1.OSCOUT), to(I1.TIMEROUT)
MOD: delay(500 500), type(tTMRRSTO), from(I1.TIMERRES), to(I1.TIMEROUT)
MOD: delay(900 900), type(tOSCEN+tOSCOD), from(I1.DYNOSCDIS), to(I1.OSCOUT)
CHK: delay(400 400), type(tTMRRR), from(I1.TIMERRES), to(I1.OSCOUT)
CHK: delay(300 300), type(tTMRRSTPW), from(I1.TIMERRES), to(I1.TIMERRES)
CHK: delay(500 500), type(tOSCH), from(I1.DYNOSCDIS), to(I1.OSCOUT)
CHK: delay(500 500), type(tOSCSU), from(I1.DYNOSCDIS), to(I1.OSCOUT)
MOD: delay(140 140), type(tORP+tBUF+tIOO(LVCMOS18)), from(LED0.OUT), to(LED0.PAD)
MOD: delay(45 45), type(tPDi), from(LED0 ), to(LED0.OUT)
MOD: delay(140 140), type(tORP+tBUF+tIOO(LVCMOS18)), from(LED1.OUT), to(LED1.PAD)
MOD: delay(45 45), type(tPDi), from(LED1 ), to(LED1.OUT)
MOD: delay(140 140), type(tORP+tBUF+tIOO(LVCMOS18)), from(LED2.OUT), to(LED2.PAD)
MOD: delay(45 45), type(tPDi), from(LED2 ), to(LED2.OUT)
MOD: delay(140 140), type(tORP+tBUF+tIOO(LVCMOS18)), from(LED3.OUT), to(LED3.PAD)
MOD: delay(45 45), type(tPDi), from(LED3 ), to(LED3.OUT)
MOD: delay(140 140), type(tORP+tBUF+tIOO(LVCMOS18)), from(LED4.OUT), to(LED4.PAD)
MOD: delay(45 45), type(tPDi), from(LED4 ), to(LED4.OUT)
MOD: delay(140 140), type(tORP+tBUF+tIOO(LVCMOS18)), from(LED5.OUT), to(LED5.PAD)
MOD: delay(45 45), type(tPDi), from(LED5 ), to(LED5.OUT)
MOD: delay(140 140), type(tORP+tBUF+tIOO(LVCMOS18)), from(LED6.OUT), to(LED6.PAD)
MOD: delay(45 45), type(tPDi), from(LED6 ), to(LED6.OUT)
MOD: delay(140 140), type(tORP+tBUF+tIOO(LVCMOS18)), from(LED7.OUT), to(LED7.PAD)
MOD: delay(45 45), type(tPDi), from(LED7 ), to(LED7.OUT)
MOD: delay(95 95), type(tSRi), from(LED8.AR ), to(LED8.Q )
MOD: delay(140 140), type(tORP+tBUF+tIOO(LVCMOS18)), from(LED8.Q ), to(LED8.PAD)
MOD: delay(45 45), type(tCOi), from(LED8.C ), to(LED8.Q )
CHK: delay(0 0), type(tSRW), from(LED8.AR ), to(LED8.AR )
CHK: delay(180 180), type(tSRR), from(LED8.AR ), to(LED8.C )
CHK: delay(0 0), type(tWLA), from(LED8.C ), to(LED8.C )
CHK: delay(0 0), type(tWHA), from(LED8.C ), to(LED8.C )
CHK: delay(200 200), type(tH), from(LED8.D ), to(LED8.C )
CHK: delay(200 200), type(tS_PT), from(LED8.D ), to(LED8.C )
MOD: delay(95 95), type(tSRi), from(LED9.AP ), to(LED9.Q )
MOD: delay(140 140), type(tORP+tBUF+tIOO(LVCMOS18)), from(LED9.Q ), to(LED9.PAD)
MOD: delay(45 45), type(tCOi), from(LED9.C ), to(LED9.Q )
CHK: delay(0 0), type(tSRW), from(LED9.AP ), to(LED9.AP )
CHK: delay(180 180), type(tSRR), from(LED9.AP ), to(LED9.C )
CHK: delay(0 0), type(tWLA), from(LED9.C ), to(LED9.C )
CHK: delay(0 0), type(tWHA), from(LED9.C ), to(LED9.C )
CHK: delay(200 200), type(tH), from(LED9.D.X2 ), to(LED9.C )
CHK: delay(200 200), type(tS_PT), from(LED9.D.X2 ), to(LED9.C )
CHK: delay(200 200), type(tH), from(LED9.D.X1 ), to(LED9.C )
CHK: delay(200 200), type(tS_PT), from(LED9.D.X1 ), to(LED9.C )
MOD: delay(95 95), type(tSRi), from(LED10.AP ), to(LED10.Q )
MOD: delay(140 140), type(tORP+tBUF+tIOO(LVCMOS18)), from(LED10.Q ), to(LED10.PAD)
MOD: delay(45 45), type(tCOi), from(LED10.C ), to(LED10.Q )
CHK: delay(0 0), type(tSRW), from(LED10.AP ), to(LED10.AP )
CHK: delay(180 180), type(tSRR), from(LED10.AP ), to(LED10.C )
CHK: delay(0 0), type(tWLA), from(LED10.C ), to(LED10.C )
CHK: delay(0 0), type(tWHA), from(LED10.C ), to(LED10.C )
CHK: delay(200 200), type(tH), from(LED10.D.X2 ), to(LED10.C )
CHK: delay(200 200), type(tS_PT), from(LED10.D.X2 ), to(LED10.C )
CHK: delay(200 200), type(tH), from(LED10.D.X1 ), to(LED10.C )
CHK: delay(200 200), type(tS_PT), from(LED10.D.X1 ), to(LED10.C )
MOD: delay(95 95), type(tSRi), from(LED11.AP ), to(LED11.Q )
MOD: delay(140 140), type(tORP+tBUF+tIOO(LVCMOS18)), from(LED11.Q ), to(LED11.PAD)
MOD: delay(45 45), type(tCOi), from(LED11.C ), to(LED11.Q )
CHK: delay(0 0), type(tSRW), from(LED11.AP ), to(LED11.AP )
CHK: delay(180 180), type(tSRR), from(LED11.AP ), to(LED11.C )
CHK: delay(0 0), type(tWLA), from(LED11.C ), to(LED11.C )
CHK: delay(0 0), type(tWHA), from(LED11.C ), to(LED11.C )
CHK: delay(200 200), type(tH), from(LED11.D.X2 ), to(LED11.C )
CHK: delay(200 200), type(tS_PT), from(LED11.D.X2 ), to(LED11.C )
CHK: delay(200 200), type(tH), from(LED11.D.X1 ), to(LED11.C )
CHK: delay(200 200), type(tS_PT), from(LED11.D.X1 ), to(LED11.C )
MOD: delay(95 95), type(tSRi), from(LED12.AP ), to(LED12.Q )
MOD: delay(140 140), type(tORP+tBUF+tIOO(LVCMOS18)), from(LED12.Q ), to(LED12.PAD)
MOD: delay(45 45), type(tCOi), from(LED12.C ), to(LED12.Q )
CHK: delay(0 0), type(tSRW), from(LED12.AP ), to(LED12.AP )
CHK: delay(180 180), type(tSRR), from(LED12.AP ), to(LED12.C )
CHK: delay(0 0), type(tWLA), from(LED12.C ), to(LED12.C )
CHK: delay(0 0), type(tWHA), from(LED12.C ), to(LED12.C )
CHK: delay(200 200), type(tH), from(LED12.D.X2 ), to(LED12.C )
CHK: delay(200 200), type(tS_PT), from(LED12.D.X2 ), to(LED12.C )
CHK: delay(200 200), type(tH), from(LED12.D.X1 ), to(LED12.C )
CHK: delay(200 200), type(tS_PT), from(LED12.D.X1 ), to(LED12.C )
MOD: delay(95 95), type(tSRi), from(LED13.AP ), to(LED13.Q )
MOD: delay(140 140), type(tORP+tBUF+tIOO(LVCMOS18)), from(LED13.Q ), to(LED13.PAD)
MOD: delay(45 45), type(tCOi), from(LED13.C ), to(LED13.Q )
CHK: delay(0 0), type(tSRW), from(LED13.AP ), to(LED13.AP )
CHK: delay(180 180), type(tSRR), from(LED13.AP ), to(LED13.C )
CHK: delay(0 0), type(tWLA), from(LED13.C ), to(LED13.C )
CHK: delay(0 0), type(tWHA), from(LED13.C ), to(LED13.C )
CHK: delay(200 200), type(tH), from(LED13.D.X2 ), to(LED13.C )
CHK: delay(200 200), type(tS_PT), from(LED13.D.X2 ), to(LED13.C )
CHK: delay(200 200), type(tH), from(LED13.D.X1 ), to(LED13.C )
CHK: delay(200 200), type(tS_PT), from(LED13.D.X1 ), to(LED13.C )
MOD: delay(95 95), type(tSRi), from(LED14.AP ), to(LED14.Q )
MOD: delay(140 140), type(tORP+tBUF+tIOO(LVCMOS18)), from(LED14.Q ), to(LED14.PAD)
MOD: delay(45 45), type(tCOi), from(LED14.C ), to(LED14.Q )
CHK: delay(0 0), type(tSRW), from(LED14.AP ), to(LED14.AP )
CHK: delay(180 180), type(tSRR), from(LED14.AP ), to(LED14.C )
CHK: delay(0 0), type(tWLA), from(LED14.C ), to(LED14.C )
CHK: delay(0 0), type(tWHA), from(LED14.C ), to(LED14.C )
CHK: delay(200 200), type(tH), from(LED14.D.X2 ), to(LED14.C )
CHK: delay(200 200), type(tS_PT), from(LED14.D.X2 ), to(LED14.C )
CHK: delay(200 200), type(tH), from(LED14.D.X1 ), to(LED14.C )
CHK: delay(200 200), type(tS_PT), from(LED14.D.X1 ), to(LED14.C )
MOD: delay(95 95), type(tSRi), from(LED15.AP ), to(LED15.Q )
MOD: delay(140 140), type(tORP+tBUF+tIOO(LVCMOS18)), from(LED15.Q ), to(LED15.PAD)
MOD: delay(45 45), type(tCOi), from(LED15.C ), to(LED15.Q )
CHK: delay(0 0), type(tSRW), from(LED15.AP ), to(LED15.AP )
CHK: delay(180 180), type(tSRR), from(LED15.AP ), to(LED15.C )
CHK: delay(0 0), type(tWLA), from(LED15.C ), to(LED15.C )
CHK: delay(0 0), type(tWHA), from(LED15.C ), to(LED15.C )
CHK: delay(200 200), type(tH), from(LED15.D.X2 ), to(LED15.C )
CHK: delay(200 200), type(tS_PT), from(LED15.D.X2 ), to(LED15.C )
CHK: delay(200 200), type(tH), from(LED15.D.X1 ), to(LED15.C )
CHK: delay(200 200), type(tS_PT), from(LED15.D.X1 ), to(LED15.C )
MOD: delay(140 140), type(tORP+tBUF+tIOO(LVCMOS18)), from(DIS1a.OUT), to(DIS1a.PAD)
MOD: delay(45 45), type(tPDi), from(DIS1a ), to(DIS1a.OUT)
MOD: delay(140 140), type(tORP+tBUF+tIOO(LVCMOS18)), from(DIS1b.OUT), to(DIS1b.PAD)
MOD: delay(45 45), type(tPDi), from(DIS1b ), to(DIS1b.OUT)
MOD: delay(140 140), type(tORP+tBUF+tIOO(LVCMOS18)), from(DIS1c.OUT), to(DIS1c.PAD)
MOD: delay(45 45), type(tPDi), from(DIS1c ), to(DIS1c.OUT)
MOD: delay(140 140), type(tORP+tBUF+tIOO(LVCMOS18)), from(DIS1d.OUT), to(DIS1d.PAD)
MOD: delay(45 45), type(tPDi), from(DIS1d ), to(DIS1d.OUT)
MOD: delay(140 140), type(tORP+tBUF+tIOO(LVCMOS18)), from(DIS1e.OUT), to(DIS1e.PAD)
MOD: delay(45 45), type(tPDi), from(DIS1e ), to(DIS1e.OUT)
MOD: delay(140 140), type(tORP+tBUF+tIOO(LVCMOS18)), from(DIS1f.OUT), to(DIS1f.PAD)
MOD: delay(45 45), type(tPDi), from(DIS1f ), to(DIS1f.OUT)
MOD: delay(140 140), type(tORP+tBUF+tIOO(LVCMOS18)), from(DIS1g.OUT), to(DIS1g.PAD)
MOD: delay(45 45), type(tPDi), from(DIS1g ), to(DIS1g.OUT)
MOD: delay(95 95), type(tSRi), from(DIS2a.AP ), to(DIS2a.OUT)
MOD: delay(140 140), type(tORP+tBUF+tIOO(LVCMOS18)), from(DIS2a.OUT), to(DIS2a.PAD)
MOD: delay(45 45), type(tCOi), from(DIS2a.C ), to(DIS2a.OUT)
CHK: delay(0 0), type(tSRW), from(DIS2a.AP ), to(DIS2a.AP )
CHK: delay(180 180), type(tSRR), from(DIS2a.AP ), to(DIS2a.C )
CHK: delay(0 0), type(tWLA), from(DIS2a.C ), to(DIS2a.C )
CHK: delay(0 0), type(tWHA), from(DIS2a.C ), to(DIS2a.C )
CHK: delay(200 200), type(tH), from(DIS2a.D ), to(DIS2a.C )
CHK: delay(200 200), type(tS_PT), from(DIS2a.D ), to(DIS2a.C )
MOD: delay(95 95), type(tSRi), from(DIS2b.AP ), to(DIS2b.OUT)
MOD: delay(140 140), type(tORP+tBUF+tIOO(LVCMOS18)), from(DIS2b.OUT), to(DIS2b.PAD)
MOD: delay(45 45), type(tCOi), from(DIS2b.C ), to(DIS2b.OUT)
CHK: delay(0 0), type(tSRW), from(DIS2b.AP ), to(DIS2b.AP )
CHK: delay(180 180), type(tSRR), from(DIS2b.AP ), to(DIS2b.C )
CHK: delay(0 0), type(tWLA), from(DIS2b.C ), to(DIS2b.C )
CHK: delay(0 0), type(tWHA), from(DIS2b.C ), to(DIS2b.C )
CHK: delay(200 200), type(tH), from(DIS2b.D ), to(DIS2b.C )
CHK: delay(200 200), type(tS_PT), from(DIS2b.D ), to(DIS2b.C )
MOD: delay(95 95), type(tSRi), from(DIS2c.AP ), to(DIS2c.OUT)
MOD: delay(140 140), type(tORP+tBUF+tIOO(LVCMOS18)), from(DIS2c.OUT), to(DIS2c.PAD)
MOD: delay(45 45), type(tCOi), from(DIS2c.C ), to(DIS2c.OUT)
CHK: delay(0 0), type(tSRW), from(DIS2c.AP ), to(DIS2c.AP )
CHK: delay(180 180), type(tSRR), from(DIS2c.AP ), to(DIS2c.C )
CHK: delay(0 0), type(tWLA), from(DIS2c.C ), to(DIS2c.C )
CHK: delay(0 0), type(tWHA), from(DIS2c.C ), to(DIS2c.C )
CHK: delay(200 200), type(tH), from(DIS2c.D ), to(DIS2c.C )
CHK: delay(200 200), type(tS_PT), from(DIS2c.D ), to(DIS2c.C )
MOD: delay(95 95), type(tSRi), from(DIS2d.AP ), to(DIS2d.OUT)
MOD: delay(140 140), type(tORP+tBUF+tIOO(LVCMOS18)), from(DIS2d.OUT), to(DIS2d.PAD)
MOD: delay(45 45), type(tCOi), from(DIS2d.C ), to(DIS2d.OUT)
CHK: delay(0 0), type(tSRW), from(DIS2d.AP ), to(DIS2d.AP )
CHK: delay(180 180), type(tSRR), from(DIS2d.AP ), to(DIS2d.C )
CHK: delay(0 0), type(tWLA), from(DIS2d.C ), to(DIS2d.C )
CHK: delay(0 0), type(tWHA), from(DIS2d.C ), to(DIS2d.C )
CHK: delay(200 200), type(tH), from(DIS2d.D ), to(DIS2d.C )
CHK: delay(200 200), type(tS_PT), from(DIS2d.D ), to(DIS2d.C )
MOD: delay(95 95), type(tSRi), from(DIS2e.AP ), to(DIS2e.OUT)
MOD: delay(140 140), type(tORP+tBUF+tIOO(LVCMOS18)), from(DIS2e.OUT), to(DIS2e.PAD)
MOD: delay(45 45), type(tCOi), from(DIS2e.C ), to(DIS2e.OUT)
CHK: delay(0 0), type(tSRW), from(DIS2e.AP ), to(DIS2e.AP )
CHK: delay(180 180), type(tSRR), from(DIS2e.AP ), to(DIS2e.C )
CHK: delay(0 0), type(tWLA), from(DIS2e.C ), to(DIS2e.C )
CHK: delay(0 0), type(tWHA), from(DIS2e.C ), to(DIS2e.C )
CHK: delay(200 200), type(tH), from(DIS2e.D ), to(DIS2e.C )
CHK: delay(200 200), type(tS_PT), from(DIS2e.D ), to(DIS2e.C )
MOD: delay(95 95), type(tSRi), from(DIS2f.AP ), to(DIS2f.OUT)
MOD: delay(140 140), type(tORP+tBUF+tIOO(LVCMOS18)), from(DIS2f.OUT), to(DIS2f.PAD)
MOD: delay(45 45), type(tCOi), from(DIS2f.C ), to(DIS2f.OUT)
CHK: delay(0 0), type(tSRW), from(DIS2f.AP ), to(DIS2f.AP )
CHK: delay(180 180), type(tSRR), from(DIS2f.AP ), to(DIS2f.C )
CHK: delay(0 0), type(tWLA), from(DIS2f.C ), to(DIS2f.C )
CHK: delay(0 0), type(tWHA), from(DIS2f.C ), to(DIS2f.C )
CHK: delay(200 200), type(tH), from(DIS2f.D ), to(DIS2f.C )
CHK: delay(200 200), type(tS_PT), from(DIS2f.D ), to(DIS2f.C )
MOD: delay(95 95), type(tSRi), from(DIS2g.AP ), to(DIS2g.OUT)
MOD: delay(140 140), type(tORP+tBUF+tIOO(LVCMOS18)), from(DIS2g.OUT), to(DIS2g.PAD)
MOD: delay(45 45), type(tCOi), from(DIS2g.C ), to(DIS2g.OUT)
CHK: delay(0 0), type(tSRW), from(DIS2g.AP ), to(DIS2g.AP )
CHK: delay(180 180), type(tSRR), from(DIS2g.AP ), to(DIS2g.C )
CHK: delay(0 0), type(tWLA), from(DIS2g.C ), to(DIS2g.C )
CHK: delay(0 0), type(tWHA), from(DIS2g.C ), to(DIS2g.C )
CHK: delay(200 200), type(tH), from(DIS2g.D ), to(DIS2g.C )
CHK: delay(200 200), type(tS_PT), from(DIS2g.D ), to(DIS2g.C )
MOD: delay(95 95), type(tSRi), from(DIS3a.AP ), to(DIS3a.OUT)
MOD: delay(140 140), type(tORP+tBUF+tIOO(LVCMOS18)), from(DIS3a.OUT), to(DIS3a.PAD)
MOD: delay(45 45), type(tCOi), from(DIS3a.C ), to(DIS3a.OUT)
CHK: delay(0 0), type(tSRW), from(DIS3a.AP ), to(DIS3a.AP )
CHK: delay(180 180), type(tSRR), from(DIS3a.AP ), to(DIS3a.C )
CHK: delay(0 0), type(tWLA), from(DIS3a.C ), to(DIS3a.C )
CHK: delay(0 0), type(tWHA), from(DIS3a.C ), to(DIS3a.C )
CHK: delay(200 200), type(tH), from(DIS3a.D ), to(DIS3a.C )
CHK: delay(200 200), type(tS_PT), from(DIS3a.D ), to(DIS3a.C )
MOD: delay(95 95), type(tSRi), from(DIS3b.AP ), to(DIS3b.OUT)
MOD: delay(140 140), type(tORP+tBUF+tIOO(LVCMOS18)), from(DIS3b.OUT), to(DIS3b.PAD)
MOD: delay(45 45), type(tCOi), from(DIS3b.C ), to(DIS3b.OUT)
CHK: delay(0 0), type(tSRW), from(DIS3b.AP ), to(DIS3b.AP )
CHK: delay(180 180), type(tSRR), from(DIS3b.AP ), to(DIS3b.C )
CHK: delay(0 0), type(tWLA), from(DIS3b.C ), to(DIS3b.C )
CHK: delay(0 0), type(tWHA), from(DIS3b.C ), to(DIS3b.C )
CHK: delay(200 200), type(tH), from(DIS3b.D ), to(DIS3b.C )
CHK: delay(200 200), type(tS_PT), from(DIS3b.D ), to(DIS3b.C )
MOD: delay(95 95), type(tSRi), from(DIS3c.AP ), to(DIS3c.OUT)
MOD: delay(140 140), type(tORP+tBUF+tIOO(LVCMOS18)), from(DIS3c.OUT), to(DIS3c.PAD)
MOD: delay(45 45), type(tCOi), from(DIS3c.C ), to(DIS3c.OUT)
CHK: delay(0 0), type(tSRW), from(DIS3c.AP ), to(DIS3c.AP )
CHK: delay(180 180), type(tSRR), from(DIS3c.AP ), to(DIS3c.C )
CHK: delay(0 0), type(tWLA), from(DIS3c.C ), to(DIS3c.C )
CHK: delay(0 0), type(tWHA), from(DIS3c.C ), to(DIS3c.C )
CHK: delay(200 200), type(tH), from(DIS3c.D ), to(DIS3c.C )
CHK: delay(200 200), type(tS_PT), from(DIS3c.D ), to(DIS3c.C )
MOD: delay(95 95), type(tSRi), from(DIS3d.AP ), to(DIS3d.OUT)
MOD: delay(140 140), type(tORP+tBUF+tIOO(LVCMOS18)), from(DIS3d.OUT), to(DIS3d.PAD)
MOD: delay(45 45), type(tCOi), from(DIS3d.C ), to(DIS3d.OUT)
CHK: delay(0 0), type(tSRW), from(DIS3d.AP ), to(DIS3d.AP )
CHK: delay(180 180), type(tSRR), from(DIS3d.AP ), to(DIS3d.C )
CHK: delay(0 0), type(tWLA), from(DIS3d.C ), to(DIS3d.C )
CHK: delay(0 0), type(tWHA), from(DIS3d.C ), to(DIS3d.C )
CHK: delay(200 200), type(tH), from(DIS3d.D ), to(DIS3d.C )
CHK: delay(200 200), type(tS_PT), from(DIS3d.D ), to(DIS3d.C )
MOD: delay(95 95), type(tSRi), from(DIS3e.AP ), to(DIS3e.OUT)
MOD: delay(140 140), type(tORP+tBUF+tIOO(LVCMOS18)), from(DIS3e.OUT), to(DIS3e.PAD)
MOD: delay(45 45), type(tCOi), from(DIS3e.C ), to(DIS3e.OUT)
CHK: delay(0 0), type(tSRW), from(DIS3e.AP ), to(DIS3e.AP )
CHK: delay(180 180), type(tSRR), from(DIS3e.AP ), to(DIS3e.C )
CHK: delay(0 0), type(tWLA), from(DIS3e.C ), to(DIS3e.C )
CHK: delay(0 0), type(tWHA), from(DIS3e.C ), to(DIS3e.C )
CHK: delay(200 200), type(tH), from(DIS3e.D ), to(DIS3e.C )
CHK: delay(200 200), type(tS_PT), from(DIS3e.D ), to(DIS3e.C )
MOD: delay(95 95), type(tSRi), from(DIS3f.AP ), to(DIS3f.OUT)
MOD: delay(140 140), type(tORP+tBUF+tIOO(LVCMOS18)), from(DIS3f.OUT), to(DIS3f.PAD)
MOD: delay(45 45), type(tCOi), from(DIS3f.C ), to(DIS3f.OUT)
CHK: delay(0 0), type(tSRW), from(DIS3f.AP ), to(DIS3f.AP )
CHK: delay(180 180), type(tSRR), from(DIS3f.AP ), to(DIS3f.C )
CHK: delay(0 0), type(tWLA), from(DIS3f.C ), to(DIS3f.C )
CHK: delay(0 0), type(tWHA), from(DIS3f.C ), to(DIS3f.C )
CHK: delay(200 200), type(tH), from(DIS3f.D ), to(DIS3f.C )
CHK: delay(200 200), type(tS_PT), from(DIS3f.D ), to(DIS3f.C )
MOD: delay(95 95), type(tSRi), from(DIS3g.AP ), to(DIS3g.OUT)
MOD: delay(140 140), type(tORP+tBUF+tIOO(LVCMOS18)), from(DIS3g.OUT), to(DIS3g.PAD)
MOD: delay(45 45), type(tCOi), from(DIS3g.C ), to(DIS3g.OUT)
CHK: delay(0 0), type(tSRW), from(DIS3g.AP ), to(DIS3g.AP )
CHK: delay(180 180), type(tSRR), from(DIS3g.AP ), to(DIS3g.C )
CHK: delay(0 0), type(tWLA), from(DIS3g.C ), to(DIS3g.C )
CHK: delay(0 0), type(tWHA), from(DIS3g.C ), to(DIS3g.C )
CHK: delay(200 200), type(tH), from(DIS3g.D ), to(DIS3g.C )
CHK: delay(200 200), type(tS_PT), from(DIS3g.D ), to(DIS3g.C )
MOD: delay(95 95), type(tSRi), from(DIS4a.AP ), to(DIS4a.OUT)
MOD: delay(140 140), type(tORP+tBUF+tIOO(LVCMOS18)), from(DIS4a.OUT), to(DIS4a.PAD)
MOD: delay(45 45), type(tCOi), from(DIS4a.C ), to(DIS4a.OUT)
CHK: delay(0 0), type(tSRW), from(DIS4a.AP ), to(DIS4a.AP )
CHK: delay(180 180), type(tSRR), from(DIS4a.AP ), to(DIS4a.C )
CHK: delay(0 0), type(tWLA), from(DIS4a.C ), to(DIS4a.C )
CHK: delay(0 0), type(tWHA), from(DIS4a.C ), to(DIS4a.C )
CHK: delay(200 200), type(tH), from(DIS4a.D ), to(DIS4a.C )
CHK: delay(200 200), type(tS_PT), from(DIS4a.D ), to(DIS4a.C )
MOD: delay(95 95), type(tSRi), from(DIS4b.AP ), to(DIS4b.OUT)
MOD: delay(140 140), type(tORP+tBUF+tIOO(LVCMOS18)), from(DIS4b.OUT), to(DIS4b.PAD)
MOD: delay(45 45), type(tCOi), from(DIS4b.C ), to(DIS4b.OUT)
CHK: delay(0 0), type(tSRW), from(DIS4b.AP ), to(DIS4b.AP )
CHK: delay(180 180), type(tSRR), from(DIS4b.AP ), to(DIS4b.C )
CHK: delay(0 0), type(tWLA), from(DIS4b.C ), to(DIS4b.C )
CHK: delay(0 0), type(tWHA), from(DIS4b.C ), to(DIS4b.C )
CHK: delay(200 200), type(tH), from(DIS4b.D ), to(DIS4b.C )
CHK: delay(200 200), type(tS_PT), from(DIS4b.D ), to(DIS4b.C )
MOD: delay(95 95), type(tSRi), from(DIS4c.AP ), to(DIS4c.OUT)
MOD: delay(140 140), type(tORP+tBUF+tIOO(LVCMOS18)), from(DIS4c.OUT), to(DIS4c.PAD)
MOD: delay(45 45), type(tCOi), from(DIS4c.C ), to(DIS4c.OUT)
CHK: delay(0 0), type(tSRW), from(DIS4c.AP ), to(DIS4c.AP )
CHK: delay(180 180), type(tSRR), from(DIS4c.AP ), to(DIS4c.C )
CHK: delay(0 0), type(tWLA), from(DIS4c.C ), to(DIS4c.C )
CHK: delay(0 0), type(tWHA), from(DIS4c.C ), to(DIS4c.C )
CHK: delay(200 200), type(tH), from(DIS4c.D ), to(DIS4c.C )
CHK: delay(200 200), type(tS_PT), from(DIS4c.D ), to(DIS4c.C )
MOD: delay(95 95), type(tSRi), from(DIS4d.AP ), to(DIS4d.OUT)
MOD: delay(140 140), type(tORP+tBUF+tIOO(LVCMOS18)), from(DIS4d.OUT), to(DIS4d.PAD)
MOD: delay(45 45), type(tCOi), from(DIS4d.C ), to(DIS4d.OUT)
CHK: delay(0 0), type(tSRW), from(DIS4d.AP ), to(DIS4d.AP )
CHK: delay(180 180), type(tSRR), from(DIS4d.AP ), to(DIS4d.C )
CHK: delay(0 0), type(tWLA), from(DIS4d.C ), to(DIS4d.C )
CHK: delay(0 0), type(tWHA), from(DIS4d.C ), to(DIS4d.C )
CHK: delay(200 200), type(tH), from(DIS4d.D ), to(DIS4d.C )
CHK: delay(200 200), type(tS_PT), from(DIS4d.D ), to(DIS4d.C )
MOD: delay(95 95), type(tSRi), from(DIS4e.AP ), to(DIS4e.OUT)
MOD: delay(140 140), type(tORP+tBUF+tIOO(LVCMOS18)), from(DIS4e.OUT), to(DIS4e.PAD)
MOD: delay(45 45), type(tCOi), from(DIS4e.C ), to(DIS4e.OUT)
CHK: delay(0 0), type(tSRW), from(DIS4e.AP ), to(DIS4e.AP )
CHK: delay(180 180), type(tSRR), from(DIS4e.AP ), to(DIS4e.C )
CHK: delay(0 0), type(tWLA), from(DIS4e.C ), to(DIS4e.C )
CHK: delay(0 0), type(tWHA), from(DIS4e.C ), to(DIS4e.C )
CHK: delay(200 200), type(tH), from(DIS4e.D ), to(DIS4e.C )
CHK: delay(200 200), type(tS_PT), from(DIS4e.D ), to(DIS4e.C )
MOD: delay(95 95), type(tSRi), from(DIS4f.AP ), to(DIS4f.OUT)
MOD: delay(140 140), type(tORP+tBUF+tIOO(LVCMOS18)), from(DIS4f.OUT), to(DIS4f.PAD)
MOD: delay(45 45), type(tCOi), from(DIS4f.C ), to(DIS4f.OUT)
CHK: delay(0 0), type(tSRW), from(DIS4f.AP ), to(DIS4f.AP )
CHK: delay(180 180), type(tSRR), from(DIS4f.AP ), to(DIS4f.C )
CHK: delay(0 0), type(tWLA), from(DIS4f.C ), to(DIS4f.C )
CHK: delay(0 0), type(tWHA), from(DIS4f.C ), to(DIS4f.C )
CHK: delay(200 200), type(tH), from(DIS4f.D ), to(DIS4f.C )
CHK: delay(200 200), type(tS_PT), from(DIS4f.D ), to(DIS4f.C )
MOD: delay(95 95), type(tSRi), from(DIS4g.AP ), to(DIS4g.OUT)
MOD: delay(140 140), type(tORP+tBUF+tIOO(LVCMOS18)), from(DIS4g.OUT), to(DIS4g.PAD)
MOD: delay(45 45), type(tCOi), from(DIS4g.C ), to(DIS4g.OUT)
CHK: delay(0 0), type(tSRW), from(DIS4g.AP ), to(DIS4g.AP )
CHK: delay(180 180), type(tSRR), from(DIS4g.AP ), to(DIS4g.C )
CHK: delay(0 0), type(tWLA), from(DIS4g.C ), to(DIS4g.C )
CHK: delay(0 0), type(tWHA), from(DIS4g.C ), to(DIS4g.C )
CHK: delay(200 200), type(tH), from(DIS4g.D ), to(DIS4g.C )
CHK: delay(200 200), type(tS_PT), from(DIS4g.D ), to(DIS4g.C )
MOD: delay(140 140), type(tORP+tBUF+tIOO(LVCMOS18)), from(LED16.Q ), to(LED16.PAD)
MOD: delay(45 45), type(tCOi), from(LED16.C ), to(LED16.Q )
CHK: delay(0 0), type(tWLA), from(LED16.C ), to(LED16.C )
CHK: delay(0 0), type(tWHA), from(LED16.C ), to(LED16.C )
CHK: delay(200 200), type(tH), from(LED16.D ), to(LED16.C )
CHK: delay(200 200), type(tS_PT), from(LED16.D ), to(LED16.C )
MOD: delay(140 140), type(tORP+tBUF+tIOO(LVCMOS18)), from(LED17.OUT), to(LED17.PAD)
MOD: delay(45 45), type(tPDi), from(LED17 ), to(LED17.OUT)
MOD: delay(140 140), type(tORP+tBUF+tIOO(LVCMOS18)), from(LED18.OUT), to(LED18.PAD)
MOD: delay(45 45), type(tPDi), from(LED18 ), to(LED18.OUT)
MOD: delay(45 45), type(tPDi), from(osc_dis ), to(osc_dis.OUT)
MOD: delay(45 45), type(tCOi), from(timdiv1.C ), to(timdiv1.Q )
CHK: delay(0 0), type(tWLA), from(timdiv1.C ), to(timdiv1.C )
CHK: delay(0 0), type(tWHA), from(timdiv1.C ), to(timdiv1.C )
CHK: delay(200 200), type(tH), from(timdiv1.D ), to(timdiv1.C )
CHK: delay(200 200), type(tS_PT), from(timdiv1.D ), to(timdiv1.C )
MOD: delay(45 45), type(tCOi), from(timdiv2.C ), to(timdiv2.Q )
CHK: delay(0 0), type(tWLA), from(timdiv2.C ), to(timdiv2.C )
CHK: delay(0 0), type(tWHA), from(timdiv2.C ), to(timdiv2.C )
CHK: delay(200 200), type(tH), from(timdiv2.D ), to(timdiv2.C )
CHK: delay(200 200), type(tS_PT), from(timdiv2.D ), to(timdiv2.C )
MOD: delay(95 95), type(tSRi), from(X0.AP ), to(X0.Q )
MOD: delay(45 45), type(tCOi), from(X0.C ), to(X0.Q )
CHK: delay(0 0), type(tSRW), from(X0.AP ), to(X0.AP )
CHK: delay(180 180), type(tSRR), from(X0.AP ), to(X0.C )
CHK: delay(0 0), type(tWLA), from(X0.C ), to(X0.C )
CHK: delay(0 0), type(tWHA), from(X0.C ), to(X0.C )
CHK: delay(200 200), type(tH), from(X0.D.X2 ), to(X0.C )
CHK: delay(200 200), type(tS_PT), from(X0.D.X2 ), to(X0.C )
CHK: delay(200 200), type(tH), from(X0.D.X1 ), to(X0.C )
CHK: delay(200 200), type(tS_PT), from(X0.D.X1 ), to(X0.C )
MOD: delay(95 95), type(tSRi), from(X1.AP ), to(X1.Q )
MOD: delay(45 45), type(tCOi), from(X1.C ), to(X1.Q )
CHK: delay(0 0), type(tSRW), from(X1.AP ), to(X1.AP )
CHK: delay(180 180), type(tSRR), from(X1.AP ), to(X1.C )
CHK: delay(0 0), type(tWLA), from(X1.C ), to(X1.C )
CHK: delay(0 0), type(tWHA), from(X1.C ), to(X1.C )
CHK: delay(200 200), type(tH), from(X1.D ), to(X1.C )
CHK: delay(200 200), type(tS_PT), from(X1.D ), to(X1.C )
MOD: delay(95 95), type(tSRi), from(X2.AP ), to(X2.Q )
MOD: delay(45 45), type(tCOi), from(X2.C ), to(X2.Q )
CHK: delay(0 0), type(tSRW), from(X2.AP ), to(X2.AP )
CHK: delay(180 180), type(tSRR), from(X2.AP ), to(X2.C )
CHK: delay(0 0), type(tWLA), from(X2.C ), to(X2.C )
CHK: delay(0 0), type(tWHA), from(X2.C ), to(X2.C )
CHK: delay(200 200), type(tH), from(X2.D ), to(X2.C )
CHK: delay(200 200), type(tS_PT), from(X2.D ), to(X2.C )
MOD: delay(95 95), type(tSRi), from(X3.AP ), to(X3.Q )
MOD: delay(45 45), type(tCOi), from(X3.C ), to(X3.Q )
CHK: delay(0 0), type(tSRW), from(X3.AP ), to(X3.AP )
CHK: delay(180 180), type(tSRR), from(X3.AP ), to(X3.C )
CHK: delay(0 0), type(tWLA), from(X3.C ), to(X3.C )
CHK: delay(0 0), type(tWHA), from(X3.C ), to(X3.C )
CHK: delay(200 200), type(tH), from(X3.D ), to(X3.C )
CHK: delay(200 200), type(tS_PT), from(X3.D ), to(X3.C )
MOD: delay(95 95), type(tSRi), from(X4.AP ), to(X4.Q )
MOD: delay(45 45), type(tCOi), from(X4.C ), to(X4.Q )
CHK: delay(0 0), type(tSRW), from(X4.AP ), to(X4.AP )
CHK: delay(180 180), type(tSRR), from(X4.AP ), to(X4.C )
CHK: delay(0 0), type(tWLA), from(X4.C ), to(X4.C )
CHK: delay(0 0), type(tWHA), from(X4.C ), to(X4.C )
CHK: delay(200 200), type(tH), from(X4.D ), to(X4.C )
CHK: delay(200 200), type(tS_PT), from(X4.D ), to(X4.C )
MOD: delay(95 95), type(tSRi), from(X5.AP ), to(X5.Q )
MOD: delay(45 45), type(tCOi), from(X5.C ), to(X5.Q )
CHK: delay(0 0), type(tSRW), from(X5.AP ), to(X5.AP )
CHK: delay(180 180), type(tSRR), from(X5.AP ), to(X5.C )
CHK: delay(0 0), type(tWLA), from(X5.C ), to(X5.C )
CHK: delay(0 0), type(tWHA), from(X5.C ), to(X5.C )
CHK: delay(200 200), type(tH), from(X5.D ), to(X5.C )
CHK: delay(200 200), type(tS_PT), from(X5.D ), to(X5.C )
MOD: delay(95 95), type(tSRi), from(X6.AP ), to(X6.Q )
MOD: delay(45 45), type(tCOi), from(X6.C ), to(X6.Q )
CHK: delay(0 0), type(tSRW), from(X6.AP ), to(X6.AP )
CHK: delay(180 180), type(tSRR), from(X6.AP ), to(X6.C )
CHK: delay(0 0), type(tWLA), from(X6.C ), to(X6.C )
CHK: delay(0 0), type(tWHA), from(X6.C ), to(X6.C )
CHK: delay(200 200), type(tH), from(X6.D ), to(X6.C )
CHK: delay(200 200), type(tS_PT), from(X6.D ), to(X6.C )
MOD: delay(95 95), type(tSRi), from(X7.AP ), to(X7.Q )
MOD: delay(45 45), type(tCOi), from(X7.C ), to(X7.Q )
CHK: delay(0 0), type(tSRW), from(X7.AP ), to(X7.AP )
CHK: delay(180 180), type(tSRR), from(X7.AP ), to(X7.C )
CHK: delay(0 0), type(tWLA), from(X7.C ), to(X7.C )
CHK: delay(0 0), type(tWHA), from(X7.C ), to(X7.C )
CHK: delay(200 200), type(tH), from(X7.D ), to(X7.C )
CHK: delay(200 200), type(tS_PT), from(X7.D ), to(X7.C )
MOD: delay(95 95), type(tSRi), from(BFC.AP ), to(BFC.Q )
MOD: delay(95 95), type(tSRi), from(BFC.AR ), to(BFC.Q )
MOD: delay(45 45), type(tCOi), from(BFC.C ), to(BFC.Q )
CHK: delay(0 0), type(tSRW), from(BFC.AP ), to(BFC.AP )
CHK: delay(180 180), type(tSRR), from(BFC.AP ), to(BFC.C )
CHK: delay(0 0), type(tSRW), from(BFC.AR ), to(BFC.AR )
CHK: delay(180 180), type(tSRR), from(BFC.AR ), to(BFC.C )
CHK: delay(0 0), type(tWLA), from(BFC.C ), to(BFC.C )
CHK: delay(0 0), type(tWHA), from(BFC.C ), to(BFC.C )
CHK: delay(200 200), type(tH), from(BFC.D ), to(BFC.C )
CHK: delay(200 200), type(tS_PT), from(BFC.D ), to(BFC.C )
MOD: delay(95 95), type(tSRi), from(Q0.AR ), to(Q0.Q )
MOD: delay(45 45), type(tCOi), from(Q0.C ), to(Q0.Q )
CHK: delay(0 0), type(tSRW), from(Q0.AR ), to(Q0.AR )
CHK: delay(180 180), type(tSRR), from(Q0.AR ), to(Q0.C )
CHK: delay(0 0), type(tWLA), from(Q0.C ), to(Q0.C )
CHK: delay(0 0), type(tWHA), from(Q0.C ), to(Q0.C )
CHK: delay(200 200), type(tH), from(Q0.D.X2 ), to(Q0.C )
CHK: delay(200 200), type(tS_PT), from(Q0.D.X2 ), to(Q0.C )
CHK: delay(200 200), type(tH), from(Q0.D.X1 ), to(Q0.C )
CHK: delay(200 200), type(tS_PT), from(Q0.D.X1 ), to(Q0.C )
MOD: delay(95 95), type(tSRi), from(Q1.AR ), to(Q1.Q )
MOD: delay(45 45), type(tCOi), from(Q1.C ), to(Q1.Q )
CHK: delay(0 0), type(tSRW), from(Q1.AR ), to(Q1.AR )
CHK: delay(180 180), type(tSRR), from(Q1.AR ), to(Q1.C )
CHK: delay(0 0), type(tWLA), from(Q1.C ), to(Q1.C )
CHK: delay(0 0), type(tWHA), from(Q1.C ), to(Q1.C )
CHK: delay(200 200), type(tH), from(Q1.D ), to(Q1.C )
CHK: delay(200 200), type(tS_PT), from(Q1.D ), to(Q1.C )
MOD: delay(95 95), type(tSRi), from(Q2.AR ), to(Q2.Q )
MOD: delay(45 45), type(tCOi), from(Q2.C ), to(Q2.Q )
CHK: delay(0 0), type(tSRW), from(Q2.AR ), to(Q2.AR )
CHK: delay(180 180), type(tSRR), from(Q2.AR ), to(Q2.C )
CHK: delay(0 0), type(tWLA), from(Q2.C ), to(Q2.C )
CHK: delay(0 0), type(tWHA), from(Q2.C ), to(Q2.C )
CHK: delay(200 200), type(tH), from(Q2.D.X2 ), to(Q2.C )
CHK: delay(200 200), type(tS_PT), from(Q2.D.X2 ), to(Q2.C )
CHK: delay(200 200), type(tH), from(Q2.D.X1 ), to(Q2.C )
CHK: delay(200 200), type(tS_PT), from(Q2.D.X1 ), to(Q2.C )
MOD: delay(95 95), type(tSRi), from(Q3.AR ), to(Q3.Q )
MOD: delay(45 45), type(tCOi), from(Q3.C ), to(Q3.Q )
CHK: delay(0 0), type(tSRW), from(Q3.AR ), to(Q3.AR )
CHK: delay(180 180), type(tSRR), from(Q3.AR ), to(Q3.C )
CHK: delay(0 0), type(tWLA), from(Q3.C ), to(Q3.C )
CHK: delay(0 0), type(tWHA), from(Q3.C ), to(Q3.C )
CHK: delay(200 200), type(tH), from(Q3.D ), to(Q3.C )
CHK: delay(200 200), type(tS_PT), from(Q3.D ), to(Q3.C )
MOD: delay(95 95), type(tSRi), from(RDIS2a.AR ), to(RDIS2a.Q )
MOD: delay(45 45), type(tCOi), from(RDIS2a.C ), to(RDIS2a.Q )
CHK: delay(0 0), type(tSRW), from(RDIS2a.AR ), to(RDIS2a.AR )
CHK: delay(180 180), type(tSRR), from(RDIS2a.AR ), to(RDIS2a.C )
CHK: delay(0 0), type(tWLA), from(RDIS2a.C ), to(RDIS2a.C )
CHK: delay(0 0), type(tWHA), from(RDIS2a.C ), to(RDIS2a.C )
CHK: delay(200 200), type(tH), from(RDIS2a.D ), to(RDIS2a.C )
CHK: delay(200 200), type(tS_PT), from(RDIS2a.D ), to(RDIS2a.C )
MOD: delay(95 95), type(tSRi), from(RDIS2b.AR ), to(RDIS2b.Q )
MOD: delay(45 45), type(tCOi), from(RDIS2b.C ), to(RDIS2b.Q )
CHK: delay(0 0), type(tSRW), from(RDIS2b.AR ), to(RDIS2b.AR )
CHK: delay(180 180), type(tSRR), from(RDIS2b.AR ), to(RDIS2b.C )
CHK: delay(0 0), type(tWLA), from(RDIS2b.C ), to(RDIS2b.C )
CHK: delay(0 0), type(tWHA), from(RDIS2b.C ), to(RDIS2b.C )
CHK: delay(200 200), type(tH), from(RDIS2b.D ), to(RDIS2b.C )
CHK: delay(200 200), type(tS_PT), from(RDIS2b.D ), to(RDIS2b.C )
MOD: delay(95 95), type(tSRi), from(RDIS2c.AR ), to(RDIS2c.Q )
MOD: delay(45 45), type(tCOi), from(RDIS2c.C ), to(RDIS2c.Q )
CHK: delay(0 0), type(tSRW), from(RDIS2c.AR ), to(RDIS2c.AR )
CHK: delay(180 180), type(tSRR), from(RDIS2c.AR ), to(RDIS2c.C )
CHK: delay(0 0), type(tWLA), from(RDIS2c.C ), to(RDIS2c.C )
CHK: delay(0 0), type(tWHA), from(RDIS2c.C ), to(RDIS2c.C )
CHK: delay(200 200), type(tH), from(RDIS2c.D ), to(RDIS2c.C )
CHK: delay(200 200), type(tS_PT), from(RDIS2c.D ), to(RDIS2c.C )
MOD: delay(95 95), type(tSRi), from(RDIS2d.AR ), to(RDIS2d.Q )
MOD: delay(45 45), type(tCOi), from(RDIS2d.C ), to(RDIS2d.Q )
CHK: delay(0 0), type(tSRW), from(RDIS2d.AR ), to(RDIS2d.AR )
CHK: delay(180 180), type(tSRR), from(RDIS2d.AR ), to(RDIS2d.C )
CHK: delay(0 0), type(tWLA), from(RDIS2d.C ), to(RDIS2d.C )
CHK: delay(0 0), type(tWHA), from(RDIS2d.C ), to(RDIS2d.C )
CHK: delay(200 200), type(tH), from(RDIS2d.D ), to(RDIS2d.C )
CHK: delay(200 200), type(tS_PT), from(RDIS2d.D ), to(RDIS2d.C )
MOD: delay(95 95), type(tSRi), from(RDIS2e.AR ), to(RDIS2e.Q )
MOD: delay(45 45), type(tCOi), from(RDIS2e.C ), to(RDIS2e.Q )
CHK: delay(0 0), type(tSRW), from(RDIS2e.AR ), to(RDIS2e.AR )
CHK: delay(180 180), type(tSRR), from(RDIS2e.AR ), to(RDIS2e.C )
CHK: delay(0 0), type(tWLA), from(RDIS2e.C ), to(RDIS2e.C )
CHK: delay(0 0), type(tWHA), from(RDIS2e.C ), to(RDIS2e.C )
CHK: delay(200 200), type(tH), from(RDIS2e.D ), to(RDIS2e.C )
CHK: delay(200 200), type(tS_PT), from(RDIS2e.D ), to(RDIS2e.C )
MOD: delay(95 95), type(tSRi), from(RDIS2f.AR ), to(RDIS2f.Q )
MOD: delay(45 45), type(tCOi), from(RDIS2f.C ), to(RDIS2f.Q )
CHK: delay(0 0), type(tSRW), from(RDIS2f.AR ), to(RDIS2f.AR )
CHK: delay(180 180), type(tSRR), from(RDIS2f.AR ), to(RDIS2f.C )
CHK: delay(0 0), type(tWLA), from(RDIS2f.C ), to(RDIS2f.C )
CHK: delay(0 0), type(tWHA), from(RDIS2f.C ), to(RDIS2f.C )
CHK: delay(200 200), type(tH), from(RDIS2f.D ), to(RDIS2f.C )
CHK: delay(200 200), type(tS_PT), from(RDIS2f.D ), to(RDIS2f.C )
MOD: delay(95 95), type(tSRi), from(RDIS2g.AR ), to(RDIS2g.Q )
MOD: delay(45 45), type(tCOi), from(RDIS2g.C ), to(RDIS2g.Q )
CHK: delay(0 0), type(tSRW), from(RDIS2g.AR ), to(RDIS2g.AR )
CHK: delay(180 180), type(tSRR), from(RDIS2g.AR ), to(RDIS2g.C )
CHK: delay(0 0), type(tWLA), from(RDIS2g.C ), to(RDIS2g.C )
CHK: delay(0 0), type(tWHA), from(RDIS2g.C ), to(RDIS2g.C )
CHK: delay(200 200), type(tH), from(RDIS2g.D ), to(RDIS2g.C )
CHK: delay(200 200), type(tS_PT), from(RDIS2g.D ), to(RDIS2g.C )
MOD: delay(95 95), type(tSRi), from(RDIS3a.AR ), to(RDIS3a.Q )
MOD: delay(45 45), type(tCOi), from(RDIS3a.C ), to(RDIS3a.Q )
CHK: delay(0 0), type(tSRW), from(RDIS3a.AR ), to(RDIS3a.AR )
CHK: delay(180 180), type(tSRR), from(RDIS3a.AR ), to(RDIS3a.C )
CHK: delay(0 0), type(tWLA), from(RDIS3a.C ), to(RDIS3a.C )
CHK: delay(0 0), type(tWHA), from(RDIS3a.C ), to(RDIS3a.C )
CHK: delay(200 200), type(tH), from(RDIS3a.D ), to(RDIS3a.C )
CHK: delay(200 200), type(tS_PT), from(RDIS3a.D ), to(RDIS3a.C )
MOD: delay(95 95), type(tSRi), from(RDIS3b.AR ), to(RDIS3b.Q )
MOD: delay(45 45), type(tCOi), from(RDIS3b.C ), to(RDIS3b.Q )
CHK: delay(0 0), type(tSRW), from(RDIS3b.AR ), to(RDIS3b.AR )
CHK: delay(180 180), type(tSRR), from(RDIS3b.AR ), to(RDIS3b.C )
CHK: delay(0 0), type(tWLA), from(RDIS3b.C ), to(RDIS3b.C )
CHK: delay(0 0), type(tWHA), from(RDIS3b.C ), to(RDIS3b.C )
CHK: delay(200 200), type(tH), from(RDIS3b.D ), to(RDIS3b.C )
CHK: delay(200 200), type(tS_PT), from(RDIS3b.D ), to(RDIS3b.C )
MOD: delay(95 95), type(tSRi), from(RDIS3c.AR ), to(RDIS3c.Q )
MOD: delay(45 45), type(tCOi), from(RDIS3c.C ), to(RDIS3c.Q )
CHK: delay(0 0), type(tSRW), from(RDIS3c.AR ), to(RDIS3c.AR )
CHK: delay(180 180), type(tSRR), from(RDIS3c.AR ), to(RDIS3c.C )
CHK: delay(0 0), type(tWLA), from(RDIS3c.C ), to(RDIS3c.C )
CHK: delay(0 0), type(tWHA), from(RDIS3c.C ), to(RDIS3c.C )
CHK: delay(200 200), type(tH), from(RDIS3c.D ), to(RDIS3c.C )
CHK: delay(200 200), type(tS_PT), from(RDIS3c.D ), to(RDIS3c.C )
MOD: delay(95 95), type(tSRi), from(RDIS3d.AR ), to(RDIS3d.Q )
MOD: delay(45 45), type(tCOi), from(RDIS3d.C ), to(RDIS3d.Q )
CHK: delay(0 0), type(tSRW), from(RDIS3d.AR ), to(RDIS3d.AR )
CHK: delay(180 180), type(tSRR), from(RDIS3d.AR ), to(RDIS3d.C )
CHK: delay(0 0), type(tWLA), from(RDIS3d.C ), to(RDIS3d.C )
CHK: delay(0 0), type(tWHA), from(RDIS3d.C ), to(RDIS3d.C )
CHK: delay(200 200), type(tH), from(RDIS3d.D ), to(RDIS3d.C )
CHK: delay(200 200), type(tS_PT), from(RDIS3d.D ), to(RDIS3d.C )
MOD: delay(95 95), type(tSRi), from(RDIS3e.AR ), to(RDIS3e.Q )
MOD: delay(45 45), type(tCOi), from(RDIS3e.C ), to(RDIS3e.Q )
CHK: delay(0 0), type(tSRW), from(RDIS3e.AR ), to(RDIS3e.AR )
CHK: delay(180 180), type(tSRR), from(RDIS3e.AR ), to(RDIS3e.C )
CHK: delay(0 0), type(tWLA), from(RDIS3e.C ), to(RDIS3e.C )
CHK: delay(0 0), type(tWHA), from(RDIS3e.C ), to(RDIS3e.C )
CHK: delay(200 200), type(tH), from(RDIS3e.D ), to(RDIS3e.C )
CHK: delay(200 200), type(tS_PT), from(RDIS3e.D ), to(RDIS3e.C )
MOD: delay(95 95), type(tSRi), from(RDIS3f.AR ), to(RDIS3f.Q )
MOD: delay(45 45), type(tCOi), from(RDIS3f.C ), to(RDIS3f.Q )
CHK: delay(0 0), type(tSRW), from(RDIS3f.AR ), to(RDIS3f.AR )
CHK: delay(180 180), type(tSRR), from(RDIS3f.AR ), to(RDIS3f.C )
CHK: delay(0 0), type(tWLA), from(RDIS3f.C ), to(RDIS3f.C )
CHK: delay(0 0), type(tWHA), from(RDIS3f.C ), to(RDIS3f.C )
CHK: delay(200 200), type(tH), from(RDIS3f.D ), to(RDIS3f.C )
CHK: delay(200 200), type(tS_PT), from(RDIS3f.D ), to(RDIS3f.C )
MOD: delay(95 95), type(tSRi), from(RDIS3g.AR ), to(RDIS3g.Q )
MOD: delay(45 45), type(tCOi), from(RDIS3g.C ), to(RDIS3g.Q )
CHK: delay(0 0), type(tSRW), from(RDIS3g.AR ), to(RDIS3g.AR )
CHK: delay(180 180), type(tSRR), from(RDIS3g.AR ), to(RDIS3g.C )
CHK: delay(0 0), type(tWLA), from(RDIS3g.C ), to(RDIS3g.C )
CHK: delay(0 0), type(tWHA), from(RDIS3g.C ), to(RDIS3g.C )
CHK: delay(200 200), type(tH), from(RDIS3g.D ), to(RDIS3g.C )
CHK: delay(200 200), type(tS_PT), from(RDIS3g.D ), to(RDIS3g.C )
MOD: delay(95 95), type(tSRi), from(P0.AR ), to(P0.Q )
MOD: delay(45 45), type(tCOi), from(P0.C ), to(P0.Q )
CHK: delay(0 0), type(tSRW), from(P0.AR ), to(P0.AR )
CHK: delay(180 180), type(tSRR), from(P0.AR ), to(P0.C )
CHK: delay(0 0), type(tWLA), from(P0.C ), to(P0.C )
CHK: delay(0 0), type(tWHA), from(P0.C ), to(P0.C )
CHK: delay(200 200), type(tH), from(P0.D.X2 ), to(P0.C )
CHK: delay(200 200), type(tS_PT), from(P0.D.X2 ), to(P0.C )
CHK: delay(200 200), type(tH), from(P0.D.X1 ), to(P0.C )
CHK: delay(200 200), type(tS_PT), from(P0.D.X1 ), to(P0.C )
MOD: delay(95 95), type(tSRi), from(P1.AR ), to(P1.Q )
MOD: delay(45 45), type(tCOi), from(P1.C ), to(P1.Q )
CHK: delay(0 0), type(tSRW), from(P1.AR ), to(P1.AR )
CHK: delay(180 180), type(tSRR), from(P1.AR ), to(P1.C )
CHK: delay(0 0), type(tWLA), from(P1.C ), to(P1.C )
CHK: delay(0 0), type(tWHA), from(P1.C ), to(P1.C )
CHK: delay(200 200), type(tH), from(P1.D.X2 ), to(P1.C )
CHK: delay(200 200), type(tS_PT), from(P1.D.X2 ), to(P1.C )
CHK: delay(200 200), type(tH), from(P1.D.X1 ), to(P1.C )
CHK: delay(200 200), type(tS_PT), from(P1.D.X1 ), to(P1.C )
MOD: delay(95 95), type(tSRi), from(P2.AR ), to(P2.Q )
MOD: delay(45 45), type(tCOi), from(P2.C ), to(P2.Q )
CHK: delay(0 0), type(tSRW), from(P2.AR ), to(P2.AR )
CHK: delay(180 180), type(tSRR), from(P2.AR ), to(P2.C )
CHK: delay(0 0), type(tWLA), from(P2.C ), to(P2.C )
CHK: delay(0 0), type(tWHA), from(P2.C ), to(P2.C )
CHK: delay(200 200), type(tH), from(P2.D ), to(P2.C )
CHK: delay(200 200), type(tS_PT), from(P2.D ), to(P2.C )
MOD: delay(95 95), type(tSRi), from(P3.AR ), to(P3.Q )
MOD: delay(45 45), type(tCOi), from(P3.C ), to(P3.Q )
CHK: delay(0 0), type(tSRW), from(P3.AR ), to(P3.AR )
CHK: delay(180 180), type(tSRR), from(P3.AR ), to(P3.C )
CHK: delay(0 0), type(tWLA), from(P3.C ), to(P3.C )
CHK: delay(0 0), type(tWHA), from(P3.C ), to(P3.C )
CHK: delay(200 200), type(tH), from(P3.D.X2 ), to(P3.C )
CHK: delay(200 200), type(tS_PT), from(P3.D.X2 ), to(P3.C )
CHK: delay(200 200), type(tH), from(P3.D.X1 ), to(P3.C )
CHK: delay(200 200), type(tS_PT), from(P3.D.X1 ), to(P3.C )
MOD: delay(45 45), type(tPDi), from(_dup_osc_dis ), to(_dup_osc_dis.OUT)
NET: delay(445 445), type(tFBK+tROUTE+tPTCLK), from(timdiv1.Q ), to(timdiv2.C )
NET: delay(365 365), type(tFBK+tROUTE+tMCELL), from(timdiv1.Q ), to(timdiv1.D )
NET: delay(75 75), type(tFBK), from(_dup_osc_dis.OUT), to(I1.TIMERRES)
NET: delay(75 75), type(tFBK), from(osc_dis.OUT), to(I1.DYNOSCDIS)
NET: delay(370 370), type(tROUTE+tPTCLK), from(I1.TIMEROUT), to(timdiv1.C )
NET: delay(500 500), type(tFBK+tROUTE+tBLA*11+tBCLK), from(timdiv2.Q ), to(P3.C )
NET: delay(500 500), type(tFBK+tROUTE+tBLA*11+tBCLK), from(timdiv2.Q ), to(P2.C )
NET: delay(500 500), type(tFBK+tROUTE+tBLA*11+tBCLK), from(timdiv2.Q ), to(P1.C )
NET: delay(500 500), type(tFBK+tROUTE+tBLA*11+tBCLK), from(timdiv2.Q ), to(P0.C )
NET: delay(500 500), type(tFBK+tROUTE+tBLA*11+tBCLK), from(timdiv2.Q ), to(RDIS3g.C )
NET: delay(500 500), type(tFBK+tROUTE+tBLA*11+tBCLK), from(timdiv2.Q ), to(RDIS3f.C )
NET: delay(500 500), type(tFBK+tROUTE+tBLA*11+tBCLK), from(timdiv2.Q ), to(RDIS3e.C )
NET: delay(500 500), type(tFBK+tROUTE+tBLA*11+tBCLK), from(timdiv2.Q ), to(RDIS3d.C )
NET: delay(500 500), type(tFBK+tROUTE+tBLA*11+tBCLK), from(timdiv2.Q ), to(RDIS3c.C )
NET: delay(500 500), type(tFBK+tROUTE+tBLA*11+tBCLK), from(timdiv2.Q ), to(RDIS3b.C )
NET: delay(500 500), type(tFBK+tROUTE+tBLA*11+tBCLK), from(timdiv2.Q ), to(RDIS3a.C )
NET: delay(500 500), type(tFBK+tROUTE+tBLA*11+tBCLK), from(timdiv2.Q ), to(RDIS2g.C )
NET: delay(500 500), type(tFBK+tROUTE+tBLA*11+tBCLK), from(timdiv2.Q ), to(RDIS2f.C )
NET: delay(500 500), type(tFBK+tROUTE+tBLA*11+tBCLK), from(timdiv2.Q ), to(RDIS2e.C )
NET: delay(500 500), type(tFBK+tROUTE+tBLA*11+tBCLK), from(timdiv2.Q ), to(RDIS2d.C )
NET: delay(500 500), type(tFBK+tROUTE+tBLA*11+tBCLK), from(timdiv2.Q ), to(RDIS2c.C )
NET: delay(500 500), type(tFBK+tROUTE+tBLA*11+tBCLK), from(timdiv2.Q ), to(RDIS2b.C )
NET: delay(500 500), type(tFBK+tROUTE+tBLA*11+tBCLK), from(timdiv2.Q ), to(RDIS2a.C )
NET: delay(500 500), type(tFBK+tROUTE+tBLA*11+tBCLK), from(timdiv2.Q ), to(X7.C )
NET: delay(500 500), type(tFBK+tROUTE+tBLA*11+tBCLK), from(timdiv2.Q ), to(X6.C )
NET: delay(500 500), type(tFBK+tROUTE+tBLA*11+tBCLK), from(timdiv2.Q ), to(X5.C )
NET: delay(500 500), type(tFBK+tROUTE+tBLA*11+tBCLK), from(timdiv2.Q ), to(X4.C )
NET: delay(500 500), type(tFBK+tROUTE+tBLA*11+tBCLK), from(timdiv2.Q ), to(X3.C )
NET: delay(500 500), type(tFBK+tROUTE+tBLA*11+tBCLK), from(timdiv2.Q ), to(X2.C )
NET: delay(500 500), type(tFBK+tROUTE+tBLA*11+tBCLK), from(timdiv2.Q ), to(X1.C )
NET: delay(500 500), type(tFBK+tROUTE+tBLA*11+tBCLK), from(timdiv2.Q ), to(X0.C )
NET: delay(420 420), type(tFBK+tROUTE+tBLA*11+tMCELL), from(timdiv2.Q ), to(timdiv2.D )
NET: delay(500 500), type(tFBK+tROUTE+tBLA*11+tPTCLK), from(timdiv2.Q ), to(LED16.C )
NET: delay(500 500), type(tFBK+tROUTE+tBLA*11+tBCLK), from(timdiv2.Q ), to(DIS4g.C )
NET: delay(500 500), type(tFBK+tROUTE+tBLA*11+tBCLK), from(timdiv2.Q ), to(DIS4f.C )
NET: delay(500 500), type(tFBK+tROUTE+tBLA*11+tBCLK), from(timdiv2.Q ), to(DIS4e.C )
NET: delay(500 500), type(tFBK+tROUTE+tBLA*11+tBCLK), from(timdiv2.Q ), to(DIS4d.C )
NET: delay(500 500), type(tFBK+tROUTE+tBLA*11+tBCLK), from(timdiv2.Q ), to(DIS4c.C )
NET: delay(500 500), type(tFBK+tROUTE+tBLA*11+tBCLK), from(timdiv2.Q ), to(DIS4b.C )
NET: delay(500 500), type(tFBK+tROUTE+tBLA*11+tPTCLK), from(timdiv2.Q ), to(DIS4a.C )
NET: delay(500 500), type(tFBK+tROUTE+tBLA*11+tBCLK), from(timdiv2.Q ), to(DIS3g.C )
NET: delay(500 500), type(tFBK+tROUTE+tBLA*11+tBCLK), from(timdiv2.Q ), to(DIS3f.C )
NET: delay(500 500), type(tFBK+tROUTE+tBLA*11+tBCLK), from(timdiv2.Q ), to(DIS3e.C )
NET: delay(500 500), type(tFBK+tROUTE+tBLA*11+tBCLK), from(timdiv2.Q ), to(DIS3d.C )
NET: delay(500 500), type(tFBK+tROUTE+tBLA*11+tBCLK), from(timdiv2.Q ), to(DIS3c.C )
NET: delay(500 500), type(tFBK+tROUTE+tBLA*11+tBCLK), from(timdiv2.Q ), to(DIS3b.C )
NET: delay(500 500), type(tFBK+tROUTE+tBLA*11+tBCLK), from(timdiv2.Q ), to(DIS3a.C )
NET: delay(500 500), type(tFBK+tROUTE+tBLA*11+tBCLK), from(timdiv2.Q ), to(DIS2g.C )
NET: delay(500 500), type(tFBK+tROUTE+tBLA*11+tBCLK), from(timdiv2.Q ), to(DIS2f.C )
NET: delay(500 500), type(tFBK+tROUTE+tBLA*11+tBCLK), from(timdiv2.Q ), to(DIS2e.C )
NET: delay(500 500), type(tFBK+tROUTE+tBLA*11+tBCLK), from(timdiv2.Q ), to(DIS2d.C )
NET: delay(500 500), type(tFBK+tROUTE+tBLA*11+tBCLK), from(timdiv2.Q ), to(DIS2c.C )
NET: delay(500 500), type(tFBK+tROUTE+tBLA*11+tBCLK), from(timdiv2.Q ), to(DIS2b.C )
NET: delay(500 500), type(tFBK+tROUTE+tBLA*11+tBCLK), from(timdiv2.Q ), to(DIS2a.C )
NET: delay(405 405), type(tIN+tIOI(LVCMOS18)+tROUTE+tBLA*2+tMCELL), from(DIP0.PAD), to(X7.D )
NET: delay(405 405), type(tIN+tIOI(LVCMOS18)+tROUTE+tBLA*2+tMCELL), from(DIP0.PAD), to(X6.D )
NET: delay(405 405), type(tIN+tIOI(LVCMOS18)+tROUTE+tBLA*2+tMCELL), from(DIP0.PAD), to(X5.D )
NET: delay(405 405), type(tIN+tIOI(LVCMOS18)+tROUTE+tBLA*2+tMCELL), from(DIP0.PAD), to(X4.D )
NET: delay(405 405), type(tIN+tIOI(LVCMOS18)+tROUTE+tBLA*2+tMCELL), from(DIP0.PAD), to(X3.D )
NET: delay(405 405), type(tIN+tIOI(LVCMOS18)+tROUTE+tBLA*2+tMCELL), from(DIP0.PAD), to(X2.D )
NET: delay(405 405), type(tIN+tIOI(LVCMOS18)+tROUTE+tBLA*2+tMCELL), from(DIP0.PAD), to(X1.D )
NET: delay(405 405), type(tIN+tIOI(LVCMOS18)+tROUTE+tBLA*2+tMCELL), from(DIP0.PAD), to(X0.D.X2 )
NET: delay(405 405), type(tIN+tIOI(LVCMOS18)+tROUTE+tBLA*2+tMCELL), from(DIP0.PAD), to(X0.D.X1 )
NET: delay(380 380), type(tFBK+tROUTE+tBLA*3+tMCELL), from(X4.Q ), to(Q3.D )
NET: delay(380 380), type(tFBK+tROUTE+tBLA*3+tMCELL), from(X4.Q ), to(Q2.D.X1 )
NET: delay(380 380), type(tFBK+tROUTE+tBLA*3+tMCELL), from(X4.Q ), to(X5.D )
NET: delay(380 380), type(tFBK+tROUTE+tBLA*3+tMCELL), from(X4.Q ), to(X4.D )
NET: delay(380 380), type(tFBK+tROUTE+tBLA*3+tMCELL), from(X4.Q ), to(X0.D.X2 )
NET: delay(380 380), type(tFBK+tROUTE+tBLA*3+tMCELL), from(X4.Q ), to(LED4 )
NET: delay(380 380), type(tFBK+tROUTE+tBLA*3+tMCELL), from(X3.Q ), to(Q3.D )
NET: delay(380 380), type(tFBK+tROUTE+tBLA*3+tMCELL), from(X3.Q ), to(Q2.D.X1 )
NET: delay(380 380), type(tFBK+tROUTE+tBLA*3+tMCELL), from(X3.Q ), to(Q0.D.X1 )
NET: delay(380 380), type(tFBK+tROUTE+tBLA*3+tMCELL), from(X3.Q ), to(X4.D )
NET: delay(380 380), type(tFBK+tROUTE+tBLA*3+tMCELL), from(X3.Q ), to(X3.D )
NET: delay(380 380), type(tFBK+tROUTE+tBLA*3+tMCELL), from(X3.Q ), to(X0.D.X1 )
NET: delay(380 380), type(tFBK+tROUTE+tBLA*3+tMCELL), from(X3.Q ), to(LED3 )
NET: delay(385 385), type(tFBK+tROUTE+tBLA*4+tMCELL), from(X2.Q ), to(Q3.D )
NET: delay(385 385), type(tFBK+tROUTE+tBLA*4+tMCELL), from(X2.Q ), to(Q1.D )
NET: delay(385 385), type(tFBK+tROUTE+tBLA*4+tMCELL), from(X2.Q ), to(X3.D )
NET: delay(385 385), type(tFBK+tROUTE+tBLA*4+tMCELL), from(X2.Q ), to(X2.D )
NET: delay(385 385), type(tFBK+tROUTE+tBLA*4+tMCELL), from(X2.Q ), to(X0.D.X1 )
NET: delay(385 385), type(tFBK+tROUTE+tBLA*4+tMCELL), from(X2.Q ), to(LED2 )
NET: delay(370 370), type(tFBK+tROUTE+tBLA+tMCELL), from(X0.Q ), to(Q3.D )
NET: delay(370 370), type(tFBK+tROUTE+tBLA+tMCELL), from(X0.Q ), to(X1.D )
NET: delay(370 370), type(tFBK+tROUTE+tBLA+tMCELL), from(X0.Q ), to(X0.D.X1 )
NET: delay(370 370), type(tFBK+tROUTE+tBLA+tMCELL), from(X0.Q ), to(LED0 )
NET: delay(385 385), type(tFBK+tROUTE+tBLA*4+tMCELL), from(X1.Q ), to(Q3.D )
NET: delay(385 385), type(tFBK+tROUTE+tBLA*4+tMCELL), from(X1.Q ), to(Q1.D )
NET: delay(385 385), type(tFBK+tROUTE+tBLA*4+tMCELL), from(X1.Q ), to(Q0.D.X1 )
NET: delay(385 385), type(tFBK+tROUTE+tBLA*4+tMCELL), from(X1.Q ), to(X2.D )
NET: delay(385 385), type(tFBK+tROUTE+tBLA*4+tMCELL), from(X1.Q ), to(X1.D )
NET: delay(385 385), type(tFBK+tROUTE+tBLA*4+tMCELL), from(X1.Q ), to(LED1 )
NET: delay(385 385), type(tFBK+tROUTE+tBLA*4+tMCELL), from(X5.Q ), to(Q3.D )
NET: delay(385 385), type(tFBK+tROUTE+tBLA*4+tMCELL), from(X5.Q ), to(Q2.D.X1 )
NET: delay(385 385), type(tFBK+tROUTE+tBLA*4+tMCELL), from(X5.Q ), to(Q1.D )
NET: delay(385 385), type(tFBK+tROUTE+tBLA*4+tMCELL), from(X5.Q ), to(Q0.D.X1 )
NET: delay(385 385), type(tFBK+tROUTE+tBLA*4+tMCELL), from(X5.Q ), to(X6.D )
NET: delay(385 385), type(tFBK+tROUTE+tBLA*4+tMCELL), from(X5.Q ), to(X5.D )
NET: delay(385 385), type(tFBK+tROUTE+tBLA*4+tMCELL), from(X5.Q ), to(LED5 )
NET: delay(380 380), type(tFBK+tROUTE+tBLA*3+tMCELL), from(X6.Q ), to(Q3.D )
NET: delay(380 380), type(tFBK+tROUTE+tBLA*3+tMCELL), from(X6.Q ), to(Q2.D.X1 )
NET: delay(380 380), type(tFBK+tROUTE+tBLA*3+tMCELL), from(X6.Q ), to(Q1.D )
NET: delay(380 380), type(tFBK+tROUTE+tBLA*3+tMCELL), from(X6.Q ), to(X7.D )
NET: delay(380 380), type(tFBK+tROUTE+tBLA*3+tMCELL), from(X6.Q ), to(X6.D )
NET: delay(380 380), type(tFBK+tROUTE+tBLA*3+tMCELL), from(X6.Q ), to(LED6 )
NET: delay(370 370), type(tFBK+tROUTE+tBLA+tMCELL), from(X7.Q ), to(Q0.D.X1 )
NET: delay(370 370), type(tFBK+tROUTE+tBLA+tMCELL), from(X7.Q ), to(X7.D )
NET: delay(370 370), type(tFBK+tROUTE+tBLA+tMCELL), from(X7.Q ), to(LED7 )
NET: delay(400 400), type(tIN+tIOI(LVCMOS18)+tROUTE+tBLA+tMCELL), from(DIP1.PAD), to(LED7 )
NET: delay(400 400), type(tIN+tIOI(LVCMOS18)+tROUTE+tBLA+tMCELL), from(DIP1.PAD), to(LED6 )
NET: delay(400 400), type(tIN+tIOI(LVCMOS18)+tROUTE+tBLA+tMCELL), from(DIP1.PAD), to(LED5 )
NET: delay(400 400), type(tIN+tIOI(LVCMOS18)+tROUTE+tBLA+tMCELL), from(DIP1.PAD), to(LED4 )
NET: delay(400 400), type(tIN+tIOI(LVCMOS18)+tROUTE+tBLA+tMCELL), from(DIP1.PAD), to(LED3 )
NET: delay(400 400), type(tIN+tIOI(LVCMOS18)+tROUTE+tBLA+tMCELL), from(DIP1.PAD), to(LED2 )
NET: delay(400 400), type(tIN+tIOI(LVCMOS18)+tROUTE+tBLA+tMCELL), from(DIP1.PAD), to(LED1 )
NET: delay(400 400), type(tIN+tIOI(LVCMOS18)+tROUTE+tBLA+tMCELL), from(DIP1.PAD), to(LED0 )
NET: delay(585 585), type(tIN+tIOI(LVCMOS18)+tROUTE+tBLA*14+tBSR), from(DIP7.PAD), to(P3.AR )
NET: delay(585 585), type(tIN+tIOI(LVCMOS18)+tROUTE+tBLA*14+tBSR), from(DIP7.PAD), to(P2.AR )
NET: delay(585 585), type(tIN+tIOI(LVCMOS18)+tROUTE+tBLA*14+tBSR), from(DIP7.PAD), to(P1.AR )
NET: delay(585 585), type(tIN+tIOI(LVCMOS18)+tROUTE+tBLA*14+tBSR), from(DIP7.PAD), to(P0.AR )
NET: delay(585 585), type(tIN+tIOI(LVCMOS18)+tROUTE+tBLA*14+tBSR), from(DIP7.PAD), to(RDIS3g.AR )
NET: delay(585 585), type(tIN+tIOI(LVCMOS18)+tROUTE+tBLA*14+tBSR), from(DIP7.PAD), to(RDIS3f.AR )
NET: delay(585 585), type(tIN+tIOI(LVCMOS18)+tROUTE+tBLA*14+tBSR), from(DIP7.PAD), to(RDIS3e.AR )
NET: delay(585 585), type(tIN+tIOI(LVCMOS18)+tROUTE+tBLA*14+tBSR), from(DIP7.PAD), to(RDIS3d.AR )
NET: delay(585 585), type(tIN+tIOI(LVCMOS18)+tROUTE+tBLA*14+tBSR), from(DIP7.PAD), to(RDIS3c.AR )
NET: delay(585 585), type(tIN+tIOI(LVCMOS18)+tROUTE+tBLA*14+tBSR), from(DIP7.PAD), to(RDIS3b.AR )
NET: delay(585 585), type(tIN+tIOI(LVCMOS18)+tROUTE+tBLA*14+tBSR), from(DIP7.PAD), to(RDIS3a.AR )
NET: delay(585 585), type(tIN+tIOI(LVCMOS18)+tROUTE+tBLA*14+tBSR), from(DIP7.PAD), to(RDIS2g.AR )
NET: delay(585 585), type(tIN+tIOI(LVCMOS18)+tROUTE+tBLA*14+tBSR), from(DIP7.PAD), to(RDIS2f.AR )
NET: delay(585 585), type(tIN+tIOI(LVCMOS18)+tROUTE+tBLA*14+tBSR), from(DIP7.PAD), to(RDIS2e.AR )
NET: delay(585 585), type(tIN+tIOI(LVCMOS18)+tROUTE+tBLA*14+tBSR), from(DIP7.PAD), to(RDIS2d.AR )
NET: delay(585 585), type(tIN+tIOI(LVCMOS18)+tROUTE+tBLA*14+tBSR), from(DIP7.PAD), to(RDIS2c.AR )
NET: delay(585 585), type(tIN+tIOI(LVCMOS18)+tROUTE+tBLA*14+tBSR), from(DIP7.PAD), to(RDIS2b.AR )
NET: delay(585 585), type(tIN+tIOI(LVCMOS18)+tROUTE+tBLA*14+tBSR), from(DIP7.PAD), to(RDIS2a.AR )
NET: delay(585 585), type(tIN+tIOI(LVCMOS18)+tROUTE+tBLA*14+tBSR), from(DIP7.PAD), to(Q3.AR )
NET: delay(585 585), type(tIN+tIOI(LVCMOS18)+tROUTE+tBLA*14+tBSR), from(DIP7.PAD), to(Q2.AR )
NET: delay(585 585), type(tIN+tIOI(LVCMOS18)+tROUTE+tBLA*14+tPTSR), from(DIP7.PAD), to(Q1.AR )
NET: delay(585 585), type(tIN+tIOI(LVCMOS18)+tROUTE+tBLA*14+tBSR), from(DIP7.PAD), to(Q0.AR )
NET: delay(585 585), type(tIN+tIOI(LVCMOS18)+tROUTE+tBLA*14+tBSR), from(DIP7.PAD), to(X7.AP )
NET: delay(585 585), type(tIN+tIOI(LVCMOS18)+tROUTE+tBLA*14+tBSR), from(DIP7.PAD), to(X6.AP )
NET: delay(585 585), type(tIN+tIOI(LVCMOS18)+tROUTE+tBLA*14+tBSR), from(DIP7.PAD), to(X5.AP )
NET: delay(585 585), type(tIN+tIOI(LVCMOS18)+tROUTE+tBLA*14+tBSR), from(DIP7.PAD), to(X4.AP )
NET: delay(585 585), type(tIN+tIOI(LVCMOS18)+tROUTE+tBLA*14+tBSR), from(DIP7.PAD), to(X3.AP )
NET: delay(585 585), type(tIN+tIOI(LVCMOS18)+tROUTE+tBLA*14+tBSR), from(DIP7.PAD), to(X2.AP )
NET: delay(585 585), type(tIN+tIOI(LVCMOS18)+tROUTE+tBLA*14+tBSR), from(DIP7.PAD), to(X1.AP )
NET: delay(585 585), type(tIN+tIOI(LVCMOS18)+tROUTE+tBLA*14+tBSR), from(DIP7.PAD), to(X0.AP )
NET: delay(585 585), type(tIN+tIOI(LVCMOS18)+tROUTE+tBLA*14+tBSR), from(DIP7.PAD), to(DIS4g.AP )
NET: delay(585 585), type(tIN+tIOI(LVCMOS18)+tROUTE+tBLA*14+tBSR), from(DIP7.PAD), to(DIS4f.AP )
NET: delay(585 585), type(tIN+tIOI(LVCMOS18)+tROUTE+tBLA*14+tBSR), from(DIP7.PAD), to(DIS4e.AP )
NET: delay(585 585), type(tIN+tIOI(LVCMOS18)+tROUTE+tBLA*14+tBSR), from(DIP7.PAD), to(DIS4d.AP )
NET: delay(585 585), type(tIN+tIOI(LVCMOS18)+tROUTE+tBLA*14+tBSR), from(DIP7.PAD), to(DIS4c.AP )
NET: delay(585 585), type(tIN+tIOI(LVCMOS18)+tROUTE+tBLA*14+tBSR), from(DIP7.PAD), to(DIS4b.AP )
NET: delay(585 585), type(tIN+tIOI(LVCMOS18)+tROUTE+tBLA*14+tBSR), from(DIP7.PAD), to(DIS4a.AP )
NET: delay(585 585), type(tIN+tIOI(LVCMOS18)+tROUTE+tBLA*14+tBSR), from(DIP7.PAD), to(DIS3g.AP )
NET: delay(585 585), type(tIN+tIOI(LVCMOS18)+tROUTE+tBLA*14+tBSR), from(DIP7.PAD), to(DIS3f.AP )
NET: delay(585 585), type(tIN+tIOI(LVCMOS18)+tROUTE+tBLA*14+tBSR), from(DIP7.PAD), to(DIS3e.AP )
NET: delay(585 585), type(tIN+tIOI(LVCMOS18)+tROUTE+tBLA*14+tBSR), from(DIP7.PAD), to(DIS3d.AP )
NET: delay(585 585), type(tIN+tIOI(LVCMOS18)+tROUTE+tBLA*14+tBSR), from(DIP7.PAD), to(DIS3c.AP )
NET: delay(585 585), type(tIN+tIOI(LVCMOS18)+tROUTE+tBLA*14+tBSR), from(DIP7.PAD), to(DIS3b.AP )
NET: delay(585 585), type(tIN+tIOI(LVCMOS18)+tROUTE+tBLA*14+tBSR), from(DIP7.PAD), to(DIS3a.AP )
NET: delay(585 585), type(tIN+tIOI(LVCMOS18)+tROUTE+tBLA*14+tBSR), from(DIP7.PAD), to(DIS2g.AP )
NET: delay(585 585), type(tIN+tIOI(LVCMOS18)+tROUTE+tBLA*14+tBSR), from(DIP7.PAD), to(DIS2f.AP )
NET: delay(585 585), type(tIN+tIOI(LVCMOS18)+tROUTE+tBLA*14+tBSR), from(DIP7.PAD), to(DIS2e.AP )
NET: delay(585 585), type(tIN+tIOI(LVCMOS18)+tROUTE+tBLA*14+tBSR), from(DIP7.PAD), to(DIS2d.AP )
NET: delay(585 585), type(tIN+tIOI(LVCMOS18)+tROUTE+tBLA*14+tBSR), from(DIP7.PAD), to(DIS2c.AP )
NET: delay(585 585), type(tIN+tIOI(LVCMOS18)+tROUTE+tBLA*14+tBSR), from(DIP7.PAD), to(DIS2b.AP )
NET: delay(585 585), type(tIN+tIOI(LVCMOS18)+tROUTE+tBLA*14+tBSR), from(DIP7.PAD), to(DIS2a.AP )
NET: delay(585 585), type(tIN+tIOI(LVCMOS18)+tROUTE+tBLA*14+tBSR), from(DIP7.PAD), to(LED15.AP )
NET: delay(585 585), type(tIN+tIOI(LVCMOS18)+tROUTE+tBLA*14+tBSR), from(DIP7.PAD), to(LED14.AP )
NET: delay(585 585), type(tIN+tIOI(LVCMOS18)+tROUTE+tBLA*14+tBSR), from(DIP7.PAD), to(LED13.AP )
NET: delay(585 585), type(tIN+tIOI(LVCMOS18)+tROUTE+tBLA*14+tBSR), from(DIP7.PAD), to(LED12.AP )
NET: delay(585 585), type(tIN+tIOI(LVCMOS18)+tROUTE+tBLA*14+tBSR), from(DIP7.PAD), to(LED11.AP )
NET: delay(585 585), type(tIN+tIOI(LVCMOS18)+tROUTE+tBLA*14+tBSR), from(DIP7.PAD), to(LED10.AP )
NET: delay(585 585), type(tIN+tIOI(LVCMOS18)+tROUTE+tBLA*14+tBSR), from(DIP7.PAD), to(LED9.AP )
NET: delay(585 585), type(tIN+tIOI(LVCMOS18)+tROUTE+tBLA*14+tBSR), from(DIP7.PAD), to(LED8.AR )
NET: delay(515 515), type(tIN+tIOI(LVCMOS18)+tROUTE+tPTSR), from(S1_NO.PAD), to(BFC.AP )
NET: delay(515 515), type(tIN+tIOI(LVCMOS18)+tROUTE+tBSR), from(S1_NC.PAD), to(BFC.AR )
NET: delay(465 465), type(tFBK+tROUTE+tBLA*4+tBCLK), from(BFC.Q ), to(Q3.C )
NET: delay(465 465), type(tFBK+tROUTE+tBLA*4+tBCLK), from(BFC.Q ), to(Q2.C )
NET: delay(465 465), type(tFBK+tROUTE+tBLA*4+tBCLK), from(BFC.Q ), to(Q1.C )
NET: delay(465 465), type(tFBK+tROUTE+tBLA*4+tBCLK), from(BFC.Q ), to(Q0.C )
NET: delay(465 465), type(tFBK+tROUTE+tBLA*4+tBCLK), from(BFC.Q ), to(LED15.C )
NET: delay(465 465), type(tFBK+tROUTE+tBLA*4+tBCLK), from(BFC.Q ), to(LED14.C )
NET: delay(465 465), type(tFBK+tROUTE+tBLA*4+tBCLK), from(BFC.Q ), to(LED13.C )
NET: delay(465 465), type(tFBK+tROUTE+tBLA*4+tBCLK), from(BFC.Q ), to(LED12.C )
NET: delay(465 465), type(tFBK+tROUTE+tBLA*4+tBCLK), from(BFC.Q ), to(LED11.C )
NET: delay(465 465), type(tFBK+tROUTE+tBLA*4+tBCLK), from(BFC.Q ), to(LED10.C )
NET: delay(465 465), type(tFBK+tROUTE+tBLA*4+tBCLK), from(BFC.Q ), to(LED9.C )
NET: delay(465 465), type(tFBK+tROUTE+tBLA*4+tBCLK), from(BFC.Q ), to(LED8.C )
NET: delay(365 365), type(tFBK+tROUTE+tMCELL), from(RDIS3a.Q ), to(DIS4a.D )
NET: delay(365 365), type(tFBK+tROUTE+tMCELL), from(RDIS3b.Q ), to(DIS4b.D )
NET: delay(365 365), type(tFBK+tROUTE+tMCELL), from(RDIS3c.Q ), to(DIS4c.D )
NET: delay(365 365), type(tFBK+tROUTE+tMCELL), from(RDIS3d.Q ), to(DIS4d.D )
NET: delay(365 365), type(tFBK+tROUTE+tMCELL), from(RDIS3e.Q ), to(DIS4e.D )
NET: delay(365 365), type(tFBK+tROUTE+tMCELL), from(RDIS3f.Q ), to(DIS4f.D )
NET: delay(365 365), type(tFBK+tROUTE+tMCELL), from(RDIS3g.Q ), to(DIS4g.D )
NET: delay(365 365), type(tFBK+tROUTE+tMCELL), from(RDIS2a.Q ), to(RDIS3a.D )
NET: delay(365 365), type(tFBK+tROUTE+tMCELL), from(RDIS2a.Q ), to(DIS3a.D )
NET: delay(365 365), type(tFBK+tROUTE+tMCELL), from(RDIS2b.Q ), to(RDIS3b.D )
NET: delay(365 365), type(tFBK+tROUTE+tMCELL), from(RDIS2b.Q ), to(DIS3b.D )
NET: delay(365 365), type(tFBK+tROUTE+tMCELL), from(RDIS2c.Q ), to(RDIS3c.D )
NET: delay(365 365), type(tFBK+tROUTE+tMCELL), from(RDIS2c.Q ), to(DIS3c.D )
NET: delay(365 365), type(tFBK+tROUTE+tMCELL), from(RDIS2d.Q ), to(RDIS3d.D )
NET: delay(365 365), type(tFBK+tROUTE+tMCELL), from(RDIS2d.Q ), to(DIS3d.D )
NET: delay(365 365), type(tFBK+tROUTE+tMCELL), from(RDIS2e.Q ), to(RDIS3e.D )
NET: delay(365 365), type(tFBK+tROUTE+tMCELL), from(RDIS2e.Q ), to(DIS3e.D )
NET: delay(365 365), type(tFBK+tROUTE+tMCELL), from(RDIS2f.Q ), to(RDIS3f.D )
NET: delay(365 365), type(tFBK+tROUTE+tMCELL), from(RDIS2f.Q ), to(DIS3f.D )
NET: delay(365 365), type(tFBK+tROUTE+tMCELL), from(RDIS2g.Q ), to(RDIS3g.D )
NET: delay(365 365), type(tFBK+tROUTE+tMCELL), from(RDIS2g.Q ), to(DIS3g.D )
NET: delay(400 400), type(tFBK+tROUTE+tBLA*7+tMCELL), from(Q3.Q ), to(P3.D.X2 )
NET: delay(400 400), type(tFBK+tROUTE+tBLA*7+tMCELL), from(Q3.Q ), to(P3.D.X1 )
NET: delay(400 400), type(tFBK+tROUTE+tBLA*7+tMCELL), from(Q3.Q ), to(P2.D )
NET: delay(400 400), type(tFBK+tROUTE+tBLA*7+tMCELL), from(Q3.Q ), to(P1.D.X2 )
NET: delay(400 400), type(tFBK+tROUTE+tBLA*7+tMCELL), from(Q3.Q ), to(P1.D.X1 )
NET: delay(400 400), type(tFBK+tROUTE+tBLA*7+tMCELL), from(Q3.Q ), to(P0.D.X1 )
NET: delay(400 400), type(tFBK+tROUTE+tBLA*7+tMCELL), from(Q3.Q ), to(Q3.D )
NET: delay(400 400), type(tFBK+tROUTE+tBLA*7+tMCELL), from(Q3.Q ), to(Q2.D.X2 )
NET: delay(400 400), type(tFBK+tROUTE+tBLA*7+tMCELL), from(Q3.Q ), to(Q2.D.X1 )
NET: delay(400 400), type(tFBK+tROUTE+tBLA*7+tMCELL), from(Q3.Q ), to(Q1.D )
NET: delay(400 400), type(tFBK+tROUTE+tBLA*7+tMCELL), from(Q3.Q ), to(Q0.D.X2 )
NET: delay(400 400), type(tFBK+tROUTE+tBLA*7+tMCELL), from(Q3.Q ), to(Q0.D.X1 )
NET: delay(400 400), type(tFBK+tROUTE+tBLA*7+tMCELL), from(Q3.Q ), to(LED18 )
NET: delay(400 400), type(tFBK+tROUTE+tBLA*7+tMCELL), from(Q3.Q ), to(LED17 )
NET: delay(400 400), type(tFBK+tROUTE+tBLA*7+tMCELL), from(Q3.Q ), to(LED16.D )
NET: delay(400 400), type(tFBK+tROUTE+tBLA*7+tMCELL), from(Q3.Q ), to(LED15.D.X2 )
NET: delay(400 400), type(tFBK+tROUTE+tBLA*7+tMCELL), from(Q3.Q ), to(LED15.D.X1 )
NET: delay(400 400), type(tFBK+tROUTE+tBLA*7+tMCELL), from(Q3.Q ), to(LED14.D.X2 )
NET: delay(400 400), type(tFBK+tROUTE+tBLA*7+tMCELL), from(Q3.Q ), to(LED14.D.X1 )
NET: delay(400 400), type(tFBK+tROUTE+tBLA*7+tMCELL), from(Q3.Q ), to(LED13.D.X2 )
NET: delay(400 400), type(tFBK+tROUTE+tBLA*7+tMCELL), from(Q3.Q ), to(LED13.D.X1 )
NET: delay(400 400), type(tFBK+tROUTE+tBLA*7+tMCELL), from(Q3.Q ), to(LED12.D.X2 )
NET: delay(400 400), type(tFBK+tROUTE+tBLA*7+tMCELL), from(Q3.Q ), to(LED12.D.X1 )
NET: delay(400 400), type(tFBK+tROUTE+tBLA*7+tMCELL), from(Q3.Q ), to(LED11.D.X2 )
NET: delay(400 400), type(tFBK+tROUTE+tBLA*7+tMCELL), from(Q3.Q ), to(LED11.D.X1 )
NET: delay(400 400), type(tFBK+tROUTE+tBLA*7+tMCELL), from(Q3.Q ), to(LED10.D.X2 )
NET: delay(400 400), type(tFBK+tROUTE+tBLA*7+tMCELL), from(Q3.Q ), to(LED10.D.X1 )
NET: delay(400 400), type(tFBK+tROUTE+tBLA*7+tMCELL), from(Q3.Q ), to(LED9.D.X2 )
NET: delay(400 400), type(tFBK+tROUTE+tBLA*7+tMCELL), from(Q3.Q ), to(LED9.D.X1 )
NET: delay(400 400), type(tFBK+tROUTE+tBLA*7+tMCELL), from(Q3.Q ), to(LED8.D )
NET: delay(400 400), type(tFBK+tROUTE+tBLA*7+tMCELL), from(Q2.Q ), to(P3.D.X2 )
NET: delay(400 400), type(tFBK+tROUTE+tBLA*7+tMCELL), from(Q2.Q ), to(P3.D.X1 )
NET: delay(400 400), type(tFBK+tROUTE+tBLA*7+tMCELL), from(Q2.Q ), to(P2.D )
NET: delay(400 400), type(tFBK+tROUTE+tBLA*7+tMCELL), from(Q2.Q ), to(P1.D.X2 )
NET: delay(400 400), type(tFBK+tROUTE+tBLA*7+tMCELL), from(Q2.Q ), to(P1.D.X1 )
NET: delay(400 400), type(tFBK+tROUTE+tBLA*7+tMCELL), from(Q2.Q ), to(P0.D.X1 )
NET: delay(400 400), type(tFBK+tROUTE+tBLA*7+tMCELL), from(Q2.Q ), to(Q3.D )
NET: delay(400 400), type(tFBK+tROUTE+tBLA*7+tMCELL), from(Q2.Q ), to(Q2.D.X2 )
NET: delay(400 400), type(tFBK+tROUTE+tBLA*7+tMCELL), from(Q2.Q ), to(Q2.D.X1 )
NET: delay(400 400), type(tFBK+tROUTE+tBLA*7+tMCELL), from(Q2.Q ), to(Q1.D )
NET: delay(400 400), type(tFBK+tROUTE+tBLA*7+tMCELL), from(Q2.Q ), to(Q0.D.X1 )
NET: delay(400 400), type(tFBK+tROUTE+tBLA*7+tMCELL), from(Q2.Q ), to(LED18 )
NET: delay(400 400), type(tFBK+tROUTE+tBLA*7+tMCELL), from(Q2.Q ), to(LED17 )
NET: delay(400 400), type(tFBK+tROUTE+tBLA*7+tMCELL), from(Q2.Q ), to(LED16.D )
NET: delay(400 400), type(tFBK+tROUTE+tBLA*7+tMCELL), from(Q2.Q ), to(LED15.D.X1 )
NET: delay(400 400), type(tFBK+tROUTE+tBLA*7+tMCELL), from(Q2.Q ), to(LED14.D.X1 )
NET: delay(400 400), type(tFBK+tROUTE+tBLA*7+tMCELL), from(Q2.Q ), to(LED13.D.X1 )
NET: delay(400 400), type(tFBK+tROUTE+tBLA*7+tMCELL), from(Q2.Q ), to(LED12.D.X1 )
NET: delay(400 400), type(tFBK+tROUTE+tBLA*7+tMCELL), from(Q2.Q ), to(LED11.D.X1 )
NET: delay(400 400), type(tFBK+tROUTE+tBLA*7+tMCELL), from(Q2.Q ), to(LED10.D.X1 )
NET: delay(400 400), type(tFBK+tROUTE+tBLA*7+tMCELL), from(Q2.Q ), to(LED9.D.X1 )
NET: delay(400 400), type(tFBK+tROUTE+tBLA*7+tMCELL), from(Q2.Q ), to(LED8.D )
NET: delay(400 400), type(tFBK+tROUTE+tBLA*7+tMCELL), from(Q1.Q ), to(P3.D.X2 )
NET: delay(400 400), type(tFBK+tROUTE+tBLA*7+tMCELL), from(Q1.Q ), to(P3.D.X1 )
NET: delay(400 400), type(tFBK+tROUTE+tBLA*7+tMCELL), from(Q1.Q ), to(P2.D )
NET: delay(400 400), type(tFBK+tROUTE+tBLA*7+tMCELL), from(Q1.Q ), to(P1.D.X2 )
NET: delay(400 400), type(tFBK+tROUTE+tBLA*7+tMCELL), from(Q1.Q ), to(P1.D.X1 )
NET: delay(400 400), type(tFBK+tROUTE+tBLA*7+tMCELL), from(Q1.Q ), to(P0.D.X1 )
NET: delay(400 400), type(tFBK+tROUTE+tBLA*7+tMCELL), from(Q1.Q ), to(Q3.D )
NET: delay(400 400), type(tFBK+tROUTE+tBLA*7+tMCELL), from(Q1.Q ), to(Q2.D.X1 )
NET: delay(400 400), type(tFBK+tROUTE+tBLA*7+tMCELL), from(Q1.Q ), to(Q1.D )
NET: delay(400 400), type(tFBK+tROUTE+tBLA*7+tMCELL), from(Q1.Q ), to(Q0.D.X1 )
NET: delay(400 400), type(tFBK+tROUTE+tBLA*7+tMCELL), from(Q1.Q ), to(LED18 )
NET: delay(400 400), type(tFBK+tROUTE+tBLA*7+tMCELL), from(Q1.Q ), to(LED17 )
NET: delay(400 400), type(tFBK+tROUTE+tBLA*7+tMCELL), from(Q1.Q ), to(LED16.D )
NET: delay(400 400), type(tFBK+tROUTE+tBLA*7+tMCELL), from(Q1.Q ), to(LED15.D.X1 )
NET: delay(400 400), type(tFBK+tROUTE+tBLA*7+tMCELL), from(Q1.Q ), to(LED14.D.X1 )
NET: delay(400 400), type(tFBK+tROUTE+tBLA*7+tMCELL), from(Q1.Q ), to(LED13.D.X1 )
NET: delay(400 400), type(tFBK+tROUTE+tBLA*7+tMCELL), from(Q1.Q ), to(LED12.D.X1 )
NET: delay(400 400), type(tFBK+tROUTE+tBLA*7+tMCELL), from(Q1.Q ), to(LED11.D.X1 )
NET: delay(400 400), type(tFBK+tROUTE+tBLA*7+tMCELL), from(Q1.Q ), to(LED10.D.X1 )
NET: delay(400 400), type(tFBK+tROUTE+tBLA*7+tMCELL), from(Q1.Q ), to(LED9.D.X1 )
NET: delay(400 400), type(tFBK+tROUTE+tBLA*7+tMCELL), from(Q1.Q ), to(LED8.D )
NET: delay(400 400), type(tFBK+tROUTE+tBLA*7+tMCELL), from(Q0.Q ), to(P3.D.X2 )
NET: delay(400 400), type(tFBK+tROUTE+tBLA*7+tMCELL), from(Q0.Q ), to(P3.D.X1 )
NET: delay(400 400), type(tFBK+tROUTE+tBLA*7+tMCELL), from(Q0.Q ), to(P2.D )
NET: delay(400 400), type(tFBK+tROUTE+tBLA*7+tMCELL), from(Q0.Q ), to(P1.D.X2 )
NET: delay(400 400), type(tFBK+tROUTE+tBLA*7+tMCELL), from(Q0.Q ), to(P1.D.X1 )
NET: delay(400 400), type(tFBK+tROUTE+tBLA*7+tMCELL), from(Q0.Q ), to(P0.D.X1 )
NET: delay(400 400), type(tFBK+tROUTE+tBLA*7+tMCELL), from(Q0.Q ), to(Q3.D )
NET: delay(400 400), type(tFBK+tROUTE+tBLA*7+tMCELL), from(Q0.Q ), to(Q2.D.X1 )
NET: delay(400 400), type(tFBK+tROUTE+tBLA*7+tMCELL), from(Q0.Q ), to(Q1.D )
NET: delay(400 400), type(tFBK+tROUTE+tBLA*7+tMCELL), from(Q0.Q ), to(Q0.D.X2 )
NET: delay(400 400), type(tFBK+tROUTE+tBLA*7+tMCELL), from(Q0.Q ), to(Q0.D.X1 )
NET: delay(400 400), type(tFBK+tROUTE+tBLA*7+tMCELL), from(Q0.Q ), to(LED18 )
NET: delay(400 400), type(tFBK+tROUTE+tBLA*7+tMCELL), from(Q0.Q ), to(LED16.D )
NET: delay(400 400), type(tFBK+tROUTE+tBLA*7+tMCELL), from(Q0.Q ), to(LED15.D.X1 )
NET: delay(400 400), type(tFBK+tROUTE+tBLA*7+tMCELL), from(Q0.Q ), to(LED14.D.X1 )
NET: delay(400 400), type(tFBK+tROUTE+tBLA*7+tMCELL), from(Q0.Q ), to(LED13.D.X1 )
NET: delay(400 400), type(tFBK+tROUTE+tBLA*7+tMCELL), from(Q0.Q ), to(LED12.D.X1 )
NET: delay(400 400), type(tFBK+tROUTE+tBLA*7+tMCELL), from(Q0.Q ), to(LED11.D.X1 )
NET: delay(400 400), type(tFBK+tROUTE+tBLA*7+tMCELL), from(Q0.Q ), to(LED10.D.X1 )
NET: delay(400 400), type(tFBK+tROUTE+tBLA*7+tMCELL), from(Q0.Q ), to(LED9.D.X1 )
NET: delay(400 400), type(tFBK+tROUTE+tBLA*7+tMCELL), from(Q0.Q ), to(LED8.D )
NET: delay(405 405), type(tIN+tIOI(LVCMOS18)+tROUTE+tBLA*2+tMCELL), from(S2_NO.PAD), to(Q3.D )
NET: delay(405 405), type(tIN+tIOI(LVCMOS18)+tROUTE+tBLA*2+tMCELL), from(S2_NO.PAD), to(Q2.D.X2 )
NET: delay(405 405), type(tIN+tIOI(LVCMOS18)+tROUTE+tBLA*2+tMCELL), from(S2_NO.PAD), to(Q2.D.X1 )
NET: delay(405 405), type(tIN+tIOI(LVCMOS18)+tROUTE+tBLA*2+tMCELL), from(S2_NO.PAD), to(Q1.D )
NET: delay(405 405), type(tIN+tIOI(LVCMOS18)+tROUTE+tBLA*2+tMCELL), from(S2_NO.PAD), to(Q0.D.X2 )
NET: delay(395 395), type(tIN+tIOI(LVCMOS18)+tROUTE+tMCELL), from(DIP2.PAD), to(Q3.D )
NET: delay(400 400), type(tFBK+tROUTE+tBLA*7+tMCELL), from(P3.Q ), to(P3.D.X2 )
NET: delay(400 400), type(tFBK+tROUTE+tBLA*7+tMCELL), from(P3.Q ), to(P3.D.X1 )
NET: delay(400 400), type(tFBK+tROUTE+tBLA*7+tMCELL), from(P3.Q ), to(P2.D )
NET: delay(400 400), type(tFBK+tROUTE+tBLA*7+tMCELL), from(P3.Q ), to(P1.D.X2 )
NET: delay(400 400), type(tFBK+tROUTE+tBLA*7+tMCELL), from(P3.Q ), to(P1.D.X1 )
NET: delay(400 400), type(tFBK+tROUTE+tBLA*7+tMCELL), from(P3.Q ), to(P0.D.X2 )
NET: delay(400 400), type(tFBK+tROUTE+tBLA*7+tMCELL), from(P3.Q ), to(P0.D.X1 )
NET: delay(400 400), type(tFBK+tROUTE+tBLA*7+tMCELL), from(P3.Q ), to(RDIS2g.D )
NET: delay(400 400), type(tFBK+tROUTE+tBLA*7+tMCELL), from(P3.Q ), to(RDIS2f.D )
NET: delay(400 400), type(tFBK+tROUTE+tBLA*7+tMCELL), from(P3.Q ), to(RDIS2e.D )
NET: delay(400 400), type(tFBK+tROUTE+tBLA*7+tMCELL), from(P3.Q ), to(RDIS2d.D )
NET: delay(400 400), type(tFBK+tROUTE+tBLA*7+tMCELL), from(P3.Q ), to(RDIS2c.D )
NET: delay(400 400), type(tFBK+tROUTE+tBLA*7+tMCELL), from(P3.Q ), to(RDIS2b.D )
NET: delay(400 400), type(tFBK+tROUTE+tBLA*7+tMCELL), from(P3.Q ), to(RDIS2a.D )
NET: delay(400 400), type(tFBK+tROUTE+tBLA*7+tMCELL), from(P3.Q ), to(DIS2g.D )
NET: delay(400 400), type(tFBK+tROUTE+tBLA*7+tMCELL), from(P3.Q ), to(DIS2f.D )
NET: delay(400 400), type(tFBK+tROUTE+tBLA*7+tMCELL), from(P3.Q ), to(DIS2e.D )
NET: delay(400 400), type(tFBK+tROUTE+tBLA*7+tMCELL), from(P3.Q ), to(DIS2d.D )
NET: delay(400 400), type(tFBK+tROUTE+tBLA*7+tMCELL), from(P3.Q ), to(DIS2c.D )
NET: delay(400 400), type(tFBK+tROUTE+tBLA*7+tMCELL), from(P3.Q ), to(DIS2b.D )
NET: delay(400 400), type(tFBK+tROUTE+tBLA*7+tMCELL), from(P3.Q ), to(DIS2a.D )
NET: delay(400 400), type(tFBK+tROUTE+tBLA*7+tMCELL), from(P3.Q ), to(DIS1g )
NET: delay(400 400), type(tFBK+tROUTE+tBLA*7+tMCELL), from(P3.Q ), to(DIS1f )
NET: delay(400 400), type(tFBK+tROUTE+tBLA*7+tMCELL), from(P3.Q ), to(DIS1e )
NET: delay(400 400), type(tFBK+tROUTE+tBLA*7+tMCELL), from(P3.Q ), to(DIS1d )
NET: delay(400 400), type(tFBK+tROUTE+tBLA*7+tMCELL), from(P3.Q ), to(DIS1c )
NET: delay(400 400), type(tFBK+tROUTE+tBLA*7+tMCELL), from(P3.Q ), to(DIS1b )
NET: delay(400 400), type(tFBK+tROUTE+tBLA*7+tMCELL), from(P3.Q ), to(DIS1a )
NET: delay(400 400), type(tFBK+tROUTE+tBLA*7+tMCELL), from(P2.Q ), to(P3.D.X1 )
NET: delay(400 400), type(tFBK+tROUTE+tBLA*7+tMCELL), from(P2.Q ), to(P2.D )
NET: delay(400 400), type(tFBK+tROUTE+tBLA*7+tMCELL), from(P2.Q ), to(P1.D.X1 )
NET: delay(400 400), type(tFBK+tROUTE+tBLA*7+tMCELL), from(P2.Q ), to(P0.D.X2 )
NET: delay(400 400), type(tFBK+tROUTE+tBLA*7+tMCELL), from(P2.Q ), to(P0.D.X1 )
NET: delay(400 400), type(tFBK+tROUTE+tBLA*7+tMCELL), from(P2.Q ), to(RDIS2g.D )
NET: delay(400 400), type(tFBK+tROUTE+tBLA*7+tMCELL), from(P2.Q ), to(RDIS2f.D )
NET: delay(400 400), type(tFBK+tROUTE+tBLA*7+tMCELL), from(P2.Q ), to(RDIS2e.D )
NET: delay(400 400), type(tFBK+tROUTE+tBLA*7+tMCELL), from(P2.Q ), to(RDIS2d.D )
NET: delay(400 400), type(tFBK+tROUTE+tBLA*7+tMCELL), from(P2.Q ), to(RDIS2c.D )
NET: delay(400 400), type(tFBK+tROUTE+tBLA*7+tMCELL), from(P2.Q ), to(RDIS2b.D )
NET: delay(400 400), type(tFBK+tROUTE+tBLA*7+tMCELL), from(P2.Q ), to(RDIS2a.D )
NET: delay(400 400), type(tFBK+tROUTE+tBLA*7+tMCELL), from(P2.Q ), to(DIS2g.D )
NET: delay(400 400), type(tFBK+tROUTE+tBLA*7+tMCELL), from(P2.Q ), to(DIS2f.D )
NET: delay(400 400), type(tFBK+tROUTE+tBLA*7+tMCELL), from(P2.Q ), to(DIS2e.D )
NET: delay(400 400), type(tFBK+tROUTE+tBLA*7+tMCELL), from(P2.Q ), to(DIS2d.D )
NET: delay(400 400), type(tFBK+tROUTE+tBLA*7+tMCELL), from(P2.Q ), to(DIS2c.D )
NET: delay(400 400), type(tFBK+tROUTE+tBLA*7+tMCELL), from(P2.Q ), to(DIS2b.D )
NET: delay(400 400), type(tFBK+tROUTE+tBLA*7+tMCELL), from(P2.Q ), to(DIS2a.D )
NET: delay(400 400), type(tFBK+tROUTE+tBLA*7+tMCELL), from(P2.Q ), to(DIS1g )
NET: delay(400 400), type(tFBK+tROUTE+tBLA*7+tMCELL), from(P2.Q ), to(DIS1f )
NET: delay(400 400), type(tFBK+tROUTE+tBLA*7+tMCELL), from(P2.Q ), to(DIS1e )
NET: delay(400 400), type(tFBK+tROUTE+tBLA*7+tMCELL), from(P2.Q ), to(DIS1d )
NET: delay(400 400), type(tFBK+tROUTE+tBLA*7+tMCELL), from(P2.Q ), to(DIS1c )
NET: delay(400 400), type(tFBK+tROUTE+tBLA*7+tMCELL), from(P2.Q ), to(DIS1b )
NET: delay(400 400), type(tFBK+tROUTE+tBLA*7+tMCELL), from(P2.Q ), to(DIS1a )
NET: delay(400 400), type(tFBK+tROUTE+tBLA*7+tMCELL), from(P1.Q ), to(P3.D.X1 )
NET: delay(400 400), type(tFBK+tROUTE+tBLA*7+tMCELL), from(P1.Q ), to(P2.D )
NET: delay(400 400), type(tFBK+tROUTE+tBLA*7+tMCELL), from(P1.Q ), to(P1.D.X1 )
NET: delay(400 400), type(tFBK+tROUTE+tBLA*7+tMCELL), from(P1.Q ), to(P0.D.X1 )
NET: delay(400 400), type(tFBK+tROUTE+tBLA*7+tMCELL), from(P1.Q ), to(RDIS2g.D )
NET: delay(400 400), type(tFBK+tROUTE+tBLA*7+tMCELL), from(P1.Q ), to(RDIS2f.D )
NET: delay(400 400), type(tFBK+tROUTE+tBLA*7+tMCELL), from(P1.Q ), to(RDIS2e.D )
NET: delay(400 400), type(tFBK+tROUTE+tBLA*7+tMCELL), from(P1.Q ), to(RDIS2d.D )
NET: delay(400 400), type(tFBK+tROUTE+tBLA*7+tMCELL), from(P1.Q ), to(RDIS2c.D )
NET: delay(400 400), type(tFBK+tROUTE+tBLA*7+tMCELL), from(P1.Q ), to(RDIS2b.D )
NET: delay(400 400), type(tFBK+tROUTE+tBLA*7+tMCELL), from(P1.Q ), to(RDIS2a.D )
NET: delay(400 400), type(tFBK+tROUTE+tBLA*7+tMCELL), from(P1.Q ), to(DIS2g.D )
NET: delay(400 400), type(tFBK+tROUTE+tBLA*7+tMCELL), from(P1.Q ), to(DIS2f.D )
NET: delay(400 400), type(tFBK+tROUTE+tBLA*7+tMCELL), from(P1.Q ), to(DIS2e.D )
NET: delay(400 400), type(tFBK+tROUTE+tBLA*7+tMCELL), from(P1.Q ), to(DIS2d.D )
NET: delay(400 400), type(tFBK+tROUTE+tBLA*7+tMCELL), from(P1.Q ), to(DIS2c.D )
NET: delay(400 400), type(tFBK+tROUTE+tBLA*7+tMCELL), from(P1.Q ), to(DIS2b.D )
NET: delay(400 400), type(tFBK+tROUTE+tBLA*7+tMCELL), from(P1.Q ), to(DIS2a.D )
NET: delay(400 400), type(tFBK+tROUTE+tBLA*7+tMCELL), from(P1.Q ), to(DIS1g )
NET: delay(400 400), type(tFBK+tROUTE+tBLA*7+tMCELL), from(P1.Q ), to(DIS1f )
NET: delay(400 400), type(tFBK+tROUTE+tBLA*7+tMCELL), from(P1.Q ), to(DIS1e )
NET: delay(400 400), type(tFBK+tROUTE+tBLA*7+tMCELL), from(P1.Q ), to(DIS1d )
NET: delay(400 400), type(tFBK+tROUTE+tBLA*7+tMCELL), from(P1.Q ), to(DIS1c )
NET: delay(400 400), type(tFBK+tROUTE+tBLA*7+tMCELL), from(P1.Q ), to(DIS1b )
NET: delay(400 400), type(tFBK+tROUTE+tBLA*7+tMCELL), from(P1.Q ), to(DIS1a )
NET: delay(400 400), type(tFBK+tROUTE+tBLA*7+tMCELL), from(P0.Q ), to(P3.D.X1 )
NET: delay(400 400), type(tFBK+tROUTE+tBLA*7+tMCELL), from(P0.Q ), to(P2.D )
NET: delay(400 400), type(tFBK+tROUTE+tBLA*7+tMCELL), from(P0.Q ), to(P1.D.X2 )
NET: delay(400 400), type(tFBK+tROUTE+tBLA*7+tMCELL), from(P0.Q ), to(P1.D.X1 )
NET: delay(400 400), type(tFBK+tROUTE+tBLA*7+tMCELL), from(P0.Q ), to(P0.D.X2 )
NET: delay(400 400), type(tFBK+tROUTE+tBLA*7+tMCELL), from(P0.Q ), to(P0.D.X1 )
NET: delay(400 400), type(tFBK+tROUTE+tBLA*7+tMCELL), from(P0.Q ), to(RDIS2g.D )
NET: delay(400 400), type(tFBK+tROUTE+tBLA*7+tMCELL), from(P0.Q ), to(RDIS2f.D )
NET: delay(400 400), type(tFBK+tROUTE+tBLA*7+tMCELL), from(P0.Q ), to(RDIS2d.D )
NET: delay(400 400), type(tFBK+tROUTE+tBLA*7+tMCELL), from(P0.Q ), to(RDIS2c.D )
NET: delay(400 400), type(tFBK+tROUTE+tBLA*7+tMCELL), from(P0.Q ), to(RDIS2b.D )
NET: delay(400 400), type(tFBK+tROUTE+tBLA*7+tMCELL), from(P0.Q ), to(RDIS2a.D )
NET: delay(400 400), type(tFBK+tROUTE+tBLA*7+tMCELL), from(P0.Q ), to(DIS2g.D )
NET: delay(400 400), type(tFBK+tROUTE+tBLA*7+tMCELL), from(P0.Q ), to(DIS2f.D )
NET: delay(400 400), type(tFBK+tROUTE+tBLA*7+tMCELL), from(P0.Q ), to(DIS2d.D )
NET: delay(400 400), type(tFBK+tROUTE+tBLA*7+tMCELL), from(P0.Q ), to(DIS2c.D )
NET: delay(400 400), type(tFBK+tROUTE+tBLA*7+tMCELL), from(P0.Q ), to(DIS2b.D )
NET: delay(400 400), type(tFBK+tROUTE+tBLA*7+tMCELL), from(P0.Q ), to(DIS2a.D )
NET: delay(400 400), type(tFBK+tROUTE+tBLA*7+tMCELL), from(P0.Q ), to(DIS1g )
NET: delay(400 400), type(tFBK+tROUTE+tBLA*7+tMCELL), from(P0.Q ), to(DIS1f )
NET: delay(400 400), type(tFBK+tROUTE+tBLA*7+tMCELL), from(P0.Q ), to(DIS1d )
NET: delay(400 400), type(tFBK+tROUTE+tBLA*7+tMCELL), from(P0.Q ), to(DIS1c )
NET: delay(400 400), type(tFBK+tROUTE+tBLA*7+tMCELL), from(P0.Q ), to(DIS1b )
NET: delay(400 400), type(tFBK+tROUTE+tBLA*7+tMCELL), from(P0.Q ), to(DIS1a )
NET: delay(365 365), type(tFBK+tROUTE+tMCELL), from(LED8.Q ), to(LED9.D.X1 )
NET: delay(365 365), type(tFBK+tROUTE+tMCELL), from(LED8.Q ), to(LED8.D )
NET: delay(370 370), type(tFBK+tROUTE+tBLA+tMCELL), from(LED9.Q ), to(LED10.D.X1 )
NET: delay(370 370), type(tFBK+tROUTE+tBLA+tMCELL), from(LED9.Q ), to(LED9.D.X2 )
NET: delay(370 370), type(tFBK+tROUTE+tBLA+tMCELL), from(LED9.Q ), to(LED9.D.X1 )
NET: delay(370 370), type(tFBK+tROUTE+tBLA+tMCELL), from(LED9.Q ), to(LED8.D )
NET: delay(370 370), type(tFBK+tROUTE+tBLA+tMCELL), from(LED10.Q ), to(LED11.D.X1 )
NET: delay(370 370), type(tFBK+tROUTE+tBLA+tMCELL), from(LED10.Q ), to(LED10.D.X2 )
NET: delay(370 370), type(tFBK+tROUTE+tBLA+tMCELL), from(LED10.Q ), to(LED10.D.X1 )
NET: delay(370 370), type(tFBK+tROUTE+tBLA+tMCELL), from(LED10.Q ), to(LED8.D )
NET: delay(370 370), type(tFBK+tROUTE+tBLA+tMCELL), from(LED11.Q ), to(LED12.D.X1 )
NET: delay(370 370), type(tFBK+tROUTE+tBLA+tMCELL), from(LED11.Q ), to(LED11.D.X2 )
NET: delay(370 370), type(tFBK+tROUTE+tBLA+tMCELL), from(LED11.Q ), to(LED11.D.X1 )
NET: delay(370 370), type(tFBK+tROUTE+tBLA+tMCELL), from(LED11.Q ), to(LED8.D )
NET: delay(370 370), type(tFBK+tROUTE+tBLA+tMCELL), from(LED12.Q ), to(LED13.D.X1 )
NET: delay(370 370), type(tFBK+tROUTE+tBLA+tMCELL), from(LED12.Q ), to(LED12.D.X2 )
NET: delay(370 370), type(tFBK+tROUTE+tBLA+tMCELL), from(LED12.Q ), to(LED12.D.X1 )
NET: delay(370 370), type(tFBK+tROUTE+tBLA+tMCELL), from(LED12.Q ), to(LED8.D )
NET: delay(370 370), type(tFBK+tROUTE+tBLA+tMCELL), from(LED13.Q ), to(LED14.D.X1 )
NET: delay(370 370), type(tFBK+tROUTE+tBLA+tMCELL), from(LED13.Q ), to(LED13.D.X2 )
NET: delay(370 370), type(tFBK+tROUTE+tBLA+tMCELL), from(LED13.Q ), to(LED13.D.X1 )
NET: delay(370 370), type(tFBK+tROUTE+tBLA+tMCELL), from(LED13.Q ), to(LED8.D )
NET: delay(370 370), type(tFBK+tROUTE+tBLA+tMCELL), from(LED14.Q ), to(LED15.D.X1 )
NET: delay(370 370), type(tFBK+tROUTE+tBLA+tMCELL), from(LED14.Q ), to(LED14.D.X2 )
NET: delay(370 370), type(tFBK+tROUTE+tBLA+tMCELL), from(LED14.Q ), to(LED14.D.X1 )
NET: delay(370 370), type(tFBK+tROUTE+tBLA+tMCELL), from(LED14.Q ), to(LED8.D )
NET: delay(365 365), type(tFBK+tROUTE+tMCELL), from(LED15.Q ), to(LED15.D.X2 )
NET: delay(365 365), type(tFBK+tROUTE+tMCELL), from(LED15.Q ), to(LED15.D.X1 )
NET: delay(365 365), type(tFBK+tROUTE+tMCELL), from(LED16.Q ), to(LED16.D )
Fmax/Tpd has been written in: .\lab11_4.lco
Timing report has been written in: .\lab11_4.trp



Timer ended.
