0002 |
0003 |TITLE 'Experiment 8 Skeleton File'
0004 |
0005 |DECLARATIONS
0006 |
0007 |" Bounceless switch
0008 |
0009 |CLKIN pin 1;
0010 |
0011 |"CS, RS, SS pin 2..4;
0012 |
0013 |
0014 |"CM, RM, SM pin 5..7;
0015 |
0016 |D pin 8;
0017 |
0018 |CM=CLKIN;
0019 |SM=D;
0020 |RM=!D;
0021 |
0022 |
0023 |
0024 |!NC, !NO pin 9..10;
0025 |
0026 |QS_N, QS, QM_N, QM pin 14..17 istype 'com';
0027 |
0028 |
0029 |CS=!CLKIN;
0030 |SS=QM;
0031 |RS=QM_N;
0032 |
0033 |
0034 |QFF pin 18 istype 'reg';
0035 |
0036 |BQ pin 23 istype 'com';
0037 |
0038 |
0039 |EQUATIONS
0040 |
0041 |" Bounceless switch
0042 |
0043 |BQ = NO # !NC&BQ;
0044 |
0045 |" Master SR latch
0046 |
0047 |QM = !(QM_N & !(SM & CM));
0048 |
0049 |QM_N = !(QM & !(RM & CM));
0050 |
0051 |" Slave SR latch
0052 |
0053 |QS = !(QS_N & !(SS & CS));
0054 |
0055 |QS_N = !(QS & !(RS & CS));
0056 |
0057 |QFF := D;
0058 |
0059 |QFF.CLK = CLKIN;
0060 |
0061 |
0062 |END
