ispLEVER Auto-Make Log File
---------------------------

Updating: Fit Design
Start to record tcl script...
Finished recording TCL script.

Starting: 'C:\ispLEVER_Classic1_7\ispcpld\BIN\ahdl2blf.exe step2.abl -mod step2 -ojhd compile -ret -def _AMDMACH_ _MACH_ _LSI5K_ _LATTICE_ _PLSI_ _MACH4ZE_  -err automake.err -gui'

AHDL2BLF  ABEL-HDL Processor
ispLEVER Classic 1.7 Copyright(C), 1992-2005, Lattice Semiconductor Corporation. All rights reserved
Portions Copyright(c), 1992-1999, Vantis Corporation
Portions Copyright(C), 1993-1998, Data I/O Corporation
Portions Copyright(C), 1997-1998, MINC Washington Corporation
Portions Copyright(C), Alan Phillips, Lancaster University Computer Centre 1992-1998
Module: 'step2'

  Processing equations...

0200 |S1.D = 0;
             ^
Warning 1124:In "step2.abl":415:'INVERT' or 'BUFFER' not specified for 'S1' - assuming 'BUFFER'.

0205 |S2.D = 0;
             ^
Warning 1124:In "step2.abl":420:'INVERT' or 'BUFFER' not specified for 'S2' - assuming 'BUFFER'.

  Module parsing complete. Building logic network...

  Creating Open-ABEL 2 (BLIF) file step2.bl0...



Module 'step2' processing complete.

AHDL2BLF complete - 0 errors, 2 warnings. Time: 1 seconds

Done: completed successfully.

Starting: 'C:\ispLEVER_Classic1_7\ispcpld\BIN\mblifopt.exe step2.bl0 -collapse none -reduce none -err automake.err -gui -keepwires'

BLIFOPT  Open-ABEL Optimizer 
U.C. Berkeley, SIS Ver. 1.0, supported by Lattice Semiconductor
ispLEVER Classic 1.7 Copyright 1992-2013 Lattice Semiconductor. All Rights Reserved.
Reading Open-ABEL 2 file step2.bl0...
Writing Open-ABEL 2 (BLIF) file step2.bl1...
Note    0: 
BLIFOPT complete - Time 0 seconds
Done: completed successfully.

Starting: 'C:\ispLEVER_Classic1_7\ispcpld\BIN\mblflink.exe "step2.bl1" -o "untitled.bl2" -omod "untitled" -gui -err "automake.err"'

BLIFLINK  Top-Down Design Linker
ispLEVER Classic 1.7 Copyright 1992-2013 Lattice Semiconductor. All Rights Reserved.

Top-level file: 'step2.bl1'
	Referring to External Module 'osctimer'.

Hierarchical BLIF: 'untitled.bl2'

BLIFLINK complete.  Time: 1 second 
Done: completed successfully.

Starting: 'C:\ispLEVER_Classic1_7\ispcpld\BIN\impsrc.exe -gui -prj untitled -lci untitled.lct -log untitled.imp -err automake.err -tti untitled.bl2 -dir u:\personal\ece 270\lab9\step2'

Source constraints were successfully imported to the current project.
Done: completed successfully.

Starting: 'C:\ispLEVER_Classic1_7\ispcpld\BIN\abelvci.exe -vci untitled.lct -blifopt untitled.b2_'

Done: completed successfully.

Starting: 'C:\ispLEVER_Classic1_7\ispcpld\BIN\mblifopt.exe untitled.bl2 -sweep -mergefb -err automake.err -o untitled.bl3 @untitled.b2_ -gui'

BLIFOPT  Open-ABEL Optimizer 
U.C. Berkeley, SIS Ver. 1.0, supported by Lattice Semiconductor
ispLEVER Classic 1.7 Copyright 1992-2013 Lattice Semiconductor. All Rights Reserved.
Reading Open-ABEL 2 file untitled.bl2...
Merging feedbacks...
Note 13707: Fmax mode satisfied
Control path optimization...
Performing 'bypin choose' optimization...
Note    0: Estimated (clusters + macrocells): 40, Fmax Logic Level: 0
Writing Open-ABEL 2 (BLIF) file untitled.bl3...
Note    0: 
BLIFOPT complete - Time 0 seconds
Done: completed successfully.

Starting: 'C:\ispLEVER_Classic1_7\ispcpld\BIN\abelvci.exe -vci untitled.lct -dev lc4k -diofft untitled.d0'

Done: completed successfully.

Starting: 'C:\ispLEVER_Classic1_7\ispcpld\BIN\mdiofft.exe untitled.bl3 -family AMDMACH -idev van -o untitled.bl4 -oxrf untitled.xrf -err automake.err @untitled.d0 -gui'

DIOFFT  Flip-Flop Transformation program
ispLEVER Classic 1.7 Copyright 1992-2013 Lattice Semiconductor. All Rights Reserved.
Input file: untitled.bl3.
Output file: untitled.bl4.
Cross reference file: untitled.xrf.

..........
Shortening signal names...
Writing signal name cross reference file untitled.xrf... 

Note 13707: Removing redundant GND node osc_rst.

DIOFFT complete - Time 0 seconds
Done: completed successfully.

Starting: 'C:\ispLEVER_Classic1_7\ispcpld\BIN\abelvci.exe -vci untitled.lct -dev lc4k -prefit untitled.l0'

Done: completed successfully.

Starting: 'C:\ispLEVER_Classic1_7\ispcpld\BIN\prefit.exe -blif -inp untitled.bl4 -out untitled.bl5 -err automake.err -log untitled.log -mod step2 @untitled.l0 -gui -sc'

Prefit Logic Optimizer (May 31 2012)  Mon Mar 20 19:26:48 2017

C:\ispLEVER_Classic1_7\ispcpld\BIN\prefit.exe -blif -inp untitled.bl4 -out untitled.bl5 -err automake.err -log untitled.log -mod step2 @untitled.l0 -gui -sc 
<Note> F34000: S1 is removed
<Note> F34000: S2 is removed
Number of pins (IO)    :    70
Number of outputs (MC) :    39
Number of registers    :     2
Number of logic pterms :    39
C:\ispLEVER_Classic1_7\ispcpld\BIN\prefit.exe complete - Time 0 seconds

Done: completed successfully.

Starting: 'C:\ispLEVER_Classic1_7\ispcpld\BIN\lpf4k.exe @"untitled.rs2"'

<Warning>  P38466:  DYNOSCDIS and TIMERRES have the same logic.
Project 'untitled' was Fitted Successfully!

Done: completed successfully.

Starting: 'C:\ispLEVER_Classic1_7\ispcpld\BIN\tda.exe -i untitled.bl5 -o untitled.tda -lci untitled.lct -dev m4e_256_96 -family lc4k -mod step2 -ovec NoInput.tmv -err tda.err -gui'

TDA  - Timing Driven Analyze 
Ver. 1.0, supported by Lattice Semiconductor
ispLEVER Classic 1.7 Copyright 1992-2013 Lattice Semiconductor. All Rights Reserved.

TDA complete - Time 1 seconds
Done: completed successfully.

Starting: 'C:\ispLEVER_Classic1_7\ispcpld\BIN\synsvf.exe -exe "C:\ispLEVER_Classic1_7\ispvmsystem/ispufw" -prj untitled -if untitled.jed -j2s -log untitled.svl -gui'

Invoke process : C:\ispLEVER_Classic1_7\ispvmsystem/ispufw -dev LC4256ZE-XXTN144 -op JPVS -if untitled.jed -oft -svf -of "U:\Personal\ECE 270\Lab9\step2\untitled_epvs.svf" -lever
svf file '"U:\Personal\ECE 270\Lab9\step2\untitled_epvs.svf"' is generated successfully

Invoke process : C:\ispLEVER_Classic1_7\ispvmsystem/ispufw -dev LC4256ZE-XXTN144 -op JPV -if untitled.jed -oft -svf -of "U:\Personal\ECE 270\Lab9\step2\untitled_epv.svf" -lever
svf file '"U:\Personal\ECE 270\Lab9\step2\untitled_epv.svf"' is generated successfully

Invoke process : C:\ispLEVER_Classic1_7\ispvmsystem/ispufw -dev LC4256ZE-XXTN144 -op JV -if untitled.jed -oft -svf -of "U:\Personal\ECE 270\Lab9\step2\untitled_v.svf" -lever
svf file '"U:\Personal\ECE 270\Lab9\step2\untitled_v.svf"' is generated successfully

Done: completed successfully.
