|--------------------------------------------------------------|
|- ispLEVER Classic 1.7.00.05.28.13 Fitter Report File        -|
|- Copyright(C), 1992-2012, Lattice Semiconductor Corporation -|
|- All Rights Reserved.                                       -|
|--------------------------------------------------------------|




The Basic/Detailed Report Format can be selected in the dialog box
Tools->Fitter Report File Format...

Project_Summary
~~~~~~~~~~~~~~~
Project Name         :  lab12rz
Project Path         :  U:\ECE 270\lab12\lab12rz
Project Fitted on    :  Fri Apr 14 12:21:02 2017

Device               :  M4256_96
Package              :  144
GLB Input Mux Size   :  33
Available Blocks     :  16
Speed                :  -5.8
Part Number          :  LC4256ZE-5TN144C
Source Format        :  ABEL_Schematic


// Project 'lab12rz' Fit Successfully! //


Compilation_Times
~~~~~~~~~~~~~~~~~
Prefit Time                     0 secs
Load Design Time                0.03 secs
Partition Time                  0.02 secs
Place Time                      0.00 secs
Route Time                      0.00 secs
Total Fit Time                  00:00:01


Design_Summary
~~~~~~~~~~~~~~
Total Input Pins                52
Total Logic Functions           35
  Total Output Pins             11
  Total Bidir I/O Pins          7
  Total Buried Nodes            17
Total Flip-Flops                13
  Total D Flip-Flops            13
  Total T Flip-Flops            0
  Total Latches                 0
Total Product Terms             135

Total Reserved Pins             0
Total Locked Pins               70
Total Locked Nodes              2

Total Unique Output Enables     1
Total Unique Clocks             2
Total Unique Clock Enables      0
Total Unique Resets             3
Total Unique Presets            3

Fmax Logic Levels               -


Device_Resource_Summary
~~~~~~~~~~~~~~~~~~~~~~~
                                 Device
                                 Total    Used   Not Used   Utilization
-----------------------------------------------------------------------
Dedicated Pins
  Clock/Input Pins                  4        0      4    -->     0
  Input-Only Pins                  10        0     10    -->     0
  I/O / Enable Pins                 2        2      0    -->   100
I/O Pins                           94       68     26    -->    72
Logic Functions                   256       35    221    -->    13
  Input Registers                  96        0     96    -->     0

GLB Inputs                        576       74    502    -->    12
Logical Product Terms            1280      105   1175    -->     8
Occupied GLBs                      16       14      2    -->    87
Macrocells                        256       33    223    -->    12

Control Product Terms:
  GLB Clock/Clock Enables          16        4     12    -->    25
  GLB Reset/Presets                16        0     16    -->     0
  Macrocell Clocks                256        2    254    -->     0
  Macrocell Clock Enables         256        0    256    -->     0
  Macrocell Enables               256        0    256    -->     0
  Macrocell Resets                256        1    255    -->     0
  Macrocell Presets               256        1    255    -->     0

Global Routing Pool               356       24    332    -->     6
  GRP from IFB                     ..        9     ..    -->    ..
    (from input signals)           ..        9     ..    -->    ..
    (from output signals)          ..        0     ..    -->    ..
    (from bidir signals)           ..        0     ..    -->    ..
  GRP from MFB                     ..       15     ..    -->    ..
----------------------------------------------------------------------

<Note> 1 : The available PT is the product term that has not been used.
<Note> 2 : IFB is I/O feedback.
<Note> 3 : MFB is macrocell feedback.



GLB_Resource_Summary
~~~~~~~~~~~~~~~~~~~~
                                                                                     # of PT
               ---  Fanin  ---    I/O    Input  Macrocells       Macrocells   Logic  clusters
             Unique Shared Total  Pins    Regs Used Inaccessible  available    PTs   used
-------------------------------------------------------------------------------------------
Maximum
  GLB                      36      *(1)     8   --     --             16       80       16
-------------------------------------------------------------------------------------------
  GLB    A      2     5     7      5/6      0    5      0             11        7        5
  GLB    B      4     8    12      6/6      0    7      0              9       17        7
  GLB    C      8     0     8      0/6      0    2      0             14        9        3
  GLB    D      0     0     0      0/6      0    0      0             16        0        0
-------------------------------------------------------------------------------------------
  GLB    E      0     0     0      4/6      0    0      0             16        0        0
  GLB    F      7     0     7      6/6      0    3      0             13        8        3
  GLB    G      6     2     8      3/6      0    3      0             13       10        3
  GLB    H      2     4     6      6/6      0    7      0              9       21        7
-------------------------------------------------------------------------------------------
  GLB    I      0     6     6      6/6      0    2      0             14        6        2
  GLB    J      0     0     0      0/6      0    0      0             16        0        0
  GLB    K      0     0     0      6/6      0    0      0             16        0        0
  GLB    L      0     6     6      6/6      0    2      0             14        6        2
-------------------------------------------------------------------------------------------
  GLB    M      0     0     0      6/6      0    0      0             16        0        0
  GLB    N      6     0     6      6/6      0    1      0             15        7        2
  GLB    O      8     0     8      3/6      0    1      0             15       14        3
  GLB    P      0     0     0      5/6      0    0      0             16        0        0
-------------------------------------------------------------------------------------------
TOTALS:        43    31    74     68/96     0   33      0            223      105       37

<Note> 1 : For ispMACH 4000 devices, the number of IOs depends on the GLB.
<Note> 2 : Four rightmost columns above reflect last status of the placement process.



GLB_Control_Summary
~~~~~~~~~~~~~~~~~~~
           Shared Shared | Mcell  Mcell  Mcell  Mcell  Mcell 
           Clk/CE Rst/Pr | Clock  CE     Enable Reset  Preset
------------------------------------------------------------------------------
Maximum
  GLB        1      1        16     16     16     16     16  
==============================================================================
  GLB    A   1      0         0      0      0      0      0
  GLB    B   1      0         1      0      0      1      1
  GLB    C   0      0         0      0      0      0      0
  GLB    D   0      0         0      0      0      0      0
------------------------------------------------------------------------------
  GLB    E   0      0         0      0      0      0      0
  GLB    F   0      0         0      0      0      0      0
  GLB    G   0      0         0      0      0      0      0
  GLB    H   0      0         1      0      0      0      0
------------------------------------------------------------------------------
  GLB    I   1      0         0      0      0      0      0
  GLB    J   0      0         0      0      0      0      0
  GLB    K   0      0         0      0      0      0      0
  GLB    L   1      0         0      0      0      0      0
------------------------------------------------------------------------------
  GLB    M   0      0         0      0      0      0      0
  GLB    N   0      0         0      0      0      0      0
  GLB    O   0      0         0      0      0      0      0
  GLB    P   0      0         0      0      0      0      0
------------------------------------------------------------------------------

<Note> 1 : For ispMACH 4000 devices, the number of output enables depends on the GLB.



Optimizer_and_Fitter_Options
~~~~~~~~~~~~~~~~~~~~~~~~~~~~
Pin Assignment :                       Yes
Group Assignment :                     No
Pin Reservation :                      No

@Ignore_Project_Constraints :
  Pin Assignments :                    No
      Keep Block Assignment            --
      Keep Segment Assignment          --
  Group Assignments :                  No
  Macrocell Assignment :               No
      Keep Block Assignment            --
      Keep Segment Assignment          --

@Backannotate_Project_Constraints
  Pin Assignments :                    No
  Pin And Block Assignments :          No
  Pin, Macrocell and Block :           No

@Timing_Constraints :                  No

@Global_Project_Optimization :
  Balanced Partitioning :              Yes
  Spread Placement :                   Yes

  Note :
    Pack Design :
       Balanced Partitioning = No
       Spread Placement      = No
    Spread Design :
       Balanced Partitioning = Yes
       Spread Placement      = Yes


@Logic_Synthesis :
  Logic Reduction :                    Yes
  Node Collapsing :                    FMAX
  Fmax_Logic_Level :                   1
  D/T Synthesis :                      Yes
  XOR Synthesis :                      Yes
  Max. P-Term for Collapsing :         16
  Max. P-Term for Splitting :          80
  Max Symbols :                        24

@Utilization_options
  Max. % of Macrocells used :          100
@User_Signature                        
@IO_Types                              Default = LVCMOS18 (2)
@Output_Slew_Rate                      Default = FAST (2)
@Power                                 Default = HIGH (2)
@Pull                                  Default = PULLUP_DOWN (2)
@Input_Registers                       Default = None (2)
@Register_Powerup                      Default = None

Device Options:
<Note> 1 : Reserved unused I/Os can be independently driven to Low or High, and does not
           follow the drive level set for the Global Configure Unused I/O Option.
<Note> 2 : For user-specified constraints on individual signals, refer to the Output,
           Bidir and Buried Signal Lists.



OSCTIMER_Summary
~~~~~~~~~~~~~~~~
OSCTIMER:                         Pin/Node
  OSCTIMER Instance Name                    I1
  Dynamic Disable Signal                    osc_dis
  Timer Reset Signal                        _dup_osc_dis
  Oscillator Output Clock         mfb C-15  osc_out
  Timer Output Clock              mfb F-15  tmr_out

  Oscillator Output Clock Frequency         5.0000 MHz
  Timer Output Clock Frequency              4.7684 Hz
  Timer Divider                             1048576


Pinout_Listing
~~~~~~~~~~~~~~
      | Pin   | Bank |GLB |Assigned|                 | Signal|            | PG
Pin No| Type  |Number|Pad |Pin     |     I/O Type    | Type  | Signal name| Enable
-----------------------------------------------------------------------------------
1     | GND   |   -  |    |        |                 |       |            |
2     | TDI   |   -  |    |        |                 |       |            |
3     |VCCIO0 |   -  |    |        |                 |       |            |
4     |  I_O  |   0  |C12 |        |                 |       |            |
5     |  I_O  |   0  |C10 |        |                 |       |            |
6     |  I_O  |   0  |C8  |        |                 |       |            |
7     |  I_O  |   0  |C6  |        |                 |       |            |
8     |  I_O  |   0  |C4  |        |                 |       |            |
9     |  I_O  |   0  |C2  |        |                 |       |            |
10    |GNDIO0 |   -  |    |        |                 |       |            |
11    |  I_O  |   0  |D14 |        |                 |       |            |
12    |  I_O  |   0  |D12 |        |                 |       |            |
13    |  I_O  |   0  |D10 |        |                 |       |            |
14    |  I_O  |   0  |D8  |        |                 |       |            |
15    |  I_O  |   0  |D6  |        |                 |       |            |
16    |  I_O  |   0  |D4  |        |                 |       |            |
17    | IN0   |   0  |    |        |                 |       |            |
18    | NC    |   -  |    |        |                 |       |            |
19    |VCCIO0 |   -  |    |        |                 |       |            |
20    | IN1   |   0  |    |        |                 |       |            |
21    |  I_O  |   0  |E2  |        |                 |       |            |
22    |  I_O  |   0  |E4  |        |                 |       |            |
23    |  I_O  |   0  |E6  |    *   |LVCMOS18         | Input |DIP4        |
24    |  I_O  |   0  |E8  |    *   |LVCMOS18         | Input |DIP5        |
25    |  I_O  |   0  |E10 |    *   |LVCMOS18         | Input |DIP6        |
26    |  I_O  |   0  |E12 |    *   |LVCMOS18         | Input |DIP7        |
27    |GNDIO0 |   -  |    |        |                 |       |            |
28    |  I_O  |   0  |F2  |    *   |LVCMOS18         | Input |LED7        |
29    |  I_O  |   0  |F4  |    *   |LVCMOS18         | Input |LED6        |
30    |  I_O  |   0  |F6  |    *   |LVCMOS18         | Input |LED5        |
31    |  I_O  |   0  |F8  |    *   |LVCMOS18         | Input |LED4        |
32    |  I_O  |   0  |F10 |    *   |LVCMOS18         | Output|LED3        |
33    |  I_O  |   0  |F12 |    *   |LVCMOS18         | Output|LED2        |
34    |VCCIO0 |   -  |    |        |                 |       |            |
35    | TCK   |   -  |    |        |                 |       |            |
36    | VCC   |   -  |    |        |                 |       |            |
37    | GND   |   -  |    |        |                 |       |            |
38    | IN2   |   0  |    |        |                 |       |            |
39    |  I_O  |   0  |G12 |    *   |LVCMOS18         | Output|LED1        |
40    |  I_O  |   0  |G10 |    *   |LVCMOS18         | Output|LED0        |
41    |  I_O  |   0  |G8  |        |                 |       |            |
42    |  I_O  |   0  |G6  |        |                 |       |            |
43    |  I_O  |   0  |G4  |        |                 |       |            |
44    |  I_O  |   0  |G2  |    *   |LVCMOS18         | Output|DIS4a       |
45    | IN3   |   0  |    |        |                 |       |            |
46    |GNDIO0 |   -  |    |        |                 |       |            |
47    |VCCIO0 |   -  |    |        |                 |       |            |
48    |  I_O  |   0  |H12 |    *   |LVCMOS18         | Output|DIS4b       |
49    |  I_O  |   0  |H10 |    *   |LVCMOS18         | Output|DIS4c       |
50    |  I_O  |   0  |H8  |    *   |LVCMOS18         | Output|DIS4d       |
51    |  I_O  |   0  |H6  |    *   |LVCMOS18         | Output|DIS4e       |
52    |  I_O  |   0  |H4  |    *   |LVCMOS18         | Output|DIS4f       |
53    |  I_O  |   0  |H2  |    *   |LVCMOS18         | Output|DIS4g       |
54    |INCLK1 |   0  |    |        |                 |       |            |
55    |GNDIO1 |   -  |    |        |                 |       |            |
56    |INCLK2 |   1  |    |        |                 |       |            |
57    | VCC   |   -  |    |        |                 |       |            |
58    |  I_O  |   1  |I2  |    *   |LVCMOS18         | Input |S1_NC       |
59    |  I_O  |   1  |I4  |    *   |LVCMOS18         | Input |S1_NO       |
60    |  I_O  |   1  |I6  |    *   |LVCMOS18         | Input |S2_NC       |
61    |  I_O  |   1  |I8  |    *   |LVCMOS18         | Input |S2_NO       |
62    |  I_O  |   1  |I10 |    *   |LVCMOS18         | Input |LED29       |
63    |  I_O  |   1  |I12 |    *   |LVCMOS18         | Input |LED28       |
64    |VCCIO1 |   -  |    |        |                 |       |            |
65    |GNDIO1 |   -  |    |        |                 |       |            |
66    |  I_O  |   1  |J2  |        |                 |       |            |
67    |  I_O  |   1  |J4  |        |                 |       |            |
68    |  I_O  |   1  |J6  |        |                 |       |            |
69    |  I_O  |   1  |J8  |        |                 |       |            |
70    |  I_O  |   1  |J10 |        |                 |       |            |
71    |  I_O  |   1  |J12 |        |                 |       |            |
72    | IN4   |   0  |    |        |                 |       |            |
73    | GND   |   -  |    |        |                 |       |            |
74    | TMS   |   -  |    |        |                 |       |            |
75    |VCCIO1 |   -  |    |        |                 |       |            |
76    |  I_O  |   1  |K12 |    *   |LVCMOS18         | Input |DIP3        |
77    |  I_O  |   1  |K10 |    *   |LVCMOS18         | Input |DIP2        |
78    |  I_O  |   1  |K8  |    *   |LVCMOS18         | Input |DIP1        |
79    |  I_O  |   1  |K6  |    *   |LVCMOS18         | Input |DIP0        |
80    |  I_O  |   1  |K4  |    *   |LVCMOS18         | Input |DIS1g       |
81    |  I_O  |   1  |K2  |    *   |LVCMOS18         | Input |DIS1f       |
82    |GNDIO1 |   -  |    |        |                 |       |            |
83    |  I_O  |   1  |L14 |    *   |LVCMOS18         | Input |DIS1e       |
84    |  I_O  |   1  |L12 |    *   |LVCMOS18         | Input |DIS1d       |
85    |  I_O  |   1  |L10 |    *   |LVCMOS18         | Input |DIS1c       |
86    |  I_O  |   1  |L8  |    *   |LVCMOS18         | Input |DIS1b       |
87    |  I_O  |   1  |L6  |    *   |LVCMOS18         | Input |DIS1a       |
88    |  I_O  |   1  |L4  |    *   |LVCMOS18         | Input |DIS2g       |
89    | IN5   |   1  |    |        |                 |       |            |
90    | NC    |   -  |    |        |                 |       |            |
91    |VCCIO1 |   -  |    |        |                 |       |            |
92    | IN6   |   1  |    |        |                 |       |            |
93    |  I_O  |   1  |M2  |    *   |LVCMOS18         | Input |DIS2f       |
94    |  I_O  |   1  |M4  |    *   |LVCMOS18         | Input |DIS2e       |
95    |  I_O  |   1  |M6  |    *   |LVCMOS18         | Input |DIS2d       |
96    |  I_O  |   1  |M8  |    *   |LVCMOS18         | Input |DIS2c       |
97    |  I_O  |   1  |M10 |    *   |LVCMOS18         | Input |DIS2b       |
98    |  I_O  |   1  |M12 |    *   |LVCMOS18         | Input |DIS2a       |
99    |GNDIO1 |   -  |    |        |                 |       |            |
100   |  I_O  |   1  |N2  |    *   |LVCMOS18         | Input |LED20       |
101   |  I_O  |   1  |N4  |    *   |LVCMOS18         | Input |LED21       |
102   |  I_O  |   1  |N6  |    *   |LVCMOS18         | Input |LED22       |
103   |  I_O  |   1  |N8  |    *   |LVCMOS18         | Input |LED23       |
104   |  I_O  |   1  |N10 |    *   |LVCMOS18         | Input |LED24       |
105   |  I_O  |   1  |N12 |    *   |LVCMOS18         | Input |LED25       |
106   |VCCIO1 |   -  |    |        |                 |       |            |
107   | TDO   |   -  |    |        |                 |       |            |
108   | VCC   |   -  |    |        |                 |       |            |
109   | GND   |   -  |    |        |                 |       |            |
110   | IN7   |   1  |    |        |                 |       |            |
111   |  I_O  |   1  |O12 |    *   |LVCMOS18         | Input |LED26       |
112   |  I_O  |   1  |O10 |    *   |LVCMOS18         | Input |LED27       |
113   |  I_O  |   1  |O8  |        |                 |       |            |
114   |  I_O  |   1  |O6  |        |                 |       |            |
115   |  I_O  |   1  |O4  |        |                 |       |            |
116   |  I_O  |   1  |O2  |    *   |LVCMOS18         | Input |DIS3g       |
117   | IN8   |   1  |    |        |                 |       |            |
118   |GNDIO1 |   -  |    |        |                 |       |            |
119   |VCCIO1 |   -  |    |        |                 |       |            |
120   |  I_O  |   1  |P12 |    *   |LVCMOS18         | Input |DIS3f       |
121   |  I_O  |   1  |P10 |    *   |LVCMOS18         | Input |DIS3e       |
122   |  I_O  |   1  |P8  |    *   |LVCMOS18         | Input |DIS3d       |
123   |  I_O  |   1  |P6  |    *   |LVCMOS18         | Input |DIS3c       |
124   |  I_O  |   1  |P4  |    *   |LVCMOS18         | Input |DIS3b       |
125   | I_O/OE|   1  |P2  |    *   |LVCMOS18         | Input |DIS3a       |
126   |INCLK3 |   1  |    |        |                 |       |            |
127   |GNDIO0 |   -  |    |        |                 |       |            |
128   |INCLK0 |   0  |    |        |                 |       |            |
129   | VCC   |   -  |    |        |                 |       |            |
130   | I_O/OE|   0  |A2  |    *   |LVCMOS18         | Input |LED15       |
131   |  I_O  |   0  |A4  |    *   |LVCMOS18         | Input |LED14       |
132   |  I_O  |   0  |A6  |    *   |LVCMOS18         | Input |LED13       |
133   |  I_O  |   0  |A8  |    *   |LVCMOS18         | Input |LED12       |
134   |  I_O  |   0  |A10 |    *   |LVCMOS18         |Tri-Out|LED11       |
135   |  I_O  |   0  |A12 |    *   |LVCMOS18         |Tri-Out|LED10       |
136   |VCCIO0 |   -  |    |        |                 |       |            |
137   |GNDIO0 |   -  |    |        |                 |       |            |
138   |  I_O  |   0  |B2  |    *   |LVCMOS18         |Tri-Out|LED9        |
139   |  I_O  |   0  |B4  |    *   |LVCMOS18         |Tri-Out|LED8        |
140   |  I_O  |   0  |B6  |    *   |LVCMOS18         |Tri-Out|LED16       |
141   |  I_O  |   0  |B8  |    *   |LVCMOS18         |Tri-Out|LED17       |
142   |  I_O  |   0  |B10 |    *   |LVCMOS18         |Tri-Out|LED18       |
143   |  I_O  |   0  |B12 |    *   |LVCMOS18         | Input |LED19       |
144   | IN9   |   0  |    |        |                 |       |            |
-----------------------------------------------------------------------------------

<Note> GLB Pad : This notation refers to the GLB I/O pad number in the device.
<Note> Assigned Pin : user or dedicated input assignment (E.g. Clock pins).
<Note> Pin Type : 
          ClkIn : Dedicated input or clock pin 
           CLK  : Dedicated clock pin
           I_O  : Input/Output pin
           INP  : Dedicated input pin
           JTAG : JTAG Control and test pin
           NC   : No connected



Input_Signal_List
~~~~~~~~~~~~~~~~~
                Input
         Pin    Fanout
 Pin GLB Type                       Pullup Signal
-------------------------------------------------
  79   K  I/O   5  A-C---G------NO-    Down DIP0
  78   K  I/O   5  A-C---G------NO-    Down DIP1
  77   K  I/O   4  --C--F-------NO-    Down DIP2
  76   K  I/O   2  -----F--------O-    Down DIP3
  23   E  I/O      ----------------    Down DIP4
  24   E  I/O      ----------------    Down DIP5
  25   E  I/O      ----------------    Down DIP6
  26   E  I/O   1  -----F----------    Down DIP7
  87   L  I/O      ----------------    Down DIS1a
  86   L  I/O      ----------------    Down DIS1b
  85   L  I/O      ----------------    Down DIS1c
  84   L  I/O      ----------------    Down DIS1d
  83   L  I/O      ----------------    Down DIS1e
  81   K  I/O      ----------------    Down DIS1f
  80   K  I/O      ----------------    Down DIS1g
  98   M  I/O      ----------------    Down DIS2a
  97   M  I/O      ----------------    Down DIS2b
  96   M  I/O      ----------------    Down DIS2c
  95   M  I/O      ----------------    Down DIS2d
  94   M  I/O      ----------------    Down DIS2e
  93   M  I/O      ----------------    Down DIS2f
  88   L  I/O      ----------------    Down DIS2g
 125   P  I/O      ----------------    Down DIS3a
 124   P  I/O      ----------------    Down DIS3b
 123   P  I/O      ----------------    Down DIS3c
 122   P  I/O      ----------------    Down DIS3d
 121   P  I/O      ----------------    Down DIS3e
 120   P  I/O      ----------------    Down DIS3f
 116   O  I/O      ----------------    Down DIS3g
 133   A  I/O      ----------------    Down LED12
 132   A  I/O      ----------------    Down LED13
 131   A  I/O      ----------------    Down LED14
 130   A  I/O      ----------------    Down LED15
 143   B  I/O      ----------------    Down LED19
 100   N  I/O      ----------------    Down LED20
 101   N  I/O      ----------------    Down LED21
 102   N  I/O      ----------------    Down LED22
 103   N  I/O      ----------------    Down LED23
 104   N  I/O      ----------------    Down LED24
 105   N  I/O      ----------------    Down LED25
 111   O  I/O      ----------------    Down LED26
 112   O  I/O      ----------------    Down LED27
  63   I  I/O      ----------------    Down LED28
  62   I  I/O      ----------------    Down LED29
  31   F  I/O      ----------------    Down LED4
  30   F  I/O      ----------------    Down LED5
  29   F  I/O      ----------------    Down LED6
  28   F  I/O      ----------------    Down LED7
  58   I  I/O   1  -B--------------    Down S1_NC
  59   I  I/O   1  -B--------------    Down S1_NO
  60   I  I/O   1  -------H--------    Down S2_NC
  61   I  I/O   1  -------H--------    Down S2_NO
-------------------------------------------------



Output_Signal_List
~~~~~~~~~~~~~~~~~~
          I         C      P R P       O Output
          N         L Mc   R E U C O F B Fanout
 Pin GLB  P LL PTs  S Type E S P E E P P                     Slew Pullup Signal
-------------------------------------------------------------------------------
  44   G  4  -   4  1 COM                   ----------------  Fast   Down DIS4a
  48   H  4  -   4  1 COM                   ----------------  Fast   Down DIS4b
  49   H  4  -   3  1 COM                   ----------------  Fast   Down DIS4c
  50   H  4  -   4  1 COM                   ----------------  Fast   Down DIS4d
  51   H  4  -   2  1 COM                   ----------------  Fast   Down DIS4e
  52   H  4  -   3  1 COM                   ----------------  Fast   Down DIS4f
  53   H  4  -   4  1 COM                   ----------------  Fast   Down DIS4g
  40   G  2  1   2  1 COM                   ----------------  Fast   Down LED0
  39   G  4  1   4  1 COM                   ----------------  Fast   Down LED1
 135   A  3  -   1  1 DFF  *   S   *        ----------------  Fast   Down LED10
 134   A  3  -   1  1 DFF  *   S   *        ----------------  Fast   Down LED11
 140   B  3  3   4  1 COM          *        ----------------  Fast   Down LED16
 141   B  4  4   4  1 COM          *        ----------------  Fast   Down LED17
 142   B  1  4   1  1 COM          *        ----------------  Fast   Down LED18
  33   F  3  2   4  1 COM                   ----------------  Fast   Down LED2
  32   F  3  2   4  1 COM                2  -BC-------------  Fast   Down LED3
 139   B  6  -   4  1 DFF  *   S   *        ----------------  Fast   Down LED8
 138   B  3  -   1  1 DFF  *   S   *        ----------------  Fast   Down LED9
-------------------------------------------------------------------------------

<Note> CLS = Number of clusters used
       INP = Number of input signals
       PTs = Number of product terms
        LL = Number of logic levels
       PRE = Has preset equation
       RES = Has reset equation
       PUP = Power-Up initial state: R=Reset, S=Set
        CE = Has clock enable equation
        OE = Has output enable equation
        FP = Fast path used
       OBP = ORP bypass used



Bidir_Signal_List
~~~~~~~~~~~~~~~~~
          I         C      P R P       O Bidir
          N         L Mc   R E U C O F B Fanout
 Pin GLB  P LL PTs  S Type E S P E E P P                     Slew Pullup Signal
-------------------------------------------------------------------------------
-------------------------------------------------------------------------------

<Note> CLS = Number of clusters used
       INP = Number of input signals
       PTs = Number of product terms
        LL = Number of logic levels
       PRE = Has preset equation
       RES = Has reset equation
       PUP = Power-Up initial state: R=Reset, S=Set
        CE = Has clock enable equation
        OE = Has output enable equation
        FP = Fast path used
       OBP = ORP bypass used



Buried_Signal_List
~~~~~~~~~~~~~~~~~~
        I         C      P R P       Node
        N         L Mc   R E U C I F Fanout
Mc GLB  P LL PTs  S Type E S P E R P                     Signal
---------------------------------------------------------------------
 5   A  4  -   3  1 COM              2  --C--F----------  CA1
 4   N  6  -   7  2 COM              2  -B---F----------  CA2
 4   O  8  -  14  3 COM              1  -B--------------  CA3
 9   I  6  -   3  1 DFF  *   S       4  ------GHI--L----  COUNT0
 3   I  6  -   3  1 DFF    * R       4  ------GHI--L----  COUNT1
 9   L  6  -   3  1 DFF    * R       4  ------GHI--L----  COUNT2
 3   L  6  -   3  1 DFF    * R       4  ------GHI--L----  COUNT3
11   A  3  -   1  1 DFF    * R       6  ABC---G------NO-  SR1
12   B  3  -   1  1 DFF    * R       6  ABC--F-------NO-  SR2
 7   A  3  -   1  1 DFF    * R       3  -B---F--------O-  SR3
 1   B  2  -   2  1 DFF  * * R       4  AB------I--L----  SW1
12   H  2  -   1  1 DFF  * * R       4  AB------I--L----  SW2
 3   C  8  -   9  2 COM              1  -B--------------  ZF
15   F  0  -   0  1 COM                 ----------------  _dup_osc_dis
15   C  0  -   0  1 COM                 ----------------  osc_dis
--   F  1   1  0 PTOE              ----------------     LED18.OE
---------------------------------------------------------------------

<Note> CLS = Number of clusters used
       INP = Number of input signals
       PTs = Number of product terms
        LL = Number of logic levels
       PRE = Has preset equation
       RES = Has reset equation
       PUP = Power-Up initial state: R=Reset, S=Set
        CE = Has clock enable equation
        OE = Has output enable equation
        IR = Input register
        FP = Fast path used
       OBP = ORP bypass used



PostFit_Equations
~~~~~~~~~~~~~~~~~
CA1 = !( DIP1 & !SR1.Q
    # DIP0 & LED8.Q & !SR1.Q
    # DIP0 & DIP1 & LED8.Q ) ; (3 pterms, 4 signals)

CA2 = !( DIP1 & !SR2.Q & !SR1.Q
    # DIP1 & DIP2 & !SR1.Q
    # DIP0 & LED8.Q & !SR2.Q & !SR1.Q
    # DIP0 & DIP2 & LED8.Q & !SR1.Q
    # DIP0 & DIP1 & LED8.Q & !SR2.Q
    # DIP0 & DIP1 & DIP2 & LED8.Q
    # DIP2 & !SR2.Q ) ; (7 pterms, 6 signals)

CA3.X1 = !DIP3 & SR3.Q
    # !DIP2 & SR2.Q
    # !DIP0 & !DIP1 & !DIP2
    # !DIP0 & !DIP1 & SR2.Q
    # !DIP1 & !DIP2 & SR1.Q
    # !DIP0 & !DIP2 & SR1.Q
    # !DIP1 & SR2.Q & SR1.Q
    # !DIP0 & SR2.Q & SR1.Q
    # !DIP1 & !DIP2 & !LED8.Q
    # !DIP1 & !LED8.Q & SR2.Q
    # !DIP2 & !LED8.Q & SR1.Q
    # !LED8.Q & SR2.Q & SR1.Q
    # DIP3 & !SR3.Q ; (13 pterms, 8 signals)
CA3.X2 = DIP3 & !SR3.Q ; (1 pterm, 2 signals)

COUNT0.D = COUNT3.Q & !COUNT2.Q & !COUNT1.Q & !COUNT0.Q
    # !COUNT3.Q & COUNT1.Q & !COUNT0.Q
    # !COUNT3.Q & COUNT2.Q & !COUNT0.Q ; (3 pterms, 4 signals)
COUNT0.C = SW1.Q ; (1 pterm, 1 signal)
COUNT0.AP = SW2.Q ; (1 pterm, 1 signal)

COUNT1.D = !( COUNT3.Q & COUNT2.Q
    # !COUNT1.Q & !COUNT0.Q
    # COUNT1.Q & COUNT0.Q ) ; (3 pterms, 4 signals)
COUNT1.C = SW1.Q ; (1 pterm, 1 signal)
COUNT1.AR = SW2.Q ; (1 pterm, 1 signal)

COUNT2.D = !COUNT3.Q & !COUNT2.Q & COUNT1.Q & COUNT0.Q
    # !COUNT3.Q & COUNT2.Q & !COUNT1.Q
    # !COUNT3.Q & COUNT2.Q & !COUNT0.Q ; (3 pterms, 4 signals)
COUNT2.C = SW1.Q ; (1 pterm, 1 signal)
COUNT2.AR = SW2.Q ; (1 pterm, 1 signal)

COUNT3.D = !COUNT3.Q & COUNT2.Q & COUNT1.Q & COUNT0.Q
    # COUNT3.Q & !COUNT2.Q & !COUNT1.Q
    # COUNT3.Q & !COUNT2.Q & !COUNT0.Q ; (3 pterms, 4 signals)
COUNT3.C = SW1.Q ; (1 pterm, 1 signal)
COUNT3.AR = SW2.Q ; (1 pterm, 1 signal)

DIS4a = !COUNT3.Q & !COUNT1.Q & !COUNT0.Q
    # COUNT3.Q & COUNT1.Q & COUNT0.Q
    # !COUNT3.Q & !COUNT2.Q & !COUNT1.Q
    # COUNT3.Q & COUNT2.Q ; (4 pterms, 4 signals)

DIS4b.X1 = !COUNT3.Q & !COUNT1.Q & !COUNT0.Q
    # COUNT2.Q & !COUNT1.Q & COUNT0.Q
    # COUNT3.Q & COUNT1.Q & COUNT0.Q ; (3 pterms, 4 signals)
DIS4b.X2 = COUNT2.Q & !COUNT0.Q ; (1 pterm, 2 signals)

DIS4c = !COUNT3.Q & !COUNT2.Q & !COUNT0.Q
    # COUNT3.Q & COUNT1.Q & COUNT0.Q
    # COUNT3.Q & COUNT2.Q ; (3 pterms, 4 signals)

DIS4d.X1 = !COUNT3.Q & !COUNT1.Q
    # COUNT3.Q & !COUNT2.Q & COUNT1.Q & COUNT0.Q
    # COUNT3.Q & COUNT2.Q & !COUNT0.Q ; (3 pterms, 4 signals)
DIS4d.X2 = COUNT2.Q & COUNT0.Q ; (1 pterm, 2 signals)

DIS4e = !( COUNT3.Q & !COUNT2.Q & !COUNT1.Q & !COUNT0.Q
    # !COUNT3.Q & COUNT1.Q & !COUNT0.Q ) ; (2 pterms, 4 signals)

DIS4f = COUNT1.Q & COUNT0.Q
    # !COUNT3.Q & !COUNT2.Q
    # COUNT3.Q & COUNT2.Q ; (3 pterms, 4 signals)

DIS4g = !COUNT3.Q & !COUNT2.Q & !COUNT1.Q
    # COUNT2.Q & COUNT1.Q & COUNT0.Q
    # COUNT3.Q & COUNT1.Q & COUNT0.Q
    # COUNT3.Q & COUNT2.Q ; (4 pterms, 4 signals)

LED0 = !DIP0 & LED8.Q
    # DIP0 & !LED8.Q ; (2 pterms, 2 signals)

LED1.X1 = DIP0 & LED8.Q & !SR1.Q
    # !DIP0 & SR1.Q
    # !LED8.Q & SR1.Q ; (3 pterms, 3 signals)
LED1.X2 = !DIP1 ; (1 pterm, 1 signal)

LED10.D = !SR1.Q ; (1 pterm, 1 signal)
LED10.OE = DIP7 ; (1 pterm, 1 signal)
LED10.C = SW1.Q ; (1 pterm, 1 signal)
LED10.AP = SW2.Q ; (1 pterm, 1 signal)

LED11.D = !SR2.Q ; (1 pterm, 1 signal)
LED11.OE = DIP7 ; (1 pterm, 1 signal)
LED11.C = SW1.Q ; (1 pterm, 1 signal)
LED11.AP = SW2.Q ; (1 pterm, 1 signal)

LED16 = LED3 & !CA2 & !CA3
    # !LED3 & CA2 & !CA3
    # LED3 & CA2 & CA3
    # !LED3 & !CA2 & CA3 ; (4 pterms, 3 signals)
LED16.OE = DIP7 ; (1 pterm, 1 signal)

LED17 = !( LED3 & !CA2 & !CA3 & !ZF
    # LED3 & CA2 & CA3 & !ZF
    # !LED3 & CA2 & !CA3
    # !LED3 & !CA2 & CA3 ) ; (4 pterms, 4 signals)
LED17.OE = DIP7 ; (1 pterm, 1 signal)

LED18 = !ZF ; (1 pterm, 1 signal)
LED18.OE = DIP7 ; (1 pterm, 1 signal)

LED2 = DIP2 & !CA1 & !SR2.Q
    # !DIP2 & CA1 & !SR2.Q
    # !DIP2 & !CA1 & SR2.Q
    # DIP2 & CA1 & SR2.Q ; (4 pterms, 3 signals)

LED3 = DIP3 & !CA2 & !SR3.Q
    # !DIP3 & CA2 & !SR3.Q
    # !DIP3 & !CA2 & SR3.Q
    # DIP3 & CA2 & SR3.Q ; (4 pterms, 3 signals)

LED8.D = !SR3.Q & !SR2.Q & SR1.Q
    # !LED8.Q & !SR3.Q & !SR2.Q
    # LED8.Q & SR3.Q & !SR1.Q
    # SR3.Q & SR2.Q ; (4 pterms, 4 signals)
LED8.OE = DIP7 ; (1 pterm, 1 signal)
LED8.C = SW1.Q ; (1 pterm, 1 signal)
LED8.AP = SW2.Q ; (1 pterm, 1 signal)

LED9.D = LED8.Q ; (1 pterm, 1 signal)
LED9.OE = DIP7 ; (1 pterm, 1 signal)
LED9.C = SW1.Q ; (1 pterm, 1 signal)
LED9.AP = SW2.Q ; (1 pterm, 1 signal)

SR1.D = !LED8.Q ; (1 pterm, 1 signal)
SR1.C = SW1.Q ; (1 pterm, 1 signal)
SR1.AR = SW2.Q ; (1 pterm, 1 signal)

SR2.D = SR1.Q ; (1 pterm, 1 signal)
SR2.C = SW1.Q ; (1 pterm, 1 signal)
SR2.AR = SW2.Q ; (1 pterm, 1 signal)

SR3.D = SR2.Q ; (1 pterm, 1 signal)
SR3.C = SW1.Q ; (1 pterm, 1 signal)
SR3.AR = SW2.Q ; (1 pterm, 1 signal)

SW1.D = 0 ; (0 pterm, 0 signal)
SW1.C = 0 ; (0 pterm, 0 signal)
SW1.AR = !S1_NC ; (1 pterm, 1 signal)
SW1.AP = !S1_NO ; (1 pterm, 1 signal)

SW2.D = 0 ; (0 pterm, 0 signal)
SW2.C = 0 ; (0 pterm, 0 signal)
SW2.AR = !S2_NC ; (1 pterm, 1 signal)
SW2.AP = !S2_NO ; (1 pterm, 1 signal)

ZF = !( !DIP2 & !CA1 & !SR2.Q
    # DIP2 & CA1 & !SR2.Q
    # DIP2 & !CA1 & SR2.Q
    # !DIP2 & CA1 & SR2.Q
    # DIP1 & !SR1.Q
    # !DIP1 & SR1.Q
    # DIP0 & LED8.Q
    # !DIP0 & !LED8.Q
    # !LED3 ) ; (9 pterms, 8 signals)

_dup_osc_dis = 0 ; (0 pterm, 0 signal)

osc_dis = 0 ; (0 pterm, 0 signal)




